CRITICAL - 2022-03-29 15:13:54 --> Undefined offset: 1
#0 D:\xampp\htdocs\sie-jaku\app\Controllers\Transaksi.php(63): CodeIgniter\Debug\Exceptions->errorHandler(8, 'Undefined offse...', 'D:\\xampp\\htdocs...', 63, Array)
#1 D:\xampp\htdocs\sie-jaku\vendor\codeigniter4\framework\system\CodeIgniter.php(832): App\Controllers\Transaksi->transaksi_process()
#2 D:\xampp\htdocs\sie-jaku\vendor\codeigniter4\framework\system\CodeIgniter.php(419): CodeIgniter\CodeIgniter->runController(Object(App\Controllers\Transaksi))
#3 D:\xampp\htdocs\sie-jaku\vendor\codeigniter4\framework\system\CodeIgniter.php(326): CodeIgniter\CodeIgniter->handleRequest(NULL, Object(Config\Cache), false)
#4 D:\xampp\htdocs\sie-jaku\public\index.php(37): CodeIgniter\CodeIgniter->run()
#5 {main}
CRITICAL - 2022-03-29 15:24:00 --> Undefined offset: 1
#0 D:\xampp\htdocs\sie-jaku\app\Controllers\Transaksi.php(111): CodeIgniter\Debug\Exceptions->errorHandler(8, 'Undefined offse...', 'D:\\xampp\\htdocs...', 111, Array)
#1 D:\xampp\htdocs\sie-jaku\vendor\codeigniter4\framework\system\CodeIgniter.php(832): App\Controllers\Transaksi->transaksi_process()
#2 D:\xampp\htdocs\sie-jaku\vendor\codeigniter4\framework\system\CodeIgniter.php(419): CodeIgniter\CodeIgniter->runController(Object(App\Controllers\Transaksi))
#3 D:\xampp\htdocs\sie-jaku\vendor\codeigniter4\framework\system\CodeIgniter.php(326): CodeIgniter\CodeIgniter->handleRequest(NULL, Object(Config\Cache), false)
#4 D:\xampp\htdocs\sie-jaku\public\index.php(37): CodeIgniter\CodeIgniter->run()
#5 {main}
CRITICAL - 2022-03-29 15:24:58 --> Undefined offset: 1
#0 D:\xampp\htdocs\sie-jaku\app\Controllers\Transaksi.php(111): CodeIgniter\Debug\Exceptions->errorHandler(8, 'Undefined offse...', 'D:\\xampp\\htdocs...', 111, Array)
#1 D:\xampp\htdocs\sie-jaku\vendor\codeigniter4\framework\system\CodeIgniter.php(832): App\Controllers\Transaksi->transaksi_process()
#2 D:\xampp\htdocs\sie-jaku\vendor\codeigniter4\framework\system\CodeIgniter.php(419): CodeIgniter\CodeIgniter->runController(Object(App\Controllers\Transaksi))
#3 D:\xampp\htdocs\sie-jaku\vendor\codeigniter4\framework\system\CodeIgniter.php(326): CodeIgniter\CodeIgniter->handleRequest(NULL, Object(Config\Cache), false)
#4 D:\xampp\htdocs\sie-jaku\public\index.php(37): CodeIgniter\CodeIgniter->run()
#5 {main}
CRITICAL - 2022-03-29 15:25:31 --> Undefined offset: 1
#0 D:\xampp\htdocs\sie-jaku\app\Controllers\Transaksi.php(111): CodeIgniter\Debug\Exceptions->errorHandler(8, 'Undefined offse...', 'D:\\xampp\\htdocs...', 111, Array)
#1 D:\xampp\htdocs\sie-jaku\vendor\codeigniter4\framework\system\CodeIgniter.php(832): App\Controllers\Transaksi->transaksi_process()
#2 D:\xampp\htdocs\sie-jaku\vendor\codeigniter4\framework\system\CodeIgniter.php(419): CodeIgniter\CodeIgniter->runController(Object(App\Controllers\Transaksi))
#3 D:\xampp\htdocs\sie-jaku\vendor\codeigniter4\framework\system\CodeIgniter.php(326): CodeIgniter\CodeIgniter->handleRequest(NULL, Object(Config\Cache), false)
#4 D:\xampp\htdocs\sie-jaku\public\index.php(37): CodeIgniter\CodeIgniter->run()
#5 {main}
ERROR - 2022-03-29 20:30:32 --> Incorrect table definition; there can be only one auto column and it must be defined as a key
