CRITICAL - 2022-03-24 12:37:21 --> Cannot use object of type stdClass as array
#0 D:\xampp\htdocs\sie-jaku\vendor\codeigniter4\framework\system\View\View.php(210): include()
#1 D:\xampp\htdocs\sie-jaku\vendor\codeigniter4\framework\system\View\View.php(213): CodeIgniter\View\View->CodeIgniter\View\{closure}()
#2 D:\xampp\htdocs\sie-jaku\vendor\codeigniter4\framework\system\Common.php(1089): CodeIgniter\View\View->render('v_edt_jenis_kay...', Array, true)
#3 D:\xampp\htdocs\sie-jaku\app\Controllers\Stock.php(120): view('v_edt_jenis_kay...', Array)
#4 D:\xampp\htdocs\sie-jaku\vendor\codeigniter4\framework\system\CodeIgniter.php(832): App\Controllers\Stock->edit('1')
#5 D:\xampp\htdocs\sie-jaku\vendor\codeigniter4\framework\system\CodeIgniter.php(419): CodeIgniter\CodeIgniter->runController(Object(App\Controllers\Stock))
#6 D:\xampp\htdocs\sie-jaku\vendor\codeigniter4\framework\system\CodeIgniter.php(326): CodeIgniter\CodeIgniter->handleRequest(NULL, Object(Config\Cache), false)
#7 D:\xampp\htdocs\sie-jaku\public\index.php(37): CodeIgniter\CodeIgniter->run()
#8 {main}
CRITICAL - 2022-03-24 12:37:27 --> Cannot use object of type stdClass as array
#0 D:\xampp\htdocs\sie-jaku\vendor\codeigniter4\framework\system\View\View.php(210): include()
#1 D:\xampp\htdocs\sie-jaku\vendor\codeigniter4\framework\system\View\View.php(213): CodeIgniter\View\View->CodeIgniter\View\{closure}()
#2 D:\xampp\htdocs\sie-jaku\vendor\codeigniter4\framework\system\Common.php(1089): CodeIgniter\View\View->render('v_edt_jenis_kay...', Array, true)
#3 D:\xampp\htdocs\sie-jaku\app\Controllers\Stock.php(120): view('v_edt_jenis_kay...', Array)
#4 D:\xampp\htdocs\sie-jaku\vendor\codeigniter4\framework\system\CodeIgniter.php(832): App\Controllers\Stock->edit('1')
#5 D:\xampp\htdocs\sie-jaku\vendor\codeigniter4\framework\system\CodeIgniter.php(419): CodeIgniter\CodeIgniter->runController(Object(App\Controllers\Stock))
#6 D:\xampp\htdocs\sie-jaku\vendor\codeigniter4\framework\system\CodeIgniter.php(326): CodeIgniter\CodeIgniter->handleRequest(NULL, Object(Config\Cache), false)
#7 D:\xampp\htdocs\sie-jaku\public\index.php(37): CodeIgniter\CodeIgniter->run()
#8 {main}
CRITICAL - 2022-03-24 12:37:37 --> Cannot use object of type stdClass as array
#0 D:\xampp\htdocs\sie-jaku\vendor\codeigniter4\framework\system\View\View.php(210): include()
#1 D:\xampp\htdocs\sie-jaku\vendor\codeigniter4\framework\system\View\View.php(213): CodeIgniter\View\View->CodeIgniter\View\{closure}()
#2 D:\xampp\htdocs\sie-jaku\vendor\codeigniter4\framework\system\Common.php(1089): CodeIgniter\View\View->render('v_edt_jenis_kay...', Array, true)
#3 D:\xampp\htdocs\sie-jaku\app\Controllers\Stock.php(120): view('v_edt_jenis_kay...', Array)
#4 D:\xampp\htdocs\sie-jaku\vendor\codeigniter4\framework\system\CodeIgniter.php(832): App\Controllers\Stock->edit('1')
#5 D:\xampp\htdocs\sie-jaku\vendor\codeigniter4\framework\system\CodeIgniter.php(419): CodeIgniter\CodeIgniter->runController(Object(App\Controllers\Stock))
#6 D:\xampp\htdocs\sie-jaku\vendor\codeigniter4\framework\system\CodeIgniter.php(326): CodeIgniter\CodeIgniter->handleRequest(NULL, Object(Config\Cache), false)
#7 D:\xampp\htdocs\sie-jaku\public\index.php(37): CodeIgniter\CodeIgniter->run()
#8 {main}
CRITICAL - 2022-03-24 12:39:03 --> Undefined variable: data
#0 D:\xampp\htdocs\sie-jaku\app\Views\v_edt_jenis_kayu.php(52): CodeIgniter\Debug\Exceptions->errorHandler(8, 'Undefined varia...', 'D:\\xampp\\htdocs...', 52, Array)
#1 D:\xampp\htdocs\sie-jaku\vendor\codeigniter4\framework\system\View\View.php(210): include('D:\\xampp\\htdocs...')
#2 D:\xampp\htdocs\sie-jaku\vendor\codeigniter4\framework\system\View\View.php(213): CodeIgniter\View\View->CodeIgniter\View\{closure}()
#3 D:\xampp\htdocs\sie-jaku\vendor\codeigniter4\framework\system\Common.php(1089): CodeIgniter\View\View->render('v_edt_jenis_kay...', Array, true)
#4 D:\xampp\htdocs\sie-jaku\app\Controllers\Stock.php(120): view('v_edt_jenis_kay...', Array)
#5 D:\xampp\htdocs\sie-jaku\vendor\codeigniter4\framework\system\CodeIgniter.php(832): App\Controllers\Stock->edit('1')
#6 D:\xampp\htdocs\sie-jaku\vendor\codeigniter4\framework\system\CodeIgniter.php(419): CodeIgniter\CodeIgniter->runController(Object(App\Controllers\Stock))
#7 D:\xampp\htdocs\sie-jaku\vendor\codeigniter4\framework\system\CodeIgniter.php(326): CodeIgniter\CodeIgniter->handleRequest(NULL, Object(Config\Cache), false)
#8 D:\xampp\htdocs\sie-jaku\public\index.php(37): CodeIgniter\CodeIgniter->run()
#9 {main}
CRITICAL - 2022-03-24 12:39:19 --> Cannot use object of type stdClass as array
#0 D:\xampp\htdocs\sie-jaku\vendor\codeigniter4\framework\system\View\View.php(210): include()
#1 D:\xampp\htdocs\sie-jaku\vendor\codeigniter4\framework\system\View\View.php(213): CodeIgniter\View\View->CodeIgniter\View\{closure}()
#2 D:\xampp\htdocs\sie-jaku\vendor\codeigniter4\framework\system\Common.php(1089): CodeIgniter\View\View->render('v_edt_jenis_kay...', Array, true)
#3 D:\xampp\htdocs\sie-jaku\app\Controllers\Stock.php(120): view('v_edt_jenis_kay...', Array)
#4 D:\xampp\htdocs\sie-jaku\vendor\codeigniter4\framework\system\CodeIgniter.php(832): App\Controllers\Stock->edit('1')
#5 D:\xampp\htdocs\sie-jaku\vendor\codeigniter4\framework\system\CodeIgniter.php(419): CodeIgniter\CodeIgniter->runController(Object(App\Controllers\Stock))
#6 D:\xampp\htdocs\sie-jaku\vendor\codeigniter4\framework\system\CodeIgniter.php(326): CodeIgniter\CodeIgniter->handleRequest(NULL, Object(Config\Cache), false)
#7 D:\xampp\htdocs\sie-jaku\public\index.php(37): CodeIgniter\CodeIgniter->run()
#8 {main}
CRITICAL - 2022-03-24 12:39:19 --> Cannot use object of type stdClass as array
#0 D:\xampp\htdocs\sie-jaku\vendor\codeigniter4\framework\system\View\View.php(210): include()
#1 D:\xampp\htdocs\sie-jaku\vendor\codeigniter4\framework\system\View\View.php(213): CodeIgniter\View\View->CodeIgniter\View\{closure}()
#2 D:\xampp\htdocs\sie-jaku\vendor\codeigniter4\framework\system\Common.php(1089): CodeIgniter\View\View->render('v_edt_jenis_kay...', Array, true)
#3 D:\xampp\htdocs\sie-jaku\app\Controllers\Stock.php(120): view('v_edt_jenis_kay...', Array)
#4 D:\xampp\htdocs\sie-jaku\vendor\codeigniter4\framework\system\CodeIgniter.php(832): App\Controllers\Stock->edit('1')
#5 D:\xampp\htdocs\sie-jaku\vendor\codeigniter4\framework\system\CodeIgniter.php(419): CodeIgniter\CodeIgniter->runController(Object(App\Controllers\Stock))
#6 D:\xampp\htdocs\sie-jaku\vendor\codeigniter4\framework\system\CodeIgniter.php(326): CodeIgniter\CodeIgniter->handleRequest(NULL, Object(Config\Cache), false)
#7 D:\xampp\htdocs\sie-jaku\public\index.php(37): CodeIgniter\CodeIgniter->run()
#8 {main}
CRITICAL - 2022-03-24 12:39:20 --> Cannot use object of type stdClass as array
#0 D:\xampp\htdocs\sie-jaku\vendor\codeigniter4\framework\system\View\View.php(210): include()
#1 D:\xampp\htdocs\sie-jaku\vendor\codeigniter4\framework\system\View\View.php(213): CodeIgniter\View\View->CodeIgniter\View\{closure}()
#2 D:\xampp\htdocs\sie-jaku\vendor\codeigniter4\framework\system\Common.php(1089): CodeIgniter\View\View->render('v_edt_jenis_kay...', Array, true)
#3 D:\xampp\htdocs\sie-jaku\app\Controllers\Stock.php(120): view('v_edt_jenis_kay...', Array)
#4 D:\xampp\htdocs\sie-jaku\vendor\codeigniter4\framework\system\CodeIgniter.php(832): App\Controllers\Stock->edit('1')
#5 D:\xampp\htdocs\sie-jaku\vendor\codeigniter4\framework\system\CodeIgniter.php(419): CodeIgniter\CodeIgniter->runController(Object(App\Controllers\Stock))
#6 D:\xampp\htdocs\sie-jaku\vendor\codeigniter4\framework\system\CodeIgniter.php(326): CodeIgniter\CodeIgniter->handleRequest(NULL, Object(Config\Cache), false)
#7 D:\xampp\htdocs\sie-jaku\public\index.php(37): CodeIgniter\CodeIgniter->run()
#8 {main}
CRITICAL - 2022-03-24 12:43:20 --> Trying to get property 'id_jenis_kayu' of non-object
#0 D:\xampp\htdocs\sie-jaku\app\Views\v_edt_jenis_kayu.php(51): CodeIgniter\Debug\Exceptions->errorHandler(8, 'Trying to get p...', 'D:\\xampp\\htdocs...', 51, Array)
#1 D:\xampp\htdocs\sie-jaku\vendor\codeigniter4\framework\system\View\View.php(210): include('D:\\xampp\\htdocs...')
#2 D:\xampp\htdocs\sie-jaku\vendor\codeigniter4\framework\system\View\View.php(213): CodeIgniter\View\View->CodeIgniter\View\{closure}()
#3 D:\xampp\htdocs\sie-jaku\vendor\codeigniter4\framework\system\Common.php(1089): CodeIgniter\View\View->render('v_edt_jenis_kay...', Array, true)
#4 D:\xampp\htdocs\sie-jaku\app\Controllers\Stock.php(120): view('v_edt_jenis_kay...', Array)
#5 D:\xampp\htdocs\sie-jaku\vendor\codeigniter4\framework\system\CodeIgniter.php(832): App\Controllers\Stock->edit('e', '5')
#6 D:\xampp\htdocs\sie-jaku\vendor\codeigniter4\framework\system\CodeIgniter.php(419): CodeIgniter\CodeIgniter->runController(Object(App\Controllers\Stock))
#7 D:\xampp\htdocs\sie-jaku\vendor\codeigniter4\framework\system\CodeIgniter.php(326): CodeIgniter\CodeIgniter->handleRequest(NULL, Object(Config\Cache), false)
#8 D:\xampp\htdocs\sie-jaku\public\index.php(37): CodeIgniter\CodeIgniter->run()
#9 {main}
CRITICAL - 2022-03-24 12:43:29 --> Trying to get property 'id_jenis_kayu' of non-object
#0 D:\xampp\htdocs\sie-jaku\app\Views\v_edt_jenis_kayu.php(51): CodeIgniter\Debug\Exceptions->errorHandler(8, 'Trying to get p...', 'D:\\xampp\\htdocs...', 51, Array)
#1 D:\xampp\htdocs\sie-jaku\vendor\codeigniter4\framework\system\View\View.php(210): include('D:\\xampp\\htdocs...')
#2 D:\xampp\htdocs\sie-jaku\vendor\codeigniter4\framework\system\View\View.php(213): CodeIgniter\View\View->CodeIgniter\View\{closure}()
#3 D:\xampp\htdocs\sie-jaku\vendor\codeigniter4\framework\system\Common.php(1089): CodeIgniter\View\View->render('v_edt_jenis_kay...', Array, true)
#4 D:\xampp\htdocs\sie-jaku\app\Controllers\Stock.php(120): view('v_edt_jenis_kay...', Array)
#5 D:\xampp\htdocs\sie-jaku\vendor\codeigniter4\framework\system\CodeIgniter.php(832): App\Controllers\Stock->edit('e', '5')
#6 D:\xampp\htdocs\sie-jaku\vendor\codeigniter4\framework\system\CodeIgniter.php(419): CodeIgniter\CodeIgniter->runController(Object(App\Controllers\Stock))
#7 D:\xampp\htdocs\sie-jaku\vendor\codeigniter4\framework\system\CodeIgniter.php(326): CodeIgniter\CodeIgniter->handleRequest(NULL, Object(Config\Cache), false)
#8 D:\xampp\htdocs\sie-jaku\public\index.php(37): CodeIgniter\CodeIgniter->run()
#9 {main}
CRITICAL - 2022-03-24 12:43:47 --> Trying to get property 'nama_jenis_kayu' of non-object
#0 D:\xampp\htdocs\sie-jaku\app\Views\v_edt_jenis_kayu.php(57): CodeIgniter\Debug\Exceptions->errorHandler(8, 'Trying to get p...', 'D:\\xampp\\htdocs...', 57, Array)
#1 D:\xampp\htdocs\sie-jaku\vendor\codeigniter4\framework\system\View\View.php(210): include('D:\\xampp\\htdocs...')
#2 D:\xampp\htdocs\sie-jaku\vendor\codeigniter4\framework\system\View\View.php(213): CodeIgniter\View\View->CodeIgniter\View\{closure}()
#3 D:\xampp\htdocs\sie-jaku\vendor\codeigniter4\framework\system\Common.php(1089): CodeIgniter\View\View->render('v_edt_jenis_kay...', Array, true)
#4 D:\xampp\htdocs\sie-jaku\app\Controllers\Stock.php(120): view('v_edt_jenis_kay...', Array)
#5 D:\xampp\htdocs\sie-jaku\vendor\codeigniter4\framework\system\CodeIgniter.php(832): App\Controllers\Stock->edit('e', '5')
#6 D:\xampp\htdocs\sie-jaku\vendor\codeigniter4\framework\system\CodeIgniter.php(419): CodeIgniter\CodeIgniter->runController(Object(App\Controllers\Stock))
#7 D:\xampp\htdocs\sie-jaku\vendor\codeigniter4\framework\system\CodeIgniter.php(326): CodeIgniter\CodeIgniter->handleRequest(NULL, Object(Config\Cache), false)
#8 D:\xampp\htdocs\sie-jaku\public\index.php(37): CodeIgniter\CodeIgniter->run()
#9 {main}
CRITICAL - 2022-03-24 12:45:23 --> Cannot use object of type stdClass as array
#0 D:\xampp\htdocs\sie-jaku\vendor\codeigniter4\framework\system\View\View.php(210): include()
#1 D:\xampp\htdocs\sie-jaku\vendor\codeigniter4\framework\system\View\View.php(213): CodeIgniter\View\View->CodeIgniter\View\{closure}()
#2 D:\xampp\htdocs\sie-jaku\vendor\codeigniter4\framework\system\Common.php(1089): CodeIgniter\View\View->render('v_edt_jenis_kay...', Array, true)
#3 D:\xampp\htdocs\sie-jaku\app\Controllers\Stock.php(120): view('v_edt_jenis_kay...', Array)
#4 D:\xampp\htdocs\sie-jaku\vendor\codeigniter4\framework\system\CodeIgniter.php(832): App\Controllers\Stock->edit('4')
#5 D:\xampp\htdocs\sie-jaku\vendor\codeigniter4\framework\system\CodeIgniter.php(419): CodeIgniter\CodeIgniter->runController(Object(App\Controllers\Stock))
#6 D:\xampp\htdocs\sie-jaku\vendor\codeigniter4\framework\system\CodeIgniter.php(326): CodeIgniter\CodeIgniter->handleRequest(NULL, Object(Config\Cache), false)
#7 D:\xampp\htdocs\sie-jaku\public\index.php(37): CodeIgniter\CodeIgniter->run()
#8 {main}
CRITICAL - 2022-03-24 12:45:57 --> print_r() expects at least 1 parameter, 0 given
#0 [internal function]: CodeIgniter\Debug\Exceptions->errorHandler(2, 'print_r() expec...', 'D:\\xampp\\htdocs...', 52, Array)
#1 D:\xampp\htdocs\sie-jaku\app\Views\v_edt_jenis_kayu.php(52): print_r()
#2 D:\xampp\htdocs\sie-jaku\vendor\codeigniter4\framework\system\View\View.php(210): include('D:\\xampp\\htdocs...')
#3 D:\xampp\htdocs\sie-jaku\vendor\codeigniter4\framework\system\View\View.php(213): CodeIgniter\View\View->CodeIgniter\View\{closure}()
#4 D:\xampp\htdocs\sie-jaku\vendor\codeigniter4\framework\system\Common.php(1089): CodeIgniter\View\View->render('v_edt_jenis_kay...', Array, true)
#5 D:\xampp\htdocs\sie-jaku\app\Controllers\Stock.php(120): view('v_edt_jenis_kay...', Array)
#6 D:\xampp\htdocs\sie-jaku\vendor\codeigniter4\framework\system\CodeIgniter.php(832): App\Controllers\Stock->edit('4')
#7 D:\xampp\htdocs\sie-jaku\vendor\codeigniter4\framework\system\CodeIgniter.php(419): CodeIgniter\CodeIgniter->runController(Object(App\Controllers\Stock))
#8 D:\xampp\htdocs\sie-jaku\vendor\codeigniter4\framework\system\CodeIgniter.php(326): CodeIgniter\CodeIgniter->handleRequest(NULL, Object(Config\Cache), false)
#9 D:\xampp\htdocs\sie-jaku\public\index.php(37): CodeIgniter\CodeIgniter->run()
#10 {main}
CRITICAL - 2022-03-24 12:46:10 --> Trying to get property 'id_jenis_kayu' of non-object
#0 D:\xampp\htdocs\sie-jaku\app\Views\v_edt_jenis_kayu.php(53): CodeIgniter\Debug\Exceptions->errorHandler(8, 'Trying to get p...', 'D:\\xampp\\htdocs...', 53, Array)
#1 D:\xampp\htdocs\sie-jaku\vendor\codeigniter4\framework\system\View\View.php(210): include('D:\\xampp\\htdocs...')
#2 D:\xampp\htdocs\sie-jaku\vendor\codeigniter4\framework\system\View\View.php(213): CodeIgniter\View\View->CodeIgniter\View\{closure}()
#3 D:\xampp\htdocs\sie-jaku\vendor\codeigniter4\framework\system\Common.php(1089): CodeIgniter\View\View->render('v_edt_jenis_kay...', Array, true)
#4 D:\xampp\htdocs\sie-jaku\app\Controllers\Stock.php(120): view('v_edt_jenis_kay...', Array)
#5 D:\xampp\htdocs\sie-jaku\vendor\codeigniter4\framework\system\CodeIgniter.php(832): App\Controllers\Stock->edit('e', '4')
#6 D:\xampp\htdocs\sie-jaku\vendor\codeigniter4\framework\system\CodeIgniter.php(419): CodeIgniter\CodeIgniter->runController(Object(App\Controllers\Stock))
#7 D:\xampp\htdocs\sie-jaku\vendor\codeigniter4\framework\system\CodeIgniter.php(326): CodeIgniter\CodeIgniter->handleRequest(NULL, Object(Config\Cache), false)
#8 D:\xampp\htdocs\sie-jaku\public\index.php(37): CodeIgniter\CodeIgniter->run()
#9 {main}
CRITICAL - 2022-03-24 12:49:39 --> Undefined variable: users
#0 D:\xampp\htdocs\sie-jaku\app\Controllers\Stock.php(150): CodeIgniter\Debug\Exceptions->errorHandler(8, 'Undefined varia...', 'D:\\xampp\\htdocs...', 150, Array)
#1 D:\xampp\htdocs\sie-jaku\vendor\codeigniter4\framework\system\CodeIgniter.php(832): App\Controllers\Stock->editproses('1')
#2 D:\xampp\htdocs\sie-jaku\vendor\codeigniter4\framework\system\CodeIgniter.php(419): CodeIgniter\CodeIgniter->runController(Object(App\Controllers\Stock))
#3 D:\xampp\htdocs\sie-jaku\vendor\codeigniter4\framework\system\CodeIgniter.php(326): CodeIgniter\CodeIgniter->handleRequest(NULL, Object(Config\Cache), false)
#4 D:\xampp\htdocs\sie-jaku\public\index.php(37): CodeIgniter\CodeIgniter->run()
#5 {main}
