CRITICAL - 2022-08-02 14:58:04 --> Call to undefined method App\Models\CustomerModel::getlikeall
in SYSTEMPATH\Model.php on line 773.
 1 APPPATH\Controllers\Home.php(67): CodeIgniter\Model->__call('getlikeall', [...])
 2 SYSTEMPATH\CodeIgniter.php(896): App\Controllers\Home->index()
 3 SYSTEMPATH\CodeIgniter.php(466): CodeIgniter\CodeIgniter->runController(Object(App\Controllers\Home))
 4 SYSTEMPATH\CodeIgniter.php(349): CodeIgniter\CodeIgniter->handleRequest(null, Object(Config\Cache), false)
 5 FCPATH\index.php(55): CodeIgniter\CodeIgniter->run()
CRITICAL - 2022-08-02 14:58:09 --> Call to undefined method App\Models\CustomerModel::getlikeall
in SYSTEMPATH\Model.php on line 773.
 1 APPPATH\Controllers\Home.php(67): CodeIgniter\Model->__call('getlikeall', [...])
 2 SYSTEMPATH\CodeIgniter.php(896): App\Controllers\Home->index()
 3 SYSTEMPATH\CodeIgniter.php(466): CodeIgniter\CodeIgniter->runController(Object(App\Controllers\Home))
 4 SYSTEMPATH\CodeIgniter.php(349): CodeIgniter\CodeIgniter->handleRequest(null, Object(Config\Cache), false)
 5 FCPATH\index.php(55): CodeIgniter\CodeIgniter->run()
ERROR - 2022-08-02 15:43:35 --> Unknown column 'nama_jenis_kayu' in 'field list'
CRITICAL - 2022-08-02 16:09:16 --> Undefined variable $old
in APPPATH\Views\home.php on line 49.
 1 APPPATH\Views\home.php(49): CodeIgniter\Debug\Exceptions->errorHandler(2, 'Undefined variable $old', 'APPPATH\\Views\\home.php', 49)
 2 SYSTEMPATH\View\View.php(213): include('APPPATH\\Views\\home.php')
 3 SYSTEMPATH\View\View.php(216): CodeIgniter\View\View->CodeIgniter\View\{closure}()
 4 SYSTEMPATH\Common.php(1135): CodeIgniter\View\View->render('home', [], true)
 5 APPPATH\Controllers\Home.php(150): view('home', [...])
 6 SYSTEMPATH\CodeIgniter.php(896): App\Controllers\Home->index()
 7 SYSTEMPATH\CodeIgniter.php(466): CodeIgniter\CodeIgniter->runController(Object(App\Controllers\Home))
 8 SYSTEMPATH\CodeIgniter.php(349): CodeIgniter\CodeIgniter->handleRequest(null, Object(Config\Cache), false)
 9 FCPATH\index.php(55): CodeIgniter\CodeIgniter->run()
CRITICAL - 2022-08-02 16:20:37 --> Undefined variable $variable
in APPPATH\Views\home.php on line 48.
 1 APPPATH\Views\home.php(48): CodeIgniter\Debug\Exceptions->errorHandler(2, 'Undefined variable $variable', 'APPPATH\\Views\\home.php', 48)
 2 SYSTEMPATH\View\View.php(213): include('APPPATH\\Views\\home.php')
 3 SYSTEMPATH\View\View.php(216): CodeIgniter\View\View->CodeIgniter\View\{closure}()
 4 SYSTEMPATH\Common.php(1135): CodeIgniter\View\View->render('home', [], true)
 5 APPPATH\Controllers\Home.php(150): view('home', [...])
 6 SYSTEMPATH\CodeIgniter.php(896): App\Controllers\Home->index()
 7 SYSTEMPATH\CodeIgniter.php(466): CodeIgniter\CodeIgniter->runController(Object(App\Controllers\Home))
 8 SYSTEMPATH\CodeIgniter.php(349): CodeIgniter\CodeIgniter->handleRequest(null, Object(Config\Cache), false)
 9 FCPATH\index.php(55): CodeIgniter\CodeIgniter->run()
CRITICAL - 2022-08-02 16:49:16 --> Undefined variable $gettahun
in APPPATH\Views\home.php on line 60.
 1 APPPATH\Views\home.php(60): CodeIgniter\Debug\Exceptions->errorHandler(2, 'Undefined variable $gettahun', 'APPPATH\\Views\\home.php', 60)
 2 SYSTEMPATH\View\View.php(213): include('APPPATH\\Views\\home.php')
 3 SYSTEMPATH\View\View.php(216): CodeIgniter\View\View->CodeIgniter\View\{closure}()
 4 SYSTEMPATH\Common.php(1135): CodeIgniter\View\View->render('home', [], true)
 5 APPPATH\Controllers\Home.php(166): view('home', [...])
 6 SYSTEMPATH\CodeIgniter.php(896): App\Controllers\Home->index()
 7 SYSTEMPATH\CodeIgniter.php(466): CodeIgniter\CodeIgniter->runController(Object(App\Controllers\Home))
 8 SYSTEMPATH\CodeIgniter.php(349): CodeIgniter\CodeIgniter->handleRequest(null, Object(Config\Cache), false)
 9 FCPATH\index.php(55): CodeIgniter\CodeIgniter->run()
CRITICAL - 2022-08-02 16:49:41 --> Undefined variable $gettahun
in APPPATH\Views\home.php on line 60.
 1 APPPATH\Views\home.php(60): CodeIgniter\Debug\Exceptions->errorHandler(2, 'Undefined variable $gettahun', 'APPPATH\\Views\\home.php', 60)
 2 SYSTEMPATH\View\View.php(213): include('APPPATH\\Views\\home.php')
 3 SYSTEMPATH\View\View.php(216): CodeIgniter\View\View->CodeIgniter\View\{closure}()
 4 SYSTEMPATH\Common.php(1135): CodeIgniter\View\View->render('home', [], true)
 5 APPPATH\Controllers\Home.php(166): view('home', [...])
 6 SYSTEMPATH\CodeIgniter.php(896): App\Controllers\Home->index()
 7 SYSTEMPATH\CodeIgniter.php(466): CodeIgniter\CodeIgniter->runController(Object(App\Controllers\Home))
 8 SYSTEMPATH\CodeIgniter.php(349): CodeIgniter\CodeIgniter->handleRequest(null, Object(Config\Cache), false)
 9 FCPATH\index.php(55): CodeIgniter\CodeIgniter->run()
CRITICAL - 2022-08-02 16:49:43 --> Undefined variable $gettahun
in APPPATH\Views\home.php on line 60.
 1 APPPATH\Views\home.php(60): CodeIgniter\Debug\Exceptions->errorHandler(2, 'Undefined variable $gettahun', 'APPPATH\\Views\\home.php', 60)
 2 SYSTEMPATH\View\View.php(213): include('APPPATH\\Views\\home.php')
 3 SYSTEMPATH\View\View.php(216): CodeIgniter\View\View->CodeIgniter\View\{closure}()
 4 SYSTEMPATH\Common.php(1135): CodeIgniter\View\View->render('home', [], true)
 5 APPPATH\Controllers\Home.php(166): view('home', [...])
 6 SYSTEMPATH\CodeIgniter.php(896): App\Controllers\Home->index()
 7 SYSTEMPATH\CodeIgniter.php(466): CodeIgniter\CodeIgniter->runController(Object(App\Controllers\Home))
 8 SYSTEMPATH\CodeIgniter.php(349): CodeIgniter\CodeIgniter->handleRequest(null, Object(Config\Cache), false)
 9 FCPATH\index.php(55): CodeIgniter\CodeIgniter->run()
CRITICAL - 2022-08-02 16:49:57 --> syntax error, unexpected token ";"
in APPPATH\Views\home.php on line 60.
 1 SYSTEMPATH\View\View.php(216): CodeIgniter\View\View->CodeIgniter\View\{closure}()
 2 SYSTEMPATH\Common.php(1135): CodeIgniter\View\View->render('home', [], true)
 3 APPPATH\Controllers\Home.php(166): view('home', [...])
 4 SYSTEMPATH\CodeIgniter.php(896): App\Controllers\Home->index()
 5 SYSTEMPATH\CodeIgniter.php(466): CodeIgniter\CodeIgniter->runController(Object(App\Controllers\Home))
 6 SYSTEMPATH\CodeIgniter.php(349): CodeIgniter\CodeIgniter->handleRequest(null, Object(Config\Cache), false)
 7 FCPATH\index.php(55): CodeIgniter\CodeIgniter->run()
CRITICAL - 2022-08-02 16:50:21 --> Undefined variable $getcountcostumer
in APPPATH\Views\home.php on line 116.
 1 APPPATH\Views\home.php(116): CodeIgniter\Debug\Exceptions->errorHandler(2, 'Undefined variable $getcountcostumer', 'APPPATH\\Views\\home.php', 116)
 2 SYSTEMPATH\View\View.php(213): include('APPPATH\\Views\\home.php')
 3 SYSTEMPATH\View\View.php(216): CodeIgniter\View\View->CodeIgniter\View\{closure}()
 4 SYSTEMPATH\Common.php(1135): CodeIgniter\View\View->render('home', [], true)
 5 APPPATH\Controllers\Home.php(166): view('home', [...])
 6 SYSTEMPATH\CodeIgniter.php(896): App\Controllers\Home->index()
 7 SYSTEMPATH\CodeIgniter.php(466): CodeIgniter\CodeIgniter->runController(Object(App\Controllers\Home))
 8 SYSTEMPATH\CodeIgniter.php(349): CodeIgniter\CodeIgniter->handleRequest(null, Object(Config\Cache), false)
 9 FCPATH\index.php(55): CodeIgniter\CodeIgniter->run()
CRITICAL - 2022-08-02 16:50:32 --> Undefined variable $presenstock
in APPPATH\Views\home.php on line 133.
 1 APPPATH\Views\home.php(133): CodeIgniter\Debug\Exceptions->errorHandler(2, 'Undefined variable $presenstock', 'APPPATH\\Views\\home.php', 133)
 2 SYSTEMPATH\View\View.php(213): include('APPPATH\\Views\\home.php')
 3 SYSTEMPATH\View\View.php(216): CodeIgniter\View\View->CodeIgniter\View\{closure}()
 4 SYSTEMPATH\Common.php(1135): CodeIgniter\View\View->render('home', [], true)
 5 APPPATH\Controllers\Home.php(166): view('home', [...])
 6 SYSTEMPATH\CodeIgniter.php(896): App\Controllers\Home->index()
 7 SYSTEMPATH\CodeIgniter.php(466): CodeIgniter\CodeIgniter->runController(Object(App\Controllers\Home))
 8 SYSTEMPATH\CodeIgniter.php(349): CodeIgniter\CodeIgniter->handleRequest(null, Object(Config\Cache), false)
 9 FCPATH\index.php(55): CodeIgniter\CodeIgniter->run()
CRITICAL - 2022-08-02 16:50:43 --> Undefined variable $presenstock
in APPPATH\Views\home.php on line 135.
 1 APPPATH\Views\home.php(135): CodeIgniter\Debug\Exceptions->errorHandler(2, 'Undefined variable $presenstock', 'APPPATH\\Views\\home.php', 135)
 2 SYSTEMPATH\View\View.php(213): include('APPPATH\\Views\\home.php')
 3 SYSTEMPATH\View\View.php(216): CodeIgniter\View\View->CodeIgniter\View\{closure}()
 4 SYSTEMPATH\Common.php(1135): CodeIgniter\View\View->render('home', [], true)
 5 APPPATH\Controllers\Home.php(166): view('home', [...])
 6 SYSTEMPATH\CodeIgniter.php(896): App\Controllers\Home->index()
 7 SYSTEMPATH\CodeIgniter.php(466): CodeIgniter\CodeIgniter->runController(Object(App\Controllers\Home))
 8 SYSTEMPATH\CodeIgniter.php(349): CodeIgniter\CodeIgniter->handleRequest(null, Object(Config\Cache), false)
 9 FCPATH\index.php(55): CodeIgniter\CodeIgniter->run()
CRITICAL - 2022-08-02 16:50:50 --> Undefined variable $getbulan
in APPPATH\Views\section\footer.php on line 218.
 1 APPPATH\Views\section\footer.php(218): CodeIgniter\Debug\Exceptions->errorHandler(2, 'Undefined variable $getbulan', 'APPPATH\\Views\\section\\footer.php', 218)
 2 SYSTEMPATH\View\View.php(213): include('APPPATH\\Views\\section\\footer.php')
 3 SYSTEMPATH\View\View.php(216): CodeIgniter\View\View->CodeIgniter\View\{closure}()
 4 SYSTEMPATH\Common.php(1135): CodeIgniter\View\View->render('section/footer', [], true)
 5 APPPATH\Controllers\Home.php(167): view('section/footer', [...])
 6 SYSTEMPATH\CodeIgniter.php(896): App\Controllers\Home->index()
 7 SYSTEMPATH\CodeIgniter.php(466): CodeIgniter\CodeIgniter->runController(Object(App\Controllers\Home))
 8 SYSTEMPATH\CodeIgniter.php(349): CodeIgniter\CodeIgniter->handleRequest(null, Object(Config\Cache), false)
 9 FCPATH\index.php(55): CodeIgniter\CodeIgniter->run()
CRITICAL - 2022-08-02 16:50:54 --> Undefined variable $getbulan
in APPPATH\Views\section\footer.php on line 218.
 1 APPPATH\Views\section\footer.php(218): CodeIgniter\Debug\Exceptions->errorHandler(2, 'Undefined variable $getbulan', 'APPPATH\\Views\\section\\footer.php', 218)
 2 SYSTEMPATH\View\View.php(213): include('APPPATH\\Views\\section\\footer.php')
 3 SYSTEMPATH\View\View.php(216): CodeIgniter\View\View->CodeIgniter\View\{closure}()
 4 SYSTEMPATH\Common.php(1135): CodeIgniter\View\View->render('section/footer', [], true)
 5 APPPATH\Controllers\Home.php(167): view('section/footer', [...])
 6 SYSTEMPATH\CodeIgniter.php(896): App\Controllers\Home->index()
 7 SYSTEMPATH\CodeIgniter.php(466): CodeIgniter\CodeIgniter->runController(Object(App\Controllers\Home))
 8 SYSTEMPATH\CodeIgniter.php(349): CodeIgniter\CodeIgniter->handleRequest(null, Object(Config\Cache), false)
 9 FCPATH\index.php(55): CodeIgniter\CodeIgniter->run()
CRITICAL - 2022-08-02 16:51:08 --> Undefined variable $getbulan
in APPPATH\Views\section\footer.php on line 218.
 1 APPPATH\Views\section\footer.php(218): CodeIgniter\Debug\Exceptions->errorHandler(2, 'Undefined variable $getbulan', 'APPPATH\\Views\\section\\footer.php', 218)
 2 SYSTEMPATH\View\View.php(213): include('APPPATH\\Views\\section\\footer.php')
 3 SYSTEMPATH\View\View.php(216): CodeIgniter\View\View->CodeIgniter\View\{closure}()
 4 SYSTEMPATH\Common.php(1135): CodeIgniter\View\View->render('section/footer', [], true)
 5 APPPATH\Controllers\Home.php(167): view('section/footer', [...])
 6 SYSTEMPATH\CodeIgniter.php(896): App\Controllers\Home->index()
 7 SYSTEMPATH\CodeIgniter.php(466): CodeIgniter\CodeIgniter->runController(Object(App\Controllers\Home))
 8 SYSTEMPATH\CodeIgniter.php(349): CodeIgniter\CodeIgniter->handleRequest(null, Object(Config\Cache), false)
 9 FCPATH\index.php(55): CodeIgniter\CodeIgniter->run()
CRITICAL - 2022-08-02 16:51:16 --> Undefined variable $getbulan
in APPPATH\Views\section\footer.php on line 218.
 1 APPPATH\Views\section\footer.php(218): CodeIgniter\Debug\Exceptions->errorHandler(2, 'Undefined variable $getbulan', 'APPPATH\\Views\\section\\footer.php', 218)
 2 SYSTEMPATH\View\View.php(213): include('APPPATH\\Views\\section\\footer.php')
 3 SYSTEMPATH\View\View.php(216): CodeIgniter\View\View->CodeIgniter\View\{closure}()
 4 SYSTEMPATH\Common.php(1135): CodeIgniter\View\View->render('section/footer', [], true)
 5 APPPATH\Controllers\Home.php(167): view('section/footer', [...])
 6 SYSTEMPATH\CodeIgniter.php(896): App\Controllers\Home->index()
 7 SYSTEMPATH\CodeIgniter.php(466): CodeIgniter\CodeIgniter->runController(Object(App\Controllers\Home))
 8 SYSTEMPATH\CodeIgniter.php(349): CodeIgniter\CodeIgniter->handleRequest(null, Object(Config\Cache), false)
 9 FCPATH\index.php(55): CodeIgniter\CodeIgniter->run()
CRITICAL - 2022-08-02 16:51:22 --> Undefined variable $getbulan
in APPPATH\Views\section\footer.php on line 218.
 1 APPPATH\Views\section\footer.php(218): CodeIgniter\Debug\Exceptions->errorHandler(2, 'Undefined variable $getbulan', 'APPPATH\\Views\\section\\footer.php', 218)
 2 SYSTEMPATH\View\View.php(213): include('APPPATH\\Views\\section\\footer.php')
 3 SYSTEMPATH\View\View.php(216): CodeIgniter\View\View->CodeIgniter\View\{closure}()
 4 SYSTEMPATH\Common.php(1135): CodeIgniter\View\View->render('section/footer', [], true)
 5 APPPATH\Controllers\Home.php(167): view('section/footer', [...])
 6 SYSTEMPATH\CodeIgniter.php(896): App\Controllers\Home->index()
 7 SYSTEMPATH\CodeIgniter.php(466): CodeIgniter\CodeIgniter->runController(Object(App\Controllers\Home))
 8 SYSTEMPATH\CodeIgniter.php(349): CodeIgniter\CodeIgniter->handleRequest(null, Object(Config\Cache), false)
 9 FCPATH\index.php(55): CodeIgniter\CodeIgniter->run()
CRITICAL - 2022-08-02 16:51:58 --> Undefined variable $getbulan
in APPPATH\Views\section\footer.php on line 218.
 1 APPPATH\Views\section\footer.php(218): CodeIgniter\Debug\Exceptions->errorHandler(2, 'Undefined variable $getbulan', 'APPPATH\\Views\\section\\footer.php', 218)
 2 SYSTEMPATH\View\View.php(213): include('APPPATH\\Views\\section\\footer.php')
 3 SYSTEMPATH\View\View.php(216): CodeIgniter\View\View->CodeIgniter\View\{closure}()
 4 SYSTEMPATH\Common.php(1135): CodeIgniter\View\View->render('section/footer', [], true)
 5 APPPATH\Controllers\Home.php(167): view('section/footer', [...])
 6 SYSTEMPATH\CodeIgniter.php(896): App\Controllers\Home->index()
 7 SYSTEMPATH\CodeIgniter.php(466): CodeIgniter\CodeIgniter->runController(Object(App\Controllers\Home))
 8 SYSTEMPATH\CodeIgniter.php(349): CodeIgniter\CodeIgniter->handleRequest(null, Object(Config\Cache), false)
 9 FCPATH\index.php(55): CodeIgniter\CodeIgniter->run()
CRITICAL - 2022-08-02 16:51:58 --> Undefined variable $getbulan
in APPPATH\Views\section\footer.php on line 218.
 1 APPPATH\Views\section\footer.php(218): CodeIgniter\Debug\Exceptions->errorHandler(2, 'Undefined variable $getbulan', 'APPPATH\\Views\\section\\footer.php', 218)
 2 SYSTEMPATH\View\View.php(213): include('APPPATH\\Views\\section\\footer.php')
 3 SYSTEMPATH\View\View.php(216): CodeIgniter\View\View->CodeIgniter\View\{closure}()
 4 SYSTEMPATH\Common.php(1135): CodeIgniter\View\View->render('section/footer', [], true)
 5 APPPATH\Controllers\Home.php(167): view('section/footer', [...])
 6 SYSTEMPATH\CodeIgniter.php(896): App\Controllers\Home->index()
 7 SYSTEMPATH\CodeIgniter.php(466): CodeIgniter\CodeIgniter->runController(Object(App\Controllers\Home))
 8 SYSTEMPATH\CodeIgniter.php(349): CodeIgniter\CodeIgniter->handleRequest(null, Object(Config\Cache), false)
 9 FCPATH\index.php(55): CodeIgniter\CodeIgniter->run()
CRITICAL - 2022-08-02 16:53:30 --> Undefined variable $getbulan
in APPPATH\Views\section\footer.php on line 218.
 1 APPPATH\Views\section\footer.php(218): CodeIgniter\Debug\Exceptions->errorHandler(2, 'Undefined variable $getbulan', 'APPPATH\\Views\\section\\footer.php', 218)
 2 SYSTEMPATH\View\View.php(213): include('APPPATH\\Views\\section\\footer.php')
 3 SYSTEMPATH\View\View.php(216): CodeIgniter\View\View->CodeIgniter\View\{closure}()
 4 SYSTEMPATH\Common.php(1135): CodeIgniter\View\View->render('section/footer', [], true)
 5 APPPATH\Controllers\Home.php(167): view('section/footer', [...])
 6 SYSTEMPATH\CodeIgniter.php(896): App\Controllers\Home->index()
 7 SYSTEMPATH\CodeIgniter.php(466): CodeIgniter\CodeIgniter->runController(Object(App\Controllers\Home))
 8 SYSTEMPATH\CodeIgniter.php(349): CodeIgniter\CodeIgniter->handleRequest(null, Object(Config\Cache), false)
 9 FCPATH\index.php(55): CodeIgniter\CodeIgniter->run()
CRITICAL - 2022-08-02 16:53:40 --> Undefined variable $getbulan
in APPPATH\Views\section\footer.php on line 218.
 1 APPPATH\Views\section\footer.php(218): CodeIgniter\Debug\Exceptions->errorHandler(2, 'Undefined variable $getbulan', 'APPPATH\\Views\\section\\footer.php', 218)
 2 SYSTEMPATH\View\View.php(213): include('APPPATH\\Views\\section\\footer.php')
 3 SYSTEMPATH\View\View.php(216): CodeIgniter\View\View->CodeIgniter\View\{closure}()
 4 SYSTEMPATH\Common.php(1135): CodeIgniter\View\View->render('section/footer', [], true)
 5 APPPATH\Controllers\Home.php(167): view('section/footer', [...])
 6 SYSTEMPATH\CodeIgniter.php(896): App\Controllers\Home->index()
 7 SYSTEMPATH\CodeIgniter.php(466): CodeIgniter\CodeIgniter->runController(Object(App\Controllers\Home))
 8 SYSTEMPATH\CodeIgniter.php(349): CodeIgniter\CodeIgniter->handleRequest(null, Object(Config\Cache), false)
 9 FCPATH\index.php(55): CodeIgniter\CodeIgniter->run()
CRITICAL - 2022-08-02 16:56:14 --> Undefined variable $gettahun
in APPPATH\Views\home.php on line 60.
 1 APPPATH\Views\home.php(60): CodeIgniter\Debug\Exceptions->errorHandler(2, 'Undefined variable $gettahun', 'APPPATH\\Views\\home.php', 60)
 2 SYSTEMPATH\View\View.php(213): include('APPPATH\\Views\\home.php')
 3 SYSTEMPATH\View\View.php(216): CodeIgniter\View\View->CodeIgniter\View\{closure}()
 4 SYSTEMPATH\Common.php(1135): CodeIgniter\View\View->render('home', [], true)
 5 APPPATH\Controllers\Home.php(166): view('home', [...])
 6 SYSTEMPATH\CodeIgniter.php(896): App\Controllers\Home->index()
 7 SYSTEMPATH\CodeIgniter.php(466): CodeIgniter\CodeIgniter->runController(Object(App\Controllers\Home))
 8 SYSTEMPATH\CodeIgniter.php(349): CodeIgniter\CodeIgniter->handleRequest(null, Object(Config\Cache), false)
 9 FCPATH\index.php(55): CodeIgniter\CodeIgniter->run()
