CRITICAL - 2022-03-30 03:00:21 --> Undefined variable: no
#0 /opt/lampp/htdocs/sie-jaku/app/Views/v_transaksi.php(44): CodeIgniter\Debug\Exceptions->errorHandler(8, 'Undefined varia...', '/opt/lampp/htdo...', 44, Array)
#1 /opt/lampp/htdocs/sie-jaku/vendor/codeigniter4/framework/system/View/View.php(210): include('/opt/lampp/htdo...')
#2 /opt/lampp/htdocs/sie-jaku/vendor/codeigniter4/framework/system/View/View.php(213): CodeIgniter\View\View->CodeIgniter\View\{closure}()
#3 /opt/lampp/htdocs/sie-jaku/vendor/codeigniter4/framework/system/Common.php(1089): CodeIgniter\View\View->render('v_transaksi', Array, true)
#4 /opt/lampp/htdocs/sie-jaku/app/Controllers/Transaksi.php(32): view('v_transaksi', Array)
#5 /opt/lampp/htdocs/sie-jaku/vendor/codeigniter4/framework/system/CodeIgniter.php(832): App\Controllers\Transaksi->index()
#6 /opt/lampp/htdocs/sie-jaku/vendor/codeigniter4/framework/system/CodeIgniter.php(419): CodeIgniter\CodeIgniter->runController(Object(App\Controllers\Transaksi))
#7 /opt/lampp/htdocs/sie-jaku/vendor/codeigniter4/framework/system/CodeIgniter.php(326): CodeIgniter\CodeIgniter->handleRequest(NULL, Object(Config\Cache), false)
#8 /opt/lampp/htdocs/sie-jaku/public/index.php(37): CodeIgniter\CodeIgniter->run()
#9 {main}
CRITICAL - 2022-03-30 03:24:32 --> number_format() expects parameter 1 to be float, string given
#0 [internal function]: CodeIgniter\Debug\Exceptions->errorHandler(2, 'number_format()...', '/opt/lampp/htdo...', 989, Array)
#1 /opt/lampp/htdocs/sie-jaku/app/Views/section/footer.php(989): number_format('pageTotal', 2, ',', '.')
#2 /opt/lampp/htdocs/sie-jaku/vendor/codeigniter4/framework/system/View/View.php(210): include('/opt/lampp/htdo...')
#3 /opt/lampp/htdocs/sie-jaku/vendor/codeigniter4/framework/system/View/View.php(213): CodeIgniter\View\View->CodeIgniter\View\{closure}()
#4 /opt/lampp/htdocs/sie-jaku/vendor/codeigniter4/framework/system/Common.php(1089): CodeIgniter\View\View->render('section/footer', Array, true)
#5 /opt/lampp/htdocs/sie-jaku/app/Controllers/Transaksi.php(33): view('section/footer', Array)
#6 /opt/lampp/htdocs/sie-jaku/vendor/codeigniter4/framework/system/CodeIgniter.php(832): App\Controllers\Transaksi->index()
#7 /opt/lampp/htdocs/sie-jaku/vendor/codeigniter4/framework/system/CodeIgniter.php(419): CodeIgniter\CodeIgniter->runController(Object(App\Controllers\Transaksi))
#8 /opt/lampp/htdocs/sie-jaku/vendor/codeigniter4/framework/system/CodeIgniter.php(326): CodeIgniter\CodeIgniter->handleRequest(NULL, Object(Config\Cache), false)
#9 /opt/lampp/htdocs/sie-jaku/public/index.php(37): CodeIgniter\CodeIgniter->run()
#10 {main}
CRITICAL - 2022-03-30 03:25:13 --> number_format() expects parameter 1 to be float, string given
#0 [internal function]: CodeIgniter\Debug\Exceptions->errorHandler(2, 'number_format()...', '/opt/lampp/htdo...', 989, Array)
#1 /opt/lampp/htdocs/sie-jaku/app/Views/section/footer.php(989): number_format('"pageTotal"', 2, ',', '.')
#2 /opt/lampp/htdocs/sie-jaku/vendor/codeigniter4/framework/system/View/View.php(210): include('/opt/lampp/htdo...')
#3 /opt/lampp/htdocs/sie-jaku/vendor/codeigniter4/framework/system/View/View.php(213): CodeIgniter\View\View->CodeIgniter\View\{closure}()
#4 /opt/lampp/htdocs/sie-jaku/vendor/codeigniter4/framework/system/Common.php(1089): CodeIgniter\View\View->render('section/footer', Array, true)
#5 /opt/lampp/htdocs/sie-jaku/app/Controllers/Transaksi.php(33): view('section/footer', Array)
#6 /opt/lampp/htdocs/sie-jaku/vendor/codeigniter4/framework/system/CodeIgniter.php(832): App\Controllers\Transaksi->index()
#7 /opt/lampp/htdocs/sie-jaku/vendor/codeigniter4/framework/system/CodeIgniter.php(419): CodeIgniter\CodeIgniter->runController(Object(App\Controllers\Transaksi))
#8 /opt/lampp/htdocs/sie-jaku/vendor/codeigniter4/framework/system/CodeIgniter.php(326): CodeIgniter\CodeIgniter->handleRequest(NULL, Object(Config\Cache), false)
#9 /opt/lampp/htdocs/sie-jaku/public/index.php(37): CodeIgniter\CodeIgniter->run()
#10 {main}
CRITICAL - 2022-03-30 03:25:14 --> number_format() expects parameter 1 to be float, string given
#0 [internal function]: CodeIgniter\Debug\Exceptions->errorHandler(2, 'number_format()...', '/opt/lampp/htdo...', 989, Array)
#1 /opt/lampp/htdocs/sie-jaku/app/Views/section/footer.php(989): number_format('"pageTotal"', 2, ',', '.')
#2 /opt/lampp/htdocs/sie-jaku/vendor/codeigniter4/framework/system/View/View.php(210): include('/opt/lampp/htdo...')
#3 /opt/lampp/htdocs/sie-jaku/vendor/codeigniter4/framework/system/View/View.php(213): CodeIgniter\View\View->CodeIgniter\View\{closure}()
#4 /opt/lampp/htdocs/sie-jaku/vendor/codeigniter4/framework/system/Common.php(1089): CodeIgniter\View\View->render('section/footer', Array, true)
#5 /opt/lampp/htdocs/sie-jaku/app/Controllers/Transaksi.php(33): view('section/footer', Array)
#6 /opt/lampp/htdocs/sie-jaku/vendor/codeigniter4/framework/system/CodeIgniter.php(832): App\Controllers\Transaksi->index()
#7 /opt/lampp/htdocs/sie-jaku/vendor/codeigniter4/framework/system/CodeIgniter.php(419): CodeIgniter\CodeIgniter->runController(Object(App\Controllers\Transaksi))
#8 /opt/lampp/htdocs/sie-jaku/vendor/codeigniter4/framework/system/CodeIgniter.php(326): CodeIgniter\CodeIgniter->handleRequest(NULL, Object(Config\Cache), false)
#9 /opt/lampp/htdocs/sie-jaku/public/index.php(37): CodeIgniter\CodeIgniter->run()
#10 {main}
CRITICAL - 2022-03-30 15:54:36 --> Undefined property: stdClass::$id_persediaan
#0 /opt/lampp/htdocs/sie-jaku/app/Views/v_transaksi.php(57): CodeIgniter\Debug\Exceptions->errorHandler(8, 'Undefined prope...', '/opt/lampp/htdo...', 57, Array)
#1 /opt/lampp/htdocs/sie-jaku/vendor/codeigniter4/framework/system/View/View.php(210): include('/opt/lampp/htdo...')
#2 /opt/lampp/htdocs/sie-jaku/vendor/codeigniter4/framework/system/View/View.php(213): CodeIgniter\View\View->CodeIgniter\View\{closure}()
#3 /opt/lampp/htdocs/sie-jaku/vendor/codeigniter4/framework/system/Common.php(1089): CodeIgniter\View\View->render('v_transaksi', Array, true)
#4 /opt/lampp/htdocs/sie-jaku/app/Controllers/Transaksi.php(32): view('v_transaksi', Array)
#5 /opt/lampp/htdocs/sie-jaku/vendor/codeigniter4/framework/system/CodeIgniter.php(832): App\Controllers\Transaksi->index()
#6 /opt/lampp/htdocs/sie-jaku/vendor/codeigniter4/framework/system/CodeIgniter.php(419): CodeIgniter\CodeIgniter->runController(Object(App\Controllers\Transaksi))
#7 /opt/lampp/htdocs/sie-jaku/vendor/codeigniter4/framework/system/CodeIgniter.php(326): CodeIgniter\CodeIgniter->handleRequest(NULL, Object(Config\Cache), false)
#8 /opt/lampp/htdocs/sie-jaku/public/index.php(37): CodeIgniter\CodeIgniter->run()
#9 {main}
CRITICAL - 2022-03-30 16:57:08 --> Undefined offset: 0
#0 /opt/lampp/htdocs/sie-jaku/app/Controllers/Stock.php(638): CodeIgniter\Debug\Exceptions->errorHandler(8, 'Undefined offse...', '/opt/lampp/htdo...', 638, Array)
#1 /opt/lampp/htdocs/sie-jaku/vendor/codeigniter4/framework/system/CodeIgniter.php(832): App\Controllers\Stock->persediaan_edit('4')
#2 /opt/lampp/htdocs/sie-jaku/vendor/codeigniter4/framework/system/CodeIgniter.php(419): CodeIgniter\CodeIgniter->runController(Object(App\Controllers\Stock))
#3 /opt/lampp/htdocs/sie-jaku/vendor/codeigniter4/framework/system/CodeIgniter.php(326): CodeIgniter\CodeIgniter->handleRequest(NULL, Object(Config\Cache), false)
#4 /opt/lampp/htdocs/sie-jaku/public/index.php(37): CodeIgniter\CodeIgniter->run()
#5 {main}
CRITICAL - 2022-03-30 22:46:04 --> Undefined offset: 0
#0 /opt/lampp/htdocs/sie-jaku/app/Controllers/Transaksi.php(219): CodeIgniter\Debug\Exceptions->errorHandler(8, 'Undefined offse...', '/opt/lampp/htdo...', 219, Array)
#1 /opt/lampp/htdocs/sie-jaku/vendor/codeigniter4/framework/system/CodeIgniter.php(832): App\Controllers\Transaksi->add_ajax_jmlp('2-5-4')
#2 /opt/lampp/htdocs/sie-jaku/vendor/codeigniter4/framework/system/CodeIgniter.php(419): CodeIgniter\CodeIgniter->runController(Object(App\Controllers\Transaksi))
#3 /opt/lampp/htdocs/sie-jaku/vendor/codeigniter4/framework/system/CodeIgniter.php(326): CodeIgniter\CodeIgniter->handleRequest(NULL, Object(Config\Cache), false)
#4 /opt/lampp/htdocs/sie-jaku/public/index.php(37): CodeIgniter\CodeIgniter->run()
#5 {main}
CRITICAL - 2022-03-30 22:46:18 --> Undefined offset: 0
#0 /opt/lampp/htdocs/sie-jaku/app/Controllers/Transaksi.php(219): CodeIgniter\Debug\Exceptions->errorHandler(8, 'Undefined offse...', '/opt/lampp/htdo...', 219, Array)
#1 /opt/lampp/htdocs/sie-jaku/vendor/codeigniter4/framework/system/CodeIgniter.php(832): App\Controllers\Transaksi->add_ajax_jmlp('2-5-4')
#2 /opt/lampp/htdocs/sie-jaku/vendor/codeigniter4/framework/system/CodeIgniter.php(419): CodeIgniter\CodeIgniter->runController(Object(App\Controllers\Transaksi))
#3 /opt/lampp/htdocs/sie-jaku/vendor/codeigniter4/framework/system/CodeIgniter.php(326): CodeIgniter\CodeIgniter->handleRequest(NULL, Object(Config\Cache), false)
#4 /opt/lampp/htdocs/sie-jaku/public/index.php(37): CodeIgniter\CodeIgniter->run()
#5 {main}
CRITICAL - 2022-03-30 23:19:36 --> Undefined variable: data
#0 /opt/lampp/htdocs/sie-jaku/app/Controllers/Stock.php(527): CodeIgniter\Debug\Exceptions->errorHandler(8, 'Undefined varia...', '/opt/lampp/htdo...', 527, Array)
#1 /opt/lampp/htdocs/sie-jaku/vendor/codeigniter4/framework/system/CodeIgniter.php(832): App\Controllers\Stock->persediaan()
#2 /opt/lampp/htdocs/sie-jaku/vendor/codeigniter4/framework/system/CodeIgniter.php(419): CodeIgniter\CodeIgniter->runController(Object(App\Controllers\Stock))
#3 /opt/lampp/htdocs/sie-jaku/vendor/codeigniter4/framework/system/CodeIgniter.php(326): CodeIgniter\CodeIgniter->handleRequest(NULL, Object(Config\Cache), false)
#4 /opt/lampp/htdocs/sie-jaku/public/index.php(37): CodeIgniter\CodeIgniter->run()
#5 {main}
CRITICAL - 2022-03-30 23:21:17 --> Undefined variable: data
#0 /opt/lampp/htdocs/sie-jaku/app/Controllers/Stock.php(527): CodeIgniter\Debug\Exceptions->errorHandler(8, 'Undefined varia...', '/opt/lampp/htdo...', 527, Array)
#1 /opt/lampp/htdocs/sie-jaku/vendor/codeigniter4/framework/system/CodeIgniter.php(832): App\Controllers\Stock->persediaan()
#2 /opt/lampp/htdocs/sie-jaku/vendor/codeigniter4/framework/system/CodeIgniter.php(419): CodeIgniter\CodeIgniter->runController(Object(App\Controllers\Stock))
#3 /opt/lampp/htdocs/sie-jaku/vendor/codeigniter4/framework/system/CodeIgniter.php(326): CodeIgniter\CodeIgniter->handleRequest(NULL, Object(Config\Cache), false)
#4 /opt/lampp/htdocs/sie-jaku/public/index.php(37): CodeIgniter\CodeIgniter->run()
#5 {main}
CRITICAL - 2022-03-30 23:22:07 --> Undefined variable: data
#0 /opt/lampp/htdocs/sie-jaku/app/Controllers/Stock.php(527): CodeIgniter\Debug\Exceptions->errorHandler(8, 'Undefined varia...', '/opt/lampp/htdo...', 527, Array)
#1 /opt/lampp/htdocs/sie-jaku/vendor/codeigniter4/framework/system/CodeIgniter.php(832): App\Controllers\Stock->persediaan()
#2 /opt/lampp/htdocs/sie-jaku/vendor/codeigniter4/framework/system/CodeIgniter.php(419): CodeIgniter\CodeIgniter->runController(Object(App\Controllers\Stock))
#3 /opt/lampp/htdocs/sie-jaku/vendor/codeigniter4/framework/system/CodeIgniter.php(326): CodeIgniter\CodeIgniter->handleRequest(NULL, Object(Config\Cache), false)
#4 /opt/lampp/htdocs/sie-jaku/public/index.php(37): CodeIgniter\CodeIgniter->run()
#5 {main}
CRITICAL - 2022-03-30 23:22:08 --> Undefined variable: data
#0 /opt/lampp/htdocs/sie-jaku/app/Controllers/Stock.php(527): CodeIgniter\Debug\Exceptions->errorHandler(8, 'Undefined varia...', '/opt/lampp/htdo...', 527, Array)
#1 /opt/lampp/htdocs/sie-jaku/vendor/codeigniter4/framework/system/CodeIgniter.php(832): App\Controllers\Stock->persediaan()
#2 /opt/lampp/htdocs/sie-jaku/vendor/codeigniter4/framework/system/CodeIgniter.php(419): CodeIgniter\CodeIgniter->runController(Object(App\Controllers\Stock))
#3 /opt/lampp/htdocs/sie-jaku/vendor/codeigniter4/framework/system/CodeIgniter.php(326): CodeIgniter\CodeIgniter->handleRequest(NULL, Object(Config\Cache), false)
#4 /opt/lampp/htdocs/sie-jaku/public/index.php(37): CodeIgniter\CodeIgniter->run()
#5 {main}
CRITICAL - 2022-03-30 23:22:08 --> Undefined variable: data
#0 /opt/lampp/htdocs/sie-jaku/app/Controllers/Stock.php(527): CodeIgniter\Debug\Exceptions->errorHandler(8, 'Undefined varia...', '/opt/lampp/htdo...', 527, Array)
#1 /opt/lampp/htdocs/sie-jaku/vendor/codeigniter4/framework/system/CodeIgniter.php(832): App\Controllers\Stock->persediaan()
#2 /opt/lampp/htdocs/sie-jaku/vendor/codeigniter4/framework/system/CodeIgniter.php(419): CodeIgniter\CodeIgniter->runController(Object(App\Controllers\Stock))
#3 /opt/lampp/htdocs/sie-jaku/vendor/codeigniter4/framework/system/CodeIgniter.php(326): CodeIgniter\CodeIgniter->handleRequest(NULL, Object(Config\Cache), false)
#4 /opt/lampp/htdocs/sie-jaku/public/index.php(37): CodeIgniter\CodeIgniter->run()
#5 {main}
CRITICAL - 2022-03-30 23:22:21 --> Undefined variable: data
#0 /opt/lampp/htdocs/sie-jaku/app/Controllers/Stock.php(527): CodeIgniter\Debug\Exceptions->errorHandler(8, 'Undefined varia...', '/opt/lampp/htdo...', 527, Array)
#1 /opt/lampp/htdocs/sie-jaku/vendor/codeigniter4/framework/system/CodeIgniter.php(832): App\Controllers\Stock->persediaan()
#2 /opt/lampp/htdocs/sie-jaku/vendor/codeigniter4/framework/system/CodeIgniter.php(419): CodeIgniter\CodeIgniter->runController(Object(App\Controllers\Stock))
#3 /opt/lampp/htdocs/sie-jaku/vendor/codeigniter4/framework/system/CodeIgniter.php(326): CodeIgniter\CodeIgniter->handleRequest(NULL, Object(Config\Cache), false)
#4 /opt/lampp/htdocs/sie-jaku/public/index.php(37): CodeIgniter\CodeIgniter->run()
#5 {main}
CRITICAL - 2022-03-30 23:22:23 --> Undefined variable: data
#0 /opt/lampp/htdocs/sie-jaku/app/Controllers/Stock.php(527): CodeIgniter\Debug\Exceptions->errorHandler(8, 'Undefined varia...', '/opt/lampp/htdo...', 527, Array)
#1 /opt/lampp/htdocs/sie-jaku/vendor/codeigniter4/framework/system/CodeIgniter.php(832): App\Controllers\Stock->persediaan()
#2 /opt/lampp/htdocs/sie-jaku/vendor/codeigniter4/framework/system/CodeIgniter.php(419): CodeIgniter\CodeIgniter->runController(Object(App\Controllers\Stock))
#3 /opt/lampp/htdocs/sie-jaku/vendor/codeigniter4/framework/system/CodeIgniter.php(326): CodeIgniter\CodeIgniter->handleRequest(NULL, Object(Config\Cache), false)
#4 /opt/lampp/htdocs/sie-jaku/public/index.php(37): CodeIgniter\CodeIgniter->run()
#5 {main}
CRITICAL - 2022-03-30 23:22:23 --> Undefined variable: data
#0 /opt/lampp/htdocs/sie-jaku/app/Controllers/Stock.php(527): CodeIgniter\Debug\Exceptions->errorHandler(8, 'Undefined varia...', '/opt/lampp/htdo...', 527, Array)
#1 /opt/lampp/htdocs/sie-jaku/vendor/codeigniter4/framework/system/CodeIgniter.php(832): App\Controllers\Stock->persediaan()
#2 /opt/lampp/htdocs/sie-jaku/vendor/codeigniter4/framework/system/CodeIgniter.php(419): CodeIgniter\CodeIgniter->runController(Object(App\Controllers\Stock))
#3 /opt/lampp/htdocs/sie-jaku/vendor/codeigniter4/framework/system/CodeIgniter.php(326): CodeIgniter\CodeIgniter->handleRequest(NULL, Object(Config\Cache), false)
#4 /opt/lampp/htdocs/sie-jaku/public/index.php(37): CodeIgniter\CodeIgniter->run()
#5 {main}
CRITICAL - 2022-03-30 23:22:24 --> Undefined variable: data
#0 /opt/lampp/htdocs/sie-jaku/app/Controllers/Stock.php(527): CodeIgniter\Debug\Exceptions->errorHandler(8, 'Undefined varia...', '/opt/lampp/htdo...', 527, Array)
#1 /opt/lampp/htdocs/sie-jaku/vendor/codeigniter4/framework/system/CodeIgniter.php(832): App\Controllers\Stock->persediaan()
#2 /opt/lampp/htdocs/sie-jaku/vendor/codeigniter4/framework/system/CodeIgniter.php(419): CodeIgniter\CodeIgniter->runController(Object(App\Controllers\Stock))
#3 /opt/lampp/htdocs/sie-jaku/vendor/codeigniter4/framework/system/CodeIgniter.php(326): CodeIgniter\CodeIgniter->handleRequest(NULL, Object(Config\Cache), false)
#4 /opt/lampp/htdocs/sie-jaku/public/index.php(37): CodeIgniter\CodeIgniter->run()
#5 {main}
CRITICAL - 2022-03-30 23:22:24 --> Undefined variable: data
#0 /opt/lampp/htdocs/sie-jaku/app/Controllers/Stock.php(527): CodeIgniter\Debug\Exceptions->errorHandler(8, 'Undefined varia...', '/opt/lampp/htdo...', 527, Array)
#1 /opt/lampp/htdocs/sie-jaku/vendor/codeigniter4/framework/system/CodeIgniter.php(832): App\Controllers\Stock->persediaan()
#2 /opt/lampp/htdocs/sie-jaku/vendor/codeigniter4/framework/system/CodeIgniter.php(419): CodeIgniter\CodeIgniter->runController(Object(App\Controllers\Stock))
#3 /opt/lampp/htdocs/sie-jaku/vendor/codeigniter4/framework/system/CodeIgniter.php(326): CodeIgniter\CodeIgniter->handleRequest(NULL, Object(Config\Cache), false)
#4 /opt/lampp/htdocs/sie-jaku/public/index.php(37): CodeIgniter\CodeIgniter->run()
#5 {main}
CRITICAL - 2022-03-30 23:22:35 --> Undefined variable: data
#0 /opt/lampp/htdocs/sie-jaku/app/Controllers/Stock.php(527): CodeIgniter\Debug\Exceptions->errorHandler(8, 'Undefined varia...', '/opt/lampp/htdo...', 527, Array)
#1 /opt/lampp/htdocs/sie-jaku/vendor/codeigniter4/framework/system/CodeIgniter.php(832): App\Controllers\Stock->persediaan()
#2 /opt/lampp/htdocs/sie-jaku/vendor/codeigniter4/framework/system/CodeIgniter.php(419): CodeIgniter\CodeIgniter->runController(Object(App\Controllers\Stock))
#3 /opt/lampp/htdocs/sie-jaku/vendor/codeigniter4/framework/system/CodeIgniter.php(326): CodeIgniter\CodeIgniter->handleRequest(NULL, Object(Config\Cache), false)
#4 /opt/lampp/htdocs/sie-jaku/public/index.php(37): CodeIgniter\CodeIgniter->run()
#5 {main}
CRITICAL - 2022-03-30 23:22:36 --> Undefined variable: data
#0 /opt/lampp/htdocs/sie-jaku/app/Controllers/Stock.php(527): CodeIgniter\Debug\Exceptions->errorHandler(8, 'Undefined varia...', '/opt/lampp/htdo...', 527, Array)
#1 /opt/lampp/htdocs/sie-jaku/vendor/codeigniter4/framework/system/CodeIgniter.php(832): App\Controllers\Stock->persediaan()
#2 /opt/lampp/htdocs/sie-jaku/vendor/codeigniter4/framework/system/CodeIgniter.php(419): CodeIgniter\CodeIgniter->runController(Object(App\Controllers\Stock))
#3 /opt/lampp/htdocs/sie-jaku/vendor/codeigniter4/framework/system/CodeIgniter.php(326): CodeIgniter\CodeIgniter->handleRequest(NULL, Object(Config\Cache), false)
#4 /opt/lampp/htdocs/sie-jaku/public/index.php(37): CodeIgniter\CodeIgniter->run()
#5 {main}
CRITICAL - 2022-03-30 23:22:36 --> Undefined variable: data
#0 /opt/lampp/htdocs/sie-jaku/app/Controllers/Stock.php(527): CodeIgniter\Debug\Exceptions->errorHandler(8, 'Undefined varia...', '/opt/lampp/htdo...', 527, Array)
#1 /opt/lampp/htdocs/sie-jaku/vendor/codeigniter4/framework/system/CodeIgniter.php(832): App\Controllers\Stock->persediaan()
#2 /opt/lampp/htdocs/sie-jaku/vendor/codeigniter4/framework/system/CodeIgniter.php(419): CodeIgniter\CodeIgniter->runController(Object(App\Controllers\Stock))
#3 /opt/lampp/htdocs/sie-jaku/vendor/codeigniter4/framework/system/CodeIgniter.php(326): CodeIgniter\CodeIgniter->handleRequest(NULL, Object(Config\Cache), false)
#4 /opt/lampp/htdocs/sie-jaku/public/index.php(37): CodeIgniter\CodeIgniter->run()
#5 {main}
CRITICAL - 2022-03-30 23:22:37 --> Undefined variable: data
#0 /opt/lampp/htdocs/sie-jaku/app/Controllers/Stock.php(527): CodeIgniter\Debug\Exceptions->errorHandler(8, 'Undefined varia...', '/opt/lampp/htdo...', 527, Array)
#1 /opt/lampp/htdocs/sie-jaku/vendor/codeigniter4/framework/system/CodeIgniter.php(832): App\Controllers\Stock->persediaan()
#2 /opt/lampp/htdocs/sie-jaku/vendor/codeigniter4/framework/system/CodeIgniter.php(419): CodeIgniter\CodeIgniter->runController(Object(App\Controllers\Stock))
#3 /opt/lampp/htdocs/sie-jaku/vendor/codeigniter4/framework/system/CodeIgniter.php(326): CodeIgniter\CodeIgniter->handleRequest(NULL, Object(Config\Cache), false)
#4 /opt/lampp/htdocs/sie-jaku/public/index.php(37): CodeIgniter\CodeIgniter->run()
#5 {main}
ERROR - 2022-03-30 23:35:37 --> Unknown column 'created_at' in 'field list'
CRITICAL - 2022-03-30 23:35:37 --> Unknown column 'created_at' in 'field list'
#0 /opt/lampp/htdocs/sie-jaku/vendor/codeigniter4/framework/system/Database/MySQLi/Connection.php(292): mysqli->query('INSERT INTO `db...', 0)
#1 /opt/lampp/htdocs/sie-jaku/vendor/codeigniter4/framework/system/Database/BaseConnection.php(670): CodeIgniter\Database\MySQLi\Connection->execute('INSERT INTO `db...')
#2 /opt/lampp/htdocs/sie-jaku/vendor/codeigniter4/framework/system/Database/BaseConnection.php(598): CodeIgniter\Database\BaseConnection->simpleQuery('INSERT INTO `db...')
#3 /opt/lampp/htdocs/sie-jaku/vendor/codeigniter4/framework/system/Database/BaseBuilder.php(1771): CodeIgniter\Database\BaseConnection->query('INSERT INTO `db...', Array, false)
#4 /opt/lampp/htdocs/sie-jaku/vendor/codeigniter4/framework/system/Model.php(239): CodeIgniter\Database\BaseBuilder->insert()
#5 /opt/lampp/htdocs/sie-jaku/vendor/codeigniter4/framework/system/BaseModel.php(738): CodeIgniter\Model->doInsert(Array)
#6 /opt/lampp/htdocs/sie-jaku/vendor/codeigniter4/framework/system/Model.php(625): CodeIgniter\BaseModel->insert(Array, true)
#7 /opt/lampp/htdocs/sie-jaku/app/Controllers/Stock.php(608): CodeIgniter\Model->insert(Array)
#8 /opt/lampp/htdocs/sie-jaku/vendor/codeigniter4/framework/system/CodeIgniter.php(832): App\Controllers\Stock->persediaan_process()
#9 /opt/lampp/htdocs/sie-jaku/vendor/codeigniter4/framework/system/CodeIgniter.php(419): CodeIgniter\CodeIgniter->runController(Object(App\Controllers\Stock))
#10 /opt/lampp/htdocs/sie-jaku/vendor/codeigniter4/framework/system/CodeIgniter.php(326): CodeIgniter\CodeIgniter->handleRequest(NULL, Object(Config\Cache), false)
#11 /opt/lampp/htdocs/sie-jaku/public/index.php(37): CodeIgniter\CodeIgniter->run()
#12 {main}
