CRITICAL - 2022-04-01 00:20:45 --> Use of undefined constant o - assumed 'o' (this will throw an Error in a future version of PHP)
#0 /opt/lampp/htdocs/sie-jaku/app/Controllers/Transaksi.php(242): CodeIgniter\Debug\Exceptions->errorHandler(2, 'Use of undefine...', '/opt/lampp/htdo...', 242, Array)
#1 /opt/lampp/htdocs/sie-jaku/vendor/codeigniter4/framework/system/CodeIgniter.php(832): App\Controllers\Transaksi->add_ajax_persediaan('1-1-1')
#2 /opt/lampp/htdocs/sie-jaku/vendor/codeigniter4/framework/system/CodeIgniter.php(419): CodeIgniter\CodeIgniter->runController(Object(App\Controllers\Transaksi))
#3 /opt/lampp/htdocs/sie-jaku/vendor/codeigniter4/framework/system/CodeIgniter.php(326): CodeIgniter\CodeIgniter->handleRequest(NULL, Object(Config\Cache), false)
#4 /opt/lampp/htdocs/sie-jaku/public/index.php(37): CodeIgniter\CodeIgniter->run()
#5 {main}
CRITICAL - 2022-04-01 00:26:22 --> Cannot redeclare App\Controllers\bulan() (previously declared in /opt/lampp/htdocs/sie-jaku/app/Controllers/Transaksi.php:240)
#0 [internal function]: CodeIgniter\Debug\Exceptions->shutdownHandler()
#1 {main}
CRITICAL - 2022-04-01 00:26:29 --> Cannot redeclare App\Controllers\bulan() (previously declared in /opt/lampp/htdocs/sie-jaku/app/Controllers/Transaksi.php:240)
#0 [internal function]: CodeIgniter\Debug\Exceptions->shutdownHandler()
#1 {main}
CRITICAL - 2022-04-01 00:26:35 --> Cannot redeclare App\Controllers\bulan() (previously declared in /opt/lampp/htdocs/sie-jaku/app/Controllers/Transaksi.php:240)
#0 [internal function]: CodeIgniter\Debug\Exceptions->shutdownHandler()
#1 {main}
CRITICAL - 2022-04-01 00:26:53 --> Cannot redeclare App\Controllers\bulan() (previously declared in /opt/lampp/htdocs/sie-jaku/app/Controllers/Transaksi.php:240)
#0 [internal function]: CodeIgniter\Debug\Exceptions->shutdownHandler()
#1 {main}
CRITICAL - 2022-04-01 00:27:33 --> Cannot redeclare App\Controllers\bulan() (previously declared in /opt/lampp/htdocs/sie-jaku/app/Controllers/Transaksi.php:240)
#0 [internal function]: CodeIgniter\Debug\Exceptions->shutdownHandler()
#1 {main}
CRITICAL - 2022-04-01 00:27:35 --> Cannot redeclare App\Controllers\bulan() (previously declared in /opt/lampp/htdocs/sie-jaku/app/Controllers/Transaksi.php:240)
#0 [internal function]: CodeIgniter\Debug\Exceptions->shutdownHandler()
#1 {main}
CRITICAL - 2022-04-01 00:56:32 --> Undefined variable: pecah
#0 /opt/lampp/htdocs/sie-jaku/app/Controllers/Transaksi.php(121): CodeIgniter\Debug\Exceptions->errorHandler(8, 'Undefined varia...', '/opt/lampp/htdo...', 121, Array)
#1 /opt/lampp/htdocs/sie-jaku/vendor/codeigniter4/framework/system/CodeIgniter.php(832): App\Controllers\Transaksi->transaksi_process()
#2 /opt/lampp/htdocs/sie-jaku/vendor/codeigniter4/framework/system/CodeIgniter.php(419): CodeIgniter\CodeIgniter->runController(Object(App\Controllers\Transaksi))
#3 /opt/lampp/htdocs/sie-jaku/vendor/codeigniter4/framework/system/CodeIgniter.php(326): CodeIgniter\CodeIgniter->handleRequest(NULL, Object(Config\Cache), false)
#4 /opt/lampp/htdocs/sie-jaku/public/index.php(37): CodeIgniter\CodeIgniter->run()
#5 {main}
