CRITICAL - 2022-03-25 00:03:14 --> Undefined property: stdClass::$id_jenis_kayu
#0 /opt/lampp/htdocs/sie-jaku/app/Controllers/Stock.php(415): CodeIgniter\Debug\Exceptions->errorHandler(8, 'Undefined prope...', '/opt/lampp/htdo...', 415, Array)
#1 /opt/lampp/htdocs/sie-jaku/vendor/codeigniter4/framework/system/CodeIgniter.php(832): App\Controllers\Stock->ukuran_edit('1')
#2 /opt/lampp/htdocs/sie-jaku/vendor/codeigniter4/framework/system/CodeIgniter.php(419): CodeIgniter\CodeIgniter->runController(Object(App\Controllers\Stock))
#3 /opt/lampp/htdocs/sie-jaku/vendor/codeigniter4/framework/system/CodeIgniter.php(326): CodeIgniter\CodeIgniter->handleRequest(NULL, Object(Config\Cache), false)
#4 /opt/lampp/htdocs/sie-jaku/public/index.php(37): CodeIgniter\CodeIgniter->run()
#5 {main}
CRITICAL - 2022-03-25 00:07:52 --> Undefined property: stdClass::$id_jenis_kayu
#0 /opt/lampp/htdocs/sie-jaku/app/Views/v_edt_ukuran_kayu.php(59): CodeIgniter\Debug\Exceptions->errorHandler(8, 'Undefined prope...', '/opt/lampp/htdo...', 59, Array)
#1 /opt/lampp/htdocs/sie-jaku/vendor/codeigniter4/framework/system/View/View.php(210): include('/opt/lampp/htdo...')
#2 /opt/lampp/htdocs/sie-jaku/vendor/codeigniter4/framework/system/View/View.php(213): CodeIgniter\View\View->CodeIgniter\View\{closure}()
#3 /opt/lampp/htdocs/sie-jaku/vendor/codeigniter4/framework/system/Common.php(1089): CodeIgniter\View\View->render('v_edt_ukuran_ka...', Array, true)
#4 /opt/lampp/htdocs/sie-jaku/app/Controllers/Stock.php(428): view('v_edt_ukuran_ka...', Array)
#5 /opt/lampp/htdocs/sie-jaku/vendor/codeigniter4/framework/system/CodeIgniter.php(832): App\Controllers\Stock->ukuran_edit('1')
#6 /opt/lampp/htdocs/sie-jaku/vendor/codeigniter4/framework/system/CodeIgniter.php(419): CodeIgniter\CodeIgniter->runController(Object(App\Controllers\Stock))
#7 /opt/lampp/htdocs/sie-jaku/vendor/codeigniter4/framework/system/CodeIgniter.php(326): CodeIgniter\CodeIgniter->handleRequest(NULL, Object(Config\Cache), false)
#8 /opt/lampp/htdocs/sie-jaku/public/index.php(37): CodeIgniter\CodeIgniter->run()
#9 {main}
CRITICAL - 2022-03-25 00:17:54 --> Trying to get property 'nama_Ukuran_kayu' of non-object
#0 /opt/lampp/htdocs/sie-jaku/app/Views/v_edt_ukuran_kayu.php(77): CodeIgniter\Debug\Exceptions->errorHandler(8, 'Trying to get p...', '/opt/lampp/htdo...', 77, Array)
#1 /opt/lampp/htdocs/sie-jaku/vendor/codeigniter4/framework/system/View/View.php(210): include('/opt/lampp/htdo...')
#2 /opt/lampp/htdocs/sie-jaku/vendor/codeigniter4/framework/system/View/View.php(213): CodeIgniter\View\View->CodeIgniter\View\{closure}()
#3 /opt/lampp/htdocs/sie-jaku/vendor/codeigniter4/framework/system/Common.php(1089): CodeIgniter\View\View->render('v_edt_ukuran_ka...', Array, true)
#4 /opt/lampp/htdocs/sie-jaku/app/Controllers/Stock.php(429): view('v_edt_ukuran_ka...', Array)
#5 /opt/lampp/htdocs/sie-jaku/vendor/codeigniter4/framework/system/CodeIgniter.php(832): App\Controllers\Stock->ukuran_edit('1')
#6 /opt/lampp/htdocs/sie-jaku/vendor/codeigniter4/framework/system/CodeIgniter.php(419): CodeIgniter\CodeIgniter->runController(Object(App\Controllers\Stock))
#7 /opt/lampp/htdocs/sie-jaku/vendor/codeigniter4/framework/system/CodeIgniter.php(326): CodeIgniter\CodeIgniter->handleRequest(NULL, Object(Config\Cache), false)
#8 /opt/lampp/htdocs/sie-jaku/public/index.php(37): CodeIgniter\CodeIgniter->run()
#9 {main}
CRITICAL - 2022-03-25 00:17:56 --> Trying to get property 'nama_Ukuran_kayu' of non-object
#0 /opt/lampp/htdocs/sie-jaku/app/Views/v_edt_ukuran_kayu.php(77): CodeIgniter\Debug\Exceptions->errorHandler(8, 'Trying to get p...', '/opt/lampp/htdo...', 77, Array)
#1 /opt/lampp/htdocs/sie-jaku/vendor/codeigniter4/framework/system/View/View.php(210): include('/opt/lampp/htdo...')
#2 /opt/lampp/htdocs/sie-jaku/vendor/codeigniter4/framework/system/View/View.php(213): CodeIgniter\View\View->CodeIgniter\View\{closure}()
#3 /opt/lampp/htdocs/sie-jaku/vendor/codeigniter4/framework/system/Common.php(1089): CodeIgniter\View\View->render('v_edt_ukuran_ka...', Array, true)
#4 /opt/lampp/htdocs/sie-jaku/app/Controllers/Stock.php(429): view('v_edt_ukuran_ka...', Array)
#5 /opt/lampp/htdocs/sie-jaku/vendor/codeigniter4/framework/system/CodeIgniter.php(832): App\Controllers\Stock->ukuran_edit('1')
#6 /opt/lampp/htdocs/sie-jaku/vendor/codeigniter4/framework/system/CodeIgniter.php(419): CodeIgniter\CodeIgniter->runController(Object(App\Controllers\Stock))
#7 /opt/lampp/htdocs/sie-jaku/vendor/codeigniter4/framework/system/CodeIgniter.php(326): CodeIgniter\CodeIgniter->handleRequest(NULL, Object(Config\Cache), false)
#8 /opt/lampp/htdocs/sie-jaku/public/index.php(37): CodeIgniter\CodeIgniter->run()
#9 {main}
CRITICAL - 2022-03-25 00:20:00 --> Undefined offset: 0
#0 /opt/lampp/htdocs/sie-jaku/app/Controllers/Stock.php(414): CodeIgniter\Debug\Exceptions->errorHandler(8, 'Undefined offse...', '/opt/lampp/htdo...', 414, Array)
#1 /opt/lampp/htdocs/sie-jaku/vendor/codeigniter4/framework/system/CodeIgniter.php(832): App\Controllers\Stock->ukuran_edit('g-tipe-kayu')
#2 /opt/lampp/htdocs/sie-jaku/vendor/codeigniter4/framework/system/CodeIgniter.php(419): CodeIgniter\CodeIgniter->runController(Object(App\Controllers\Stock))
#3 /opt/lampp/htdocs/sie-jaku/vendor/codeigniter4/framework/system/CodeIgniter.php(326): CodeIgniter\CodeIgniter->handleRequest(NULL, Object(Config\Cache), false)
#4 /opt/lampp/htdocs/sie-jaku/public/index.php(37): CodeIgniter\CodeIgniter->run()
#5 {main}
CRITICAL - 2022-03-25 00:21:27 --> Undefined offset: 0
#0 /opt/lampp/htdocs/sie-jaku/app/Controllers/Stock.php(414): CodeIgniter\Debug\Exceptions->errorHandler(8, 'Undefined offse...', '/opt/lampp/htdo...', 414, Array)
#1 /opt/lampp/htdocs/sie-jaku/vendor/codeigniter4/framework/system/CodeIgniter.php(832): App\Controllers\Stock->ukuran_edit('g-tipe-kayu')
#2 /opt/lampp/htdocs/sie-jaku/vendor/codeigniter4/framework/system/CodeIgniter.php(419): CodeIgniter\CodeIgniter->runController(Object(App\Controllers\Stock))
#3 /opt/lampp/htdocs/sie-jaku/vendor/codeigniter4/framework/system/CodeIgniter.php(326): CodeIgniter\CodeIgniter->handleRequest(NULL, Object(Config\Cache), false)
#4 /opt/lampp/htdocs/sie-jaku/public/index.php(37): CodeIgniter\CodeIgniter->run()
#5 {main}
CRITICAL - 2022-03-25 00:21:32 --> Undefined offset: 0
#0 /opt/lampp/htdocs/sie-jaku/app/Controllers/Stock.php(414): CodeIgniter\Debug\Exceptions->errorHandler(8, 'Undefined offse...', '/opt/lampp/htdo...', 414, Array)
#1 /opt/lampp/htdocs/sie-jaku/vendor/codeigniter4/framework/system/CodeIgniter.php(832): App\Controllers\Stock->ukuran_edit('g-tipe-kayu')
#2 /opt/lampp/htdocs/sie-jaku/vendor/codeigniter4/framework/system/CodeIgniter.php(419): CodeIgniter\CodeIgniter->runController(Object(App\Controllers\Stock))
#3 /opt/lampp/htdocs/sie-jaku/vendor/codeigniter4/framework/system/CodeIgniter.php(326): CodeIgniter\CodeIgniter->handleRequest(NULL, Object(Config\Cache), false)
#4 /opt/lampp/htdocs/sie-jaku/public/index.php(37): CodeIgniter\CodeIgniter->run()
#5 {main}
