CRITICAL - 2022-03-28 20:05:23 --> Undefined variable: data
#0 /opt/lampp/htdocs/sie-jaku/app/Controllers/Transaksi.php(97): CodeIgniter\Debug\Exceptions->errorHandler(8, 'Undefined varia...', '/opt/lampp/htdo...', 97, Array)
#1 /opt/lampp/htdocs/sie-jaku/vendor/codeigniter4/framework/system/CodeIgniter.php(832): App\Controllers\Transaksi->add_ajax_jmlp('2-4-1')
#2 /opt/lampp/htdocs/sie-jaku/vendor/codeigniter4/framework/system/CodeIgniter.php(419): CodeIgniter\CodeIgniter->runController(Object(App\Controllers\Transaksi))
#3 /opt/lampp/htdocs/sie-jaku/vendor/codeigniter4/framework/system/CodeIgniter.php(326): CodeIgniter\CodeIgniter->handleRequest(NULL, Object(Config\Cache), false)
#4 /opt/lampp/htdocs/sie-jaku/public/index.php(37): CodeIgniter\CodeIgniter->run()
#5 {main}
CRITICAL - 2022-03-28 20:05:42 --> Undefined variable: data
#0 /opt/lampp/htdocs/sie-jaku/app/Controllers/Transaksi.php(97): CodeIgniter\Debug\Exceptions->errorHandler(8, 'Undefined varia...', '/opt/lampp/htdo...', 97, Array)
#1 /opt/lampp/htdocs/sie-jaku/vendor/codeigniter4/framework/system/CodeIgniter.php(832): App\Controllers\Transaksi->add_ajax_jmlp('2-4-1')
#2 /opt/lampp/htdocs/sie-jaku/vendor/codeigniter4/framework/system/CodeIgniter.php(419): CodeIgniter\CodeIgniter->runController(Object(App\Controllers\Transaksi))
#3 /opt/lampp/htdocs/sie-jaku/vendor/codeigniter4/framework/system/CodeIgniter.php(326): CodeIgniter\CodeIgniter->handleRequest(NULL, Object(Config\Cache), false)
#4 /opt/lampp/htdocs/sie-jaku/public/index.php(37): CodeIgniter\CodeIgniter->run()
#5 {main}
CRITICAL - 2022-03-28 20:07:46 --> Undefined variable: data
#0 /opt/lampp/htdocs/sie-jaku/app/Controllers/Transaksi.php(97): CodeIgniter\Debug\Exceptions->errorHandler(8, 'Undefined varia...', '/opt/lampp/htdo...', 97, Array)
#1 /opt/lampp/htdocs/sie-jaku/vendor/codeigniter4/framework/system/CodeIgniter.php(832): App\Controllers\Transaksi->add_ajax_jmlp('2-4-1')
#2 /opt/lampp/htdocs/sie-jaku/vendor/codeigniter4/framework/system/CodeIgniter.php(419): CodeIgniter\CodeIgniter->runController(Object(App\Controllers\Transaksi))
#3 /opt/lampp/htdocs/sie-jaku/vendor/codeigniter4/framework/system/CodeIgniter.php(326): CodeIgniter\CodeIgniter->handleRequest(NULL, Object(Config\Cache), false)
#4 /opt/lampp/htdocs/sie-jaku/public/index.php(37): CodeIgniter\CodeIgniter->run()
#5 {main}
CRITICAL - 2022-03-28 20:08:10 --> Undefined variable: data
#0 /opt/lampp/htdocs/sie-jaku/app/Controllers/Transaksi.php(97): CodeIgniter\Debug\Exceptions->errorHandler(8, 'Undefined varia...', '/opt/lampp/htdo...', 97, Array)
#1 /opt/lampp/htdocs/sie-jaku/vendor/codeigniter4/framework/system/CodeIgniter.php(832): App\Controllers\Transaksi->add_ajax_jmlp('2-4-1')
#2 /opt/lampp/htdocs/sie-jaku/vendor/codeigniter4/framework/system/CodeIgniter.php(419): CodeIgniter\CodeIgniter->runController(Object(App\Controllers\Transaksi))
#3 /opt/lampp/htdocs/sie-jaku/vendor/codeigniter4/framework/system/CodeIgniter.php(326): CodeIgniter\CodeIgniter->handleRequest(NULL, Object(Config\Cache), false)
#4 /opt/lampp/htdocs/sie-jaku/public/index.php(37): CodeIgniter\CodeIgniter->run()
#5 {main}
CRITICAL - 2022-03-28 20:09:11 --> Undefined variable: data
#0 /opt/lampp/htdocs/sie-jaku/app/Controllers/Transaksi.php(99): CodeIgniter\Debug\Exceptions->errorHandler(8, 'Undefined varia...', '/opt/lampp/htdo...', 99, Array)
#1 /opt/lampp/htdocs/sie-jaku/vendor/codeigniter4/framework/system/CodeIgniter.php(832): App\Controllers\Transaksi->add_ajax_jmlp('2-4-1')
#2 /opt/lampp/htdocs/sie-jaku/vendor/codeigniter4/framework/system/CodeIgniter.php(419): CodeIgniter\CodeIgniter->runController(Object(App\Controllers\Transaksi))
#3 /opt/lampp/htdocs/sie-jaku/vendor/codeigniter4/framework/system/CodeIgniter.php(326): CodeIgniter\CodeIgniter->handleRequest(NULL, Object(Config\Cache), false)
#4 /opt/lampp/htdocs/sie-jaku/public/index.php(37): CodeIgniter\CodeIgniter->run()
#5 {main}
CRITICAL - 2022-03-28 20:09:20 --> Undefined variable: data
#0 /opt/lampp/htdocs/sie-jaku/app/Controllers/Transaksi.php(99): CodeIgniter\Debug\Exceptions->errorHandler(8, 'Undefined varia...', '/opt/lampp/htdo...', 99, Array)
#1 /opt/lampp/htdocs/sie-jaku/vendor/codeigniter4/framework/system/CodeIgniter.php(832): App\Controllers\Transaksi->add_ajax_jmlp('2-4-1')
#2 /opt/lampp/htdocs/sie-jaku/vendor/codeigniter4/framework/system/CodeIgniter.php(419): CodeIgniter\CodeIgniter->runController(Object(App\Controllers\Transaksi))
#3 /opt/lampp/htdocs/sie-jaku/vendor/codeigniter4/framework/system/CodeIgniter.php(326): CodeIgniter\CodeIgniter->handleRequest(NULL, Object(Config\Cache), false)
#4 /opt/lampp/htdocs/sie-jaku/public/index.php(37): CodeIgniter\CodeIgniter->run()
#5 {main}
