CRITICAL - 2022-03-05 09:36:50 --> Invalid file: welcome_messag1e.php
#0 /opt/lampp/htdocs/SIE_PENJUALAN_KAYU/vendor/codeigniter4/framework/system/View/View.php(198): CodeIgniter\Exceptions\FrameworkException::forInvalidFile()
#1 /opt/lampp/htdocs/SIE_PENJUALAN_KAYU/vendor/codeigniter4/framework/system/Common.php(1089): CodeIgniter\View\View->render()
#2 /opt/lampp/htdocs/SIE_PENJUALAN_KAYU/app/Controllers/Home.php(9): view()
#3 /opt/lampp/htdocs/SIE_PENJUALAN_KAYU/vendor/codeigniter4/framework/system/CodeIgniter.php(832): App\Controllers\Home->index()
#4 /opt/lampp/htdocs/SIE_PENJUALAN_KAYU/vendor/codeigniter4/framework/system/CodeIgniter.php(419): CodeIgniter\CodeIgniter->runController()
#5 /opt/lampp/htdocs/SIE_PENJUALAN_KAYU/vendor/codeigniter4/framework/system/CodeIgniter.php(326): CodeIgniter\CodeIgniter->handleRequest()
#6 /opt/lampp/htdocs/SIE_PENJUALAN_KAYU/public/index.php(37): CodeIgniter\CodeIgniter->run()
#7 /opt/lampp/htdocs/SIE_PENJUALAN_KAYU/vendor/codeigniter4/framework/system/Commands/Server/rewrite.php(43): require_once('/opt/lampp/htdo...')
#8 {main}
CRITICAL - 2022-03-05 09:36:50 --> Invalid file: welcome_messag1e.php
#0 /opt/lampp/htdocs/SIE_PENJUALAN_KAYU/vendor/codeigniter4/framework/system/View/View.php(198): CodeIgniter\Exceptions\FrameworkException::forInvalidFile()
#1 /opt/lampp/htdocs/SIE_PENJUALAN_KAYU/vendor/codeigniter4/framework/system/Common.php(1089): CodeIgniter\View\View->render()
#2 /opt/lampp/htdocs/SIE_PENJUALAN_KAYU/app/Controllers/Home.php(9): view()
#3 /opt/lampp/htdocs/SIE_PENJUALAN_KAYU/vendor/codeigniter4/framework/system/CodeIgniter.php(832): App\Controllers\Home->index()
#4 /opt/lampp/htdocs/SIE_PENJUALAN_KAYU/vendor/codeigniter4/framework/system/CodeIgniter.php(419): CodeIgniter\CodeIgniter->runController()
#5 /opt/lampp/htdocs/SIE_PENJUALAN_KAYU/vendor/codeigniter4/framework/system/CodeIgniter.php(326): CodeIgniter\CodeIgniter->handleRequest()
#6 /opt/lampp/htdocs/SIE_PENJUALAN_KAYU/public/index.php(37): CodeIgniter\CodeIgniter->run()
#7 /opt/lampp/htdocs/SIE_PENJUALAN_KAYU/vendor/codeigniter4/framework/system/Commands/Server/rewrite.php(43): require_once('/opt/lampp/htdo...')
#8 {main}
CRITICAL - 2022-03-05 09:36:51 --> Invalid file: welcome_messag1e.php
#0 /opt/lampp/htdocs/SIE_PENJUALAN_KAYU/vendor/codeigniter4/framework/system/View/View.php(198): CodeIgniter\Exceptions\FrameworkException::forInvalidFile()
#1 /opt/lampp/htdocs/SIE_PENJUALAN_KAYU/vendor/codeigniter4/framework/system/Common.php(1089): CodeIgniter\View\View->render()
#2 /opt/lampp/htdocs/SIE_PENJUALAN_KAYU/app/Controllers/Home.php(9): view()
#3 /opt/lampp/htdocs/SIE_PENJUALAN_KAYU/vendor/codeigniter4/framework/system/CodeIgniter.php(832): App\Controllers\Home->index()
#4 /opt/lampp/htdocs/SIE_PENJUALAN_KAYU/vendor/codeigniter4/framework/system/CodeIgniter.php(419): CodeIgniter\CodeIgniter->runController()
#5 /opt/lampp/htdocs/SIE_PENJUALAN_KAYU/vendor/codeigniter4/framework/system/CodeIgniter.php(326): CodeIgniter\CodeIgniter->handleRequest()
#6 /opt/lampp/htdocs/SIE_PENJUALAN_KAYU/public/index.php(37): CodeIgniter\CodeIgniter->run()
#7 /opt/lampp/htdocs/SIE_PENJUALAN_KAYU/vendor/codeigniter4/framework/system/Commands/Server/rewrite.php(43): require_once('/opt/lampp/htdo...')
#8 {main}
CRITICAL - 2022-03-05 09:36:59 --> syntax error, unexpected '}', expecting ';'
#0 /opt/lampp/htdocs/SIE_PENJUALAN_KAYU/vendor/codeigniter4/framework/system/Autoloader/Autoloader.php(241): CodeIgniter\Autoloader\Autoloader->includeFile()
#1 /opt/lampp/htdocs/SIE_PENJUALAN_KAYU/vendor/codeigniter4/framework/system/Autoloader/Autoloader.php(219): CodeIgniter\Autoloader\Autoloader->loadInNamespace()
#2 [internal function]: CodeIgniter\Autoloader\Autoloader->loadClass()
#3 [internal function]: spl_autoload_call()
#4 /opt/lampp/htdocs/SIE_PENJUALAN_KAYU/vendor/codeigniter4/framework/system/CodeIgniter.php(797): class_exists()
#5 /opt/lampp/htdocs/SIE_PENJUALAN_KAYU/vendor/codeigniter4/framework/system/CodeIgniter.php(406): CodeIgniter\CodeIgniter->startController()
#6 /opt/lampp/htdocs/SIE_PENJUALAN_KAYU/vendor/codeigniter4/framework/system/CodeIgniter.php(326): CodeIgniter\CodeIgniter->handleRequest()
#7 /opt/lampp/htdocs/SIE_PENJUALAN_KAYU/public/index.php(37): CodeIgniter\CodeIgniter->run()
#8 /opt/lampp/htdocs/SIE_PENJUALAN_KAYU/vendor/codeigniter4/framework/system/Commands/Server/rewrite.php(43): require_once('/opt/lampp/htdo...')
#9 {main}
CRITICAL - 2022-03-05 09:37:00 --> syntax error, unexpected '}', expecting ';'
#0 /opt/lampp/htdocs/SIE_PENJUALAN_KAYU/vendor/codeigniter4/framework/system/Autoloader/Autoloader.php(241): CodeIgniter\Autoloader\Autoloader->includeFile()
#1 /opt/lampp/htdocs/SIE_PENJUALAN_KAYU/vendor/codeigniter4/framework/system/Autoloader/Autoloader.php(219): CodeIgniter\Autoloader\Autoloader->loadInNamespace()
#2 [internal function]: CodeIgniter\Autoloader\Autoloader->loadClass()
#3 [internal function]: spl_autoload_call()
#4 /opt/lampp/htdocs/SIE_PENJUALAN_KAYU/vendor/codeigniter4/framework/system/CodeIgniter.php(797): class_exists()
#5 /opt/lampp/htdocs/SIE_PENJUALAN_KAYU/vendor/codeigniter4/framework/system/CodeIgniter.php(406): CodeIgniter\CodeIgniter->startController()
#6 /opt/lampp/htdocs/SIE_PENJUALAN_KAYU/vendor/codeigniter4/framework/system/CodeIgniter.php(326): CodeIgniter\CodeIgniter->handleRequest()
#7 /opt/lampp/htdocs/SIE_PENJUALAN_KAYU/public/index.php(37): CodeIgniter\CodeIgniter->run()
#8 /opt/lampp/htdocs/SIE_PENJUALAN_KAYU/vendor/codeigniter4/framework/system/Commands/Server/rewrite.php(43): require_once('/opt/lampp/htdo...')
#9 {main}
CRITICAL - 2022-03-05 09:37:00 --> syntax error, unexpected '}', expecting ';'
#0 /opt/lampp/htdocs/SIE_PENJUALAN_KAYU/vendor/codeigniter4/framework/system/Autoloader/Autoloader.php(241): CodeIgniter\Autoloader\Autoloader->includeFile()
#1 /opt/lampp/htdocs/SIE_PENJUALAN_KAYU/vendor/codeigniter4/framework/system/Autoloader/Autoloader.php(219): CodeIgniter\Autoloader\Autoloader->loadInNamespace()
#2 [internal function]: CodeIgniter\Autoloader\Autoloader->loadClass()
#3 [internal function]: spl_autoload_call()
#4 /opt/lampp/htdocs/SIE_PENJUALAN_KAYU/vendor/codeigniter4/framework/system/CodeIgniter.php(797): class_exists()
#5 /opt/lampp/htdocs/SIE_PENJUALAN_KAYU/vendor/codeigniter4/framework/system/CodeIgniter.php(406): CodeIgniter\CodeIgniter->startController()
#6 /opt/lampp/htdocs/SIE_PENJUALAN_KAYU/vendor/codeigniter4/framework/system/CodeIgniter.php(326): CodeIgniter\CodeIgniter->handleRequest()
#7 /opt/lampp/htdocs/SIE_PENJUALAN_KAYU/public/index.php(37): CodeIgniter\CodeIgniter->run()
#8 /opt/lampp/htdocs/SIE_PENJUALAN_KAYU/vendor/codeigniter4/framework/system/Commands/Server/rewrite.php(43): require_once('/opt/lampp/htdo...')
#9 {main}
CRITICAL - 2022-03-05 09:37:00 --> syntax error, unexpected '}', expecting ';'
#0 /opt/lampp/htdocs/SIE_PENJUALAN_KAYU/vendor/codeigniter4/framework/system/Autoloader/Autoloader.php(241): CodeIgniter\Autoloader\Autoloader->includeFile()
#1 /opt/lampp/htdocs/SIE_PENJUALAN_KAYU/vendor/codeigniter4/framework/system/Autoloader/Autoloader.php(219): CodeIgniter\Autoloader\Autoloader->loadInNamespace()
#2 [internal function]: CodeIgniter\Autoloader\Autoloader->loadClass()
#3 [internal function]: spl_autoload_call()
#4 /opt/lampp/htdocs/SIE_PENJUALAN_KAYU/vendor/codeigniter4/framework/system/CodeIgniter.php(797): class_exists()
#5 /opt/lampp/htdocs/SIE_PENJUALAN_KAYU/vendor/codeigniter4/framework/system/CodeIgniter.php(406): CodeIgniter\CodeIgniter->startController()
#6 /opt/lampp/htdocs/SIE_PENJUALAN_KAYU/vendor/codeigniter4/framework/system/CodeIgniter.php(326): CodeIgniter\CodeIgniter->handleRequest()
#7 /opt/lampp/htdocs/SIE_PENJUALAN_KAYU/public/index.php(37): CodeIgniter\CodeIgniter->run()
#8 /opt/lampp/htdocs/SIE_PENJUALAN_KAYU/vendor/codeigniter4/framework/system/Commands/Server/rewrite.php(43): require_once('/opt/lampp/htdo...')
#9 {main}
CRITICAL - 2022-03-05 09:37:00 --> syntax error, unexpected '}', expecting ';'
#0 /opt/lampp/htdocs/SIE_PENJUALAN_KAYU/vendor/codeigniter4/framework/system/Autoloader/Autoloader.php(241): CodeIgniter\Autoloader\Autoloader->includeFile()
#1 /opt/lampp/htdocs/SIE_PENJUALAN_KAYU/vendor/codeigniter4/framework/system/Autoloader/Autoloader.php(219): CodeIgniter\Autoloader\Autoloader->loadInNamespace()
#2 [internal function]: CodeIgniter\Autoloader\Autoloader->loadClass()
#3 [internal function]: spl_autoload_call()
#4 /opt/lampp/htdocs/SIE_PENJUALAN_KAYU/vendor/codeigniter4/framework/system/CodeIgniter.php(797): class_exists()
#5 /opt/lampp/htdocs/SIE_PENJUALAN_KAYU/vendor/codeigniter4/framework/system/CodeIgniter.php(406): CodeIgniter\CodeIgniter->startController()
#6 /opt/lampp/htdocs/SIE_PENJUALAN_KAYU/vendor/codeigniter4/framework/system/CodeIgniter.php(326): CodeIgniter\CodeIgniter->handleRequest()
#7 /opt/lampp/htdocs/SIE_PENJUALAN_KAYU/public/index.php(37): CodeIgniter\CodeIgniter->run()
#8 /opt/lampp/htdocs/SIE_PENJUALAN_KAYU/vendor/codeigniter4/framework/system/Commands/Server/rewrite.php(43): require_once('/opt/lampp/htdo...')
#9 {main}
CRITICAL - 2022-03-05 09:37:00 --> syntax error, unexpected '}', expecting ';'
#0 /opt/lampp/htdocs/SIE_PENJUALAN_KAYU/vendor/codeigniter4/framework/system/Autoloader/Autoloader.php(241): CodeIgniter\Autoloader\Autoloader->includeFile()
#1 /opt/lampp/htdocs/SIE_PENJUALAN_KAYU/vendor/codeigniter4/framework/system/Autoloader/Autoloader.php(219): CodeIgniter\Autoloader\Autoloader->loadInNamespace()
#2 [internal function]: CodeIgniter\Autoloader\Autoloader->loadClass()
#3 [internal function]: spl_autoload_call()
#4 /opt/lampp/htdocs/SIE_PENJUALAN_KAYU/vendor/codeigniter4/framework/system/CodeIgniter.php(797): class_exists()
#5 /opt/lampp/htdocs/SIE_PENJUALAN_KAYU/vendor/codeigniter4/framework/system/CodeIgniter.php(406): CodeIgniter\CodeIgniter->startController()
#6 /opt/lampp/htdocs/SIE_PENJUALAN_KAYU/vendor/codeigniter4/framework/system/CodeIgniter.php(326): CodeIgniter\CodeIgniter->handleRequest()
#7 /opt/lampp/htdocs/SIE_PENJUALAN_KAYU/public/index.php(37): CodeIgniter\CodeIgniter->run()
#8 /opt/lampp/htdocs/SIE_PENJUALAN_KAYU/vendor/codeigniter4/framework/system/Commands/Server/rewrite.php(43): require_once('/opt/lampp/htdo...')
#9 {main}
CRITICAL - 2022-03-05 09:37:01 --> syntax error, unexpected '}', expecting ';'
#0 /opt/lampp/htdocs/SIE_PENJUALAN_KAYU/vendor/codeigniter4/framework/system/Autoloader/Autoloader.php(241): CodeIgniter\Autoloader\Autoloader->includeFile()
#1 /opt/lampp/htdocs/SIE_PENJUALAN_KAYU/vendor/codeigniter4/framework/system/Autoloader/Autoloader.php(219): CodeIgniter\Autoloader\Autoloader->loadInNamespace()
#2 [internal function]: CodeIgniter\Autoloader\Autoloader->loadClass()
#3 [internal function]: spl_autoload_call()
#4 /opt/lampp/htdocs/SIE_PENJUALAN_KAYU/vendor/codeigniter4/framework/system/CodeIgniter.php(797): class_exists()
#5 /opt/lampp/htdocs/SIE_PENJUALAN_KAYU/vendor/codeigniter4/framework/system/CodeIgniter.php(406): CodeIgniter\CodeIgniter->startController()
#6 /opt/lampp/htdocs/SIE_PENJUALAN_KAYU/vendor/codeigniter4/framework/system/CodeIgniter.php(326): CodeIgniter\CodeIgniter->handleRequest()
#7 /opt/lampp/htdocs/SIE_PENJUALAN_KAYU/public/index.php(37): CodeIgniter\CodeIgniter->run()
#8 /opt/lampp/htdocs/SIE_PENJUALAN_KAYU/vendor/codeigniter4/framework/system/Commands/Server/rewrite.php(43): require_once('/opt/lampp/htdo...')
#9 {main}
CRITICAL - 2022-03-05 09:37:01 --> syntax error, unexpected '}', expecting ';'
#0 /opt/lampp/htdocs/SIE_PENJUALAN_KAYU/vendor/codeigniter4/framework/system/Autoloader/Autoloader.php(241): CodeIgniter\Autoloader\Autoloader->includeFile()
#1 /opt/lampp/htdocs/SIE_PENJUALAN_KAYU/vendor/codeigniter4/framework/system/Autoloader/Autoloader.php(219): CodeIgniter\Autoloader\Autoloader->loadInNamespace()
#2 [internal function]: CodeIgniter\Autoloader\Autoloader->loadClass()
#3 [internal function]: spl_autoload_call()
#4 /opt/lampp/htdocs/SIE_PENJUALAN_KAYU/vendor/codeigniter4/framework/system/CodeIgniter.php(797): class_exists()
#5 /opt/lampp/htdocs/SIE_PENJUALAN_KAYU/vendor/codeigniter4/framework/system/CodeIgniter.php(406): CodeIgniter\CodeIgniter->startController()
#6 /opt/lampp/htdocs/SIE_PENJUALAN_KAYU/vendor/codeigniter4/framework/system/CodeIgniter.php(326): CodeIgniter\CodeIgniter->handleRequest()
#7 /opt/lampp/htdocs/SIE_PENJUALAN_KAYU/public/index.php(37): CodeIgniter\CodeIgniter->run()
#8 /opt/lampp/htdocs/SIE_PENJUALAN_KAYU/vendor/codeigniter4/framework/system/Commands/Server/rewrite.php(43): require_once('/opt/lampp/htdo...')
#9 {main}
CRITICAL - 2022-03-05 09:37:23 --> syntax error, unexpected '}', expecting ';'
#0 /opt/lampp/htdocs/SIE_PENJUALAN_KAYU/vendor/codeigniter4/framework/system/Autoloader/Autoloader.php(241): CodeIgniter\Autoloader\Autoloader->includeFile()
#1 /opt/lampp/htdocs/SIE_PENJUALAN_KAYU/vendor/codeigniter4/framework/system/Autoloader/Autoloader.php(219): CodeIgniter\Autoloader\Autoloader->loadInNamespace()
#2 [internal function]: CodeIgniter\Autoloader\Autoloader->loadClass()
#3 [internal function]: spl_autoload_call()
#4 /opt/lampp/htdocs/SIE_PENJUALAN_KAYU/vendor/codeigniter4/framework/system/CodeIgniter.php(797): class_exists()
#5 /opt/lampp/htdocs/SIE_PENJUALAN_KAYU/vendor/codeigniter4/framework/system/CodeIgniter.php(406): CodeIgniter\CodeIgniter->startController()
#6 /opt/lampp/htdocs/SIE_PENJUALAN_KAYU/vendor/codeigniter4/framework/system/CodeIgniter.php(326): CodeIgniter\CodeIgniter->handleRequest()
#7 /opt/lampp/htdocs/SIE_PENJUALAN_KAYU/public/index.php(37): CodeIgniter\CodeIgniter->run()
#8 /opt/lampp/htdocs/SIE_PENJUALAN_KAYU/vendor/codeigniter4/framework/system/Commands/Server/rewrite.php(43): require_once('/opt/lampp/htdo...')
#9 {main}
CRITICAL - 2022-03-05 09:37:24 --> syntax error, unexpected '}', expecting ';'
#0 /opt/lampp/htdocs/SIE_PENJUALAN_KAYU/vendor/codeigniter4/framework/system/Autoloader/Autoloader.php(241): CodeIgniter\Autoloader\Autoloader->includeFile()
#1 /opt/lampp/htdocs/SIE_PENJUALAN_KAYU/vendor/codeigniter4/framework/system/Autoloader/Autoloader.php(219): CodeIgniter\Autoloader\Autoloader->loadInNamespace()
#2 [internal function]: CodeIgniter\Autoloader\Autoloader->loadClass()
#3 [internal function]: spl_autoload_call()
#4 /opt/lampp/htdocs/SIE_PENJUALAN_KAYU/vendor/codeigniter4/framework/system/CodeIgniter.php(797): class_exists()
#5 /opt/lampp/htdocs/SIE_PENJUALAN_KAYU/vendor/codeigniter4/framework/system/CodeIgniter.php(406): CodeIgniter\CodeIgniter->startController()
#6 /opt/lampp/htdocs/SIE_PENJUALAN_KAYU/vendor/codeigniter4/framework/system/CodeIgniter.php(326): CodeIgniter\CodeIgniter->handleRequest()
#7 /opt/lampp/htdocs/SIE_PENJUALAN_KAYU/public/index.php(37): CodeIgniter\CodeIgniter->run()
#8 /opt/lampp/htdocs/SIE_PENJUALAN_KAYU/vendor/codeigniter4/framework/system/Commands/Server/rewrite.php(43): require_once('/opt/lampp/htdo...')
#9 {main}
CRITICAL - 2022-03-05 09:37:24 --> syntax error, unexpected '}', expecting ';'
#0 /opt/lampp/htdocs/SIE_PENJUALAN_KAYU/vendor/codeigniter4/framework/system/Autoloader/Autoloader.php(241): CodeIgniter\Autoloader\Autoloader->includeFile()
#1 /opt/lampp/htdocs/SIE_PENJUALAN_KAYU/vendor/codeigniter4/framework/system/Autoloader/Autoloader.php(219): CodeIgniter\Autoloader\Autoloader->loadInNamespace()
#2 [internal function]: CodeIgniter\Autoloader\Autoloader->loadClass()
#3 [internal function]: spl_autoload_call()
#4 /opt/lampp/htdocs/SIE_PENJUALAN_KAYU/vendor/codeigniter4/framework/system/CodeIgniter.php(797): class_exists()
#5 /opt/lampp/htdocs/SIE_PENJUALAN_KAYU/vendor/codeigniter4/framework/system/CodeIgniter.php(406): CodeIgniter\CodeIgniter->startController()
#6 /opt/lampp/htdocs/SIE_PENJUALAN_KAYU/vendor/codeigniter4/framework/system/CodeIgniter.php(326): CodeIgniter\CodeIgniter->handleRequest()
#7 /opt/lampp/htdocs/SIE_PENJUALAN_KAYU/public/index.php(37): CodeIgniter\CodeIgniter->run()
#8 /opt/lampp/htdocs/SIE_PENJUALAN_KAYU/vendor/codeigniter4/framework/system/Commands/Server/rewrite.php(43): require_once('/opt/lampp/htdo...')
#9 {main}
CRITICAL - 2022-03-05 09:37:25 --> syntax error, unexpected '}', expecting ';'
#0 /opt/lampp/htdocs/SIE_PENJUALAN_KAYU/vendor/codeigniter4/framework/system/Autoloader/Autoloader.php(241): CodeIgniter\Autoloader\Autoloader->includeFile()
#1 /opt/lampp/htdocs/SIE_PENJUALAN_KAYU/vendor/codeigniter4/framework/system/Autoloader/Autoloader.php(219): CodeIgniter\Autoloader\Autoloader->loadInNamespace()
#2 [internal function]: CodeIgniter\Autoloader\Autoloader->loadClass()
#3 [internal function]: spl_autoload_call()
#4 /opt/lampp/htdocs/SIE_PENJUALAN_KAYU/vendor/codeigniter4/framework/system/CodeIgniter.php(797): class_exists()
#5 /opt/lampp/htdocs/SIE_PENJUALAN_KAYU/vendor/codeigniter4/framework/system/CodeIgniter.php(406): CodeIgniter\CodeIgniter->startController()
#6 /opt/lampp/htdocs/SIE_PENJUALAN_KAYU/vendor/codeigniter4/framework/system/CodeIgniter.php(326): CodeIgniter\CodeIgniter->handleRequest()
#7 /opt/lampp/htdocs/SIE_PENJUALAN_KAYU/public/index.php(37): CodeIgniter\CodeIgniter->run()
#8 /opt/lampp/htdocs/SIE_PENJUALAN_KAYU/vendor/codeigniter4/framework/system/Commands/Server/rewrite.php(43): require_once('/opt/lampp/htdo...')
#9 {main}
CRITICAL - 2022-03-05 09:37:25 --> syntax error, unexpected '}', expecting ';'
#0 /opt/lampp/htdocs/SIE_PENJUALAN_KAYU/vendor/codeigniter4/framework/system/Autoloader/Autoloader.php(241): CodeIgniter\Autoloader\Autoloader->includeFile()
#1 /opt/lampp/htdocs/SIE_PENJUALAN_KAYU/vendor/codeigniter4/framework/system/Autoloader/Autoloader.php(219): CodeIgniter\Autoloader\Autoloader->loadInNamespace()
#2 [internal function]: CodeIgniter\Autoloader\Autoloader->loadClass()
#3 [internal function]: spl_autoload_call()
#4 /opt/lampp/htdocs/SIE_PENJUALAN_KAYU/vendor/codeigniter4/framework/system/CodeIgniter.php(797): class_exists()
#5 /opt/lampp/htdocs/SIE_PENJUALAN_KAYU/vendor/codeigniter4/framework/system/CodeIgniter.php(406): CodeIgniter\CodeIgniter->startController()
#6 /opt/lampp/htdocs/SIE_PENJUALAN_KAYU/vendor/codeigniter4/framework/system/CodeIgniter.php(326): CodeIgniter\CodeIgniter->handleRequest()
#7 /opt/lampp/htdocs/SIE_PENJUALAN_KAYU/public/index.php(37): CodeIgniter\CodeIgniter->run()
#8 /opt/lampp/htdocs/SIE_PENJUALAN_KAYU/vendor/codeigniter4/framework/system/Commands/Server/rewrite.php(43): require_once('/opt/lampp/htdo...')
#9 {main}
CRITICAL - 2022-03-05 09:37:25 --> syntax error, unexpected '}', expecting ';'
#0 /opt/lampp/htdocs/SIE_PENJUALAN_KAYU/vendor/codeigniter4/framework/system/Autoloader/Autoloader.php(241): CodeIgniter\Autoloader\Autoloader->includeFile()
#1 /opt/lampp/htdocs/SIE_PENJUALAN_KAYU/vendor/codeigniter4/framework/system/Autoloader/Autoloader.php(219): CodeIgniter\Autoloader\Autoloader->loadInNamespace()
#2 [internal function]: CodeIgniter\Autoloader\Autoloader->loadClass()
#3 [internal function]: spl_autoload_call()
#4 /opt/lampp/htdocs/SIE_PENJUALAN_KAYU/vendor/codeigniter4/framework/system/CodeIgniter.php(797): class_exists()
#5 /opt/lampp/htdocs/SIE_PENJUALAN_KAYU/vendor/codeigniter4/framework/system/CodeIgniter.php(406): CodeIgniter\CodeIgniter->startController()
#6 /opt/lampp/htdocs/SIE_PENJUALAN_KAYU/vendor/codeigniter4/framework/system/CodeIgniter.php(326): CodeIgniter\CodeIgniter->handleRequest()
#7 /opt/lampp/htdocs/SIE_PENJUALAN_KAYU/public/index.php(37): CodeIgniter\CodeIgniter->run()
#8 /opt/lampp/htdocs/SIE_PENJUALAN_KAYU/vendor/codeigniter4/framework/system/Commands/Server/rewrite.php(43): require_once('/opt/lampp/htdo...')
#9 {main}
CRITICAL - 2022-03-05 09:37:25 --> syntax error, unexpected '}', expecting ';'
#0 /opt/lampp/htdocs/SIE_PENJUALAN_KAYU/vendor/codeigniter4/framework/system/Autoloader/Autoloader.php(241): CodeIgniter\Autoloader\Autoloader->includeFile()
#1 /opt/lampp/htdocs/SIE_PENJUALAN_KAYU/vendor/codeigniter4/framework/system/Autoloader/Autoloader.php(219): CodeIgniter\Autoloader\Autoloader->loadInNamespace()
#2 [internal function]: CodeIgniter\Autoloader\Autoloader->loadClass()
#3 [internal function]: spl_autoload_call()
#4 /opt/lampp/htdocs/SIE_PENJUALAN_KAYU/vendor/codeigniter4/framework/system/CodeIgniter.php(797): class_exists()
#5 /opt/lampp/htdocs/SIE_PENJUALAN_KAYU/vendor/codeigniter4/framework/system/CodeIgniter.php(406): CodeIgniter\CodeIgniter->startController()
#6 /opt/lampp/htdocs/SIE_PENJUALAN_KAYU/vendor/codeigniter4/framework/system/CodeIgniter.php(326): CodeIgniter\CodeIgniter->handleRequest()
#7 /opt/lampp/htdocs/SIE_PENJUALAN_KAYU/public/index.php(37): CodeIgniter\CodeIgniter->run()
#8 /opt/lampp/htdocs/SIE_PENJUALAN_KAYU/vendor/codeigniter4/framework/system/Commands/Server/rewrite.php(43): require_once('/opt/lampp/htdo...')
#9 {main}
CRITICAL - 2022-03-05 09:37:26 --> syntax error, unexpected '}', expecting ';'
#0 /opt/lampp/htdocs/SIE_PENJUALAN_KAYU/vendor/codeigniter4/framework/system/Autoloader/Autoloader.php(241): CodeIgniter\Autoloader\Autoloader->includeFile()
#1 /opt/lampp/htdocs/SIE_PENJUALAN_KAYU/vendor/codeigniter4/framework/system/Autoloader/Autoloader.php(219): CodeIgniter\Autoloader\Autoloader->loadInNamespace()
#2 [internal function]: CodeIgniter\Autoloader\Autoloader->loadClass()
#3 [internal function]: spl_autoload_call()
#4 /opt/lampp/htdocs/SIE_PENJUALAN_KAYU/vendor/codeigniter4/framework/system/CodeIgniter.php(797): class_exists()
#5 /opt/lampp/htdocs/SIE_PENJUALAN_KAYU/vendor/codeigniter4/framework/system/CodeIgniter.php(406): CodeIgniter\CodeIgniter->startController()
#6 /opt/lampp/htdocs/SIE_PENJUALAN_KAYU/vendor/codeigniter4/framework/system/CodeIgniter.php(326): CodeIgniter\CodeIgniter->handleRequest()
#7 /opt/lampp/htdocs/SIE_PENJUALAN_KAYU/public/index.php(37): CodeIgniter\CodeIgniter->run()
#8 /opt/lampp/htdocs/SIE_PENJUALAN_KAYU/vendor/codeigniter4/framework/system/Commands/Server/rewrite.php(43): require_once('/opt/lampp/htdo...')
#9 {main}
CRITICAL - 2022-03-05 09:37:33 --> syntax error, unexpected '}', expecting ';'
#0 /opt/lampp/htdocs/SIE_PENJUALAN_KAYU/vendor/codeigniter4/framework/system/Autoloader/Autoloader.php(241): CodeIgniter\Autoloader\Autoloader->includeFile()
#1 /opt/lampp/htdocs/SIE_PENJUALAN_KAYU/vendor/codeigniter4/framework/system/Autoloader/Autoloader.php(219): CodeIgniter\Autoloader\Autoloader->loadInNamespace()
#2 [internal function]: CodeIgniter\Autoloader\Autoloader->loadClass()
#3 [internal function]: spl_autoload_call()
#4 /opt/lampp/htdocs/SIE_PENJUALAN_KAYU/vendor/codeigniter4/framework/system/CodeIgniter.php(797): class_exists()
#5 /opt/lampp/htdocs/SIE_PENJUALAN_KAYU/vendor/codeigniter4/framework/system/CodeIgniter.php(406): CodeIgniter\CodeIgniter->startController()
#6 /opt/lampp/htdocs/SIE_PENJUALAN_KAYU/vendor/codeigniter4/framework/system/CodeIgniter.php(326): CodeIgniter\CodeIgniter->handleRequest()
#7 /opt/lampp/htdocs/SIE_PENJUALAN_KAYU/public/index.php(37): CodeIgniter\CodeIgniter->run()
#8 /opt/lampp/htdocs/SIE_PENJUALAN_KAYU/vendor/codeigniter4/framework/system/Commands/Server/rewrite.php(43): require_once('/opt/lampp/htdo...')
#9 {main}
CRITICAL - 2022-03-05 09:37:34 --> syntax error, unexpected '}', expecting ';'
#0 /opt/lampp/htdocs/SIE_PENJUALAN_KAYU/vendor/codeigniter4/framework/system/Autoloader/Autoloader.php(241): CodeIgniter\Autoloader\Autoloader->includeFile()
#1 /opt/lampp/htdocs/SIE_PENJUALAN_KAYU/vendor/codeigniter4/framework/system/Autoloader/Autoloader.php(219): CodeIgniter\Autoloader\Autoloader->loadInNamespace()
#2 [internal function]: CodeIgniter\Autoloader\Autoloader->loadClass()
#3 [internal function]: spl_autoload_call()
#4 /opt/lampp/htdocs/SIE_PENJUALAN_KAYU/vendor/codeigniter4/framework/system/CodeIgniter.php(797): class_exists()
#5 /opt/lampp/htdocs/SIE_PENJUALAN_KAYU/vendor/codeigniter4/framework/system/CodeIgniter.php(406): CodeIgniter\CodeIgniter->startController()
#6 /opt/lampp/htdocs/SIE_PENJUALAN_KAYU/vendor/codeigniter4/framework/system/CodeIgniter.php(326): CodeIgniter\CodeIgniter->handleRequest()
#7 /opt/lampp/htdocs/SIE_PENJUALAN_KAYU/public/index.php(37): CodeIgniter\CodeIgniter->run()
#8 /opt/lampp/htdocs/SIE_PENJUALAN_KAYU/vendor/codeigniter4/framework/system/Commands/Server/rewrite.php(43): require_once('/opt/lampp/htdo...')
#9 {main}
CRITICAL - 2022-03-05 09:37:34 --> syntax error, unexpected '}', expecting ';'
#0 /opt/lampp/htdocs/SIE_PENJUALAN_KAYU/vendor/codeigniter4/framework/system/Autoloader/Autoloader.php(241): CodeIgniter\Autoloader\Autoloader->includeFile()
#1 /opt/lampp/htdocs/SIE_PENJUALAN_KAYU/vendor/codeigniter4/framework/system/Autoloader/Autoloader.php(219): CodeIgniter\Autoloader\Autoloader->loadInNamespace()
#2 [internal function]: CodeIgniter\Autoloader\Autoloader->loadClass()
#3 [internal function]: spl_autoload_call()
#4 /opt/lampp/htdocs/SIE_PENJUALAN_KAYU/vendor/codeigniter4/framework/system/CodeIgniter.php(797): class_exists()
#5 /opt/lampp/htdocs/SIE_PENJUALAN_KAYU/vendor/codeigniter4/framework/system/CodeIgniter.php(406): CodeIgniter\CodeIgniter->startController()
#6 /opt/lampp/htdocs/SIE_PENJUALAN_KAYU/vendor/codeigniter4/framework/system/CodeIgniter.php(326): CodeIgniter\CodeIgniter->handleRequest()
#7 /opt/lampp/htdocs/SIE_PENJUALAN_KAYU/public/index.php(37): CodeIgniter\CodeIgniter->run()
#8 /opt/lampp/htdocs/SIE_PENJUALAN_KAYU/vendor/codeigniter4/framework/system/Commands/Server/rewrite.php(43): require_once('/opt/lampp/htdo...')
#9 {main}
CRITICAL - 2022-03-05 09:37:34 --> syntax error, unexpected '}', expecting ';'
#0 /opt/lampp/htdocs/SIE_PENJUALAN_KAYU/vendor/codeigniter4/framework/system/Autoloader/Autoloader.php(241): CodeIgniter\Autoloader\Autoloader->includeFile()
#1 /opt/lampp/htdocs/SIE_PENJUALAN_KAYU/vendor/codeigniter4/framework/system/Autoloader/Autoloader.php(219): CodeIgniter\Autoloader\Autoloader->loadInNamespace()
#2 [internal function]: CodeIgniter\Autoloader\Autoloader->loadClass()
#3 [internal function]: spl_autoload_call()
#4 /opt/lampp/htdocs/SIE_PENJUALAN_KAYU/vendor/codeigniter4/framework/system/CodeIgniter.php(797): class_exists()
#5 /opt/lampp/htdocs/SIE_PENJUALAN_KAYU/vendor/codeigniter4/framework/system/CodeIgniter.php(406): CodeIgniter\CodeIgniter->startController()
#6 /opt/lampp/htdocs/SIE_PENJUALAN_KAYU/vendor/codeigniter4/framework/system/CodeIgniter.php(326): CodeIgniter\CodeIgniter->handleRequest()
#7 /opt/lampp/htdocs/SIE_PENJUALAN_KAYU/public/index.php(37): CodeIgniter\CodeIgniter->run()
#8 /opt/lampp/htdocs/SIE_PENJUALAN_KAYU/vendor/codeigniter4/framework/system/Commands/Server/rewrite.php(43): require_once('/opt/lampp/htdo...')
#9 {main}
CRITICAL - 2022-03-05 09:37:35 --> syntax error, unexpected '}', expecting ';'
#0 /opt/lampp/htdocs/SIE_PENJUALAN_KAYU/vendor/codeigniter4/framework/system/Autoloader/Autoloader.php(241): CodeIgniter\Autoloader\Autoloader->includeFile()
#1 /opt/lampp/htdocs/SIE_PENJUALAN_KAYU/vendor/codeigniter4/framework/system/Autoloader/Autoloader.php(219): CodeIgniter\Autoloader\Autoloader->loadInNamespace()
#2 [internal function]: CodeIgniter\Autoloader\Autoloader->loadClass()
#3 [internal function]: spl_autoload_call()
#4 /opt/lampp/htdocs/SIE_PENJUALAN_KAYU/vendor/codeigniter4/framework/system/CodeIgniter.php(797): class_exists()
#5 /opt/lampp/htdocs/SIE_PENJUALAN_KAYU/vendor/codeigniter4/framework/system/CodeIgniter.php(406): CodeIgniter\CodeIgniter->startController()
#6 /opt/lampp/htdocs/SIE_PENJUALAN_KAYU/vendor/codeigniter4/framework/system/CodeIgniter.php(326): CodeIgniter\CodeIgniter->handleRequest()
#7 /opt/lampp/htdocs/SIE_PENJUALAN_KAYU/public/index.php(37): CodeIgniter\CodeIgniter->run()
#8 /opt/lampp/htdocs/SIE_PENJUALAN_KAYU/vendor/codeigniter4/framework/system/Commands/Server/rewrite.php(43): require_once('/opt/lampp/htdo...')
#9 {main}
CRITICAL - 2022-03-05 09:37:43 --> syntax error, unexpected '}', expecting ';'
#0 /opt/lampp/htdocs/SIE_PENJUALAN_KAYU/vendor/codeigniter4/framework/system/Autoloader/Autoloader.php(241): CodeIgniter\Autoloader\Autoloader->includeFile()
#1 /opt/lampp/htdocs/SIE_PENJUALAN_KAYU/vendor/codeigniter4/framework/system/Autoloader/Autoloader.php(219): CodeIgniter\Autoloader\Autoloader->loadInNamespace()
#2 [internal function]: CodeIgniter\Autoloader\Autoloader->loadClass()
#3 [internal function]: spl_autoload_call()
#4 /opt/lampp/htdocs/SIE_PENJUALAN_KAYU/vendor/codeigniter4/framework/system/CodeIgniter.php(797): class_exists()
#5 /opt/lampp/htdocs/SIE_PENJUALAN_KAYU/vendor/codeigniter4/framework/system/CodeIgniter.php(406): CodeIgniter\CodeIgniter->startController()
#6 /opt/lampp/htdocs/SIE_PENJUALAN_KAYU/vendor/codeigniter4/framework/system/CodeIgniter.php(326): CodeIgniter\CodeIgniter->handleRequest()
#7 /opt/lampp/htdocs/SIE_PENJUALAN_KAYU/public/index.php(37): CodeIgniter\CodeIgniter->run()
#8 /opt/lampp/htdocs/SIE_PENJUALAN_KAYU/vendor/codeigniter4/framework/system/Commands/Server/rewrite.php(43): require_once('/opt/lampp/htdo...')
#9 {main}
CRITICAL - 2022-03-05 09:37:44 --> syntax error, unexpected '}', expecting ';'
#0 /opt/lampp/htdocs/SIE_PENJUALAN_KAYU/vendor/codeigniter4/framework/system/Autoloader/Autoloader.php(241): CodeIgniter\Autoloader\Autoloader->includeFile()
#1 /opt/lampp/htdocs/SIE_PENJUALAN_KAYU/vendor/codeigniter4/framework/system/Autoloader/Autoloader.php(219): CodeIgniter\Autoloader\Autoloader->loadInNamespace()
#2 [internal function]: CodeIgniter\Autoloader\Autoloader->loadClass()
#3 [internal function]: spl_autoload_call()
#4 /opt/lampp/htdocs/SIE_PENJUALAN_KAYU/vendor/codeigniter4/framework/system/CodeIgniter.php(797): class_exists()
#5 /opt/lampp/htdocs/SIE_PENJUALAN_KAYU/vendor/codeigniter4/framework/system/CodeIgniter.php(406): CodeIgniter\CodeIgniter->startController()
#6 /opt/lampp/htdocs/SIE_PENJUALAN_KAYU/vendor/codeigniter4/framework/system/CodeIgniter.php(326): CodeIgniter\CodeIgniter->handleRequest()
#7 /opt/lampp/htdocs/SIE_PENJUALAN_KAYU/public/index.php(37): CodeIgniter\CodeIgniter->run()
#8 /opt/lampp/htdocs/SIE_PENJUALAN_KAYU/vendor/codeigniter4/framework/system/Commands/Server/rewrite.php(43): require_once('/opt/lampp/htdo...')
#9 {main}
CRITICAL - 2022-03-05 09:37:44 --> syntax error, unexpected '}', expecting ';'
#0 /opt/lampp/htdocs/SIE_PENJUALAN_KAYU/vendor/codeigniter4/framework/system/Autoloader/Autoloader.php(241): CodeIgniter\Autoloader\Autoloader->includeFile()
#1 /opt/lampp/htdocs/SIE_PENJUALAN_KAYU/vendor/codeigniter4/framework/system/Autoloader/Autoloader.php(219): CodeIgniter\Autoloader\Autoloader->loadInNamespace()
#2 [internal function]: CodeIgniter\Autoloader\Autoloader->loadClass()
#3 [internal function]: spl_autoload_call()
#4 /opt/lampp/htdocs/SIE_PENJUALAN_KAYU/vendor/codeigniter4/framework/system/CodeIgniter.php(797): class_exists()
#5 /opt/lampp/htdocs/SIE_PENJUALAN_KAYU/vendor/codeigniter4/framework/system/CodeIgniter.php(406): CodeIgniter\CodeIgniter->startController()
#6 /opt/lampp/htdocs/SIE_PENJUALAN_KAYU/vendor/codeigniter4/framework/system/CodeIgniter.php(326): CodeIgniter\CodeIgniter->handleRequest()
#7 /opt/lampp/htdocs/SIE_PENJUALAN_KAYU/public/index.php(37): CodeIgniter\CodeIgniter->run()
#8 /opt/lampp/htdocs/SIE_PENJUALAN_KAYU/vendor/codeigniter4/framework/system/Commands/Server/rewrite.php(43): require_once('/opt/lampp/htdo...')
#9 {main}
CRITICAL - 2022-03-05 09:38:52 --> syntax error, unexpected '}', expecting ';'
#0 /opt/lampp/htdocs/SIE_PENJUALAN_KAYU/vendor/codeigniter4/framework/system/Autoloader/Autoloader.php(241): CodeIgniter\Autoloader\Autoloader->includeFile()
#1 /opt/lampp/htdocs/SIE_PENJUALAN_KAYU/vendor/codeigniter4/framework/system/Autoloader/Autoloader.php(219): CodeIgniter\Autoloader\Autoloader->loadInNamespace()
#2 [internal function]: CodeIgniter\Autoloader\Autoloader->loadClass()
#3 [internal function]: spl_autoload_call()
#4 /opt/lampp/htdocs/SIE_PENJUALAN_KAYU/vendor/codeigniter4/framework/system/CodeIgniter.php(797): class_exists()
#5 /opt/lampp/htdocs/SIE_PENJUALAN_KAYU/vendor/codeigniter4/framework/system/CodeIgniter.php(406): CodeIgniter\CodeIgniter->startController()
#6 /opt/lampp/htdocs/SIE_PENJUALAN_KAYU/vendor/codeigniter4/framework/system/CodeIgniter.php(326): CodeIgniter\CodeIgniter->handleRequest()
#7 /opt/lampp/htdocs/SIE_PENJUALAN_KAYU/public/index.php(37): CodeIgniter\CodeIgniter->run()
#8 /opt/lampp/htdocs/SIE_PENJUALAN_KAYU/vendor/codeigniter4/framework/system/Commands/Server/rewrite.php(43): require_once('/opt/lampp/htdo...')
#9 {main}
