CRITICAL - 2022-09-08 11:14:45 --> Undefined variable $dataJenisKayus
in APPPATH\Views\section\footer.php on line 1523.
 1 APPPATH\Views\section\footer.php(1523): CodeIgniter\Debug\Exceptions->errorHandler(2, 'Undefined variable $dataJenisKayus', 'APPPATH\\Views\\section\\footer.php', 1523)
 2 SYSTEMPATH\View\View.php(213): include('APPPATH\\Views\\section\\footer.php')
 3 SYSTEMPATH\View\View.php(216): CodeIgniter\View\View->CodeIgniter\View\{closure}()
 4 SYSTEMPATH\Common.php(1137): CodeIgniter\View\View->render('section/footer', [], true)
 5 APPPATH\Controllers\Transaksi.php(44): view('section/footer', [...])
 6 SYSTEMPATH\CodeIgniter.php(904): App\Controllers\Transaksi->index()
 7 SYSTEMPATH\CodeIgniter.php(457): CodeIgniter\CodeIgniter->runController(Object(App\Controllers\Transaksi))
 8 SYSTEMPATH\CodeIgniter.php(340): CodeIgniter\CodeIgniter->handleRequest(null, Object(Config\Cache), false)
 9 FCPATH\index.php(55): CodeIgniter\CodeIgniter->run()
CRITICAL - 2022-09-08 11:14:57 --> Undefined variable $dataJenisKayus
in APPPATH\Views\section\footer.php on line 1523.
 1 APPPATH\Views\section\footer.php(1523): CodeIgniter\Debug\Exceptions->errorHandler(2, 'Undefined variable $dataJenisKayus', 'APPPATH\\Views\\section\\footer.php', 1523)
 2 SYSTEMPATH\View\View.php(213): include('APPPATH\\Views\\section\\footer.php')
 3 SYSTEMPATH\View\View.php(216): CodeIgniter\View\View->CodeIgniter\View\{closure}()
 4 SYSTEMPATH\Common.php(1137): CodeIgniter\View\View->render('section/footer', [], true)
 5 APPPATH\Controllers\Transaksi.php(44): view('section/footer', [...])
 6 SYSTEMPATH\CodeIgniter.php(904): App\Controllers\Transaksi->index()
 7 SYSTEMPATH\CodeIgniter.php(457): CodeIgniter\CodeIgniter->runController(Object(App\Controllers\Transaksi))
 8 SYSTEMPATH\CodeIgniter.php(340): CodeIgniter\CodeIgniter->handleRequest(null, Object(Config\Cache), false)
 9 FCPATH\index.php(55): CodeIgniter\CodeIgniter->run()
CRITICAL - 2022-09-08 11:15:23 --> Undefined variable $dataJenisKayus
in APPPATH\Views\section\footer.php on line 1523.
 1 APPPATH\Views\section\footer.php(1523): CodeIgniter\Debug\Exceptions->errorHandler(2, 'Undefined variable $dataJenisKayus', 'APPPATH\\Views\\section\\footer.php', 1523)
 2 SYSTEMPATH\View\View.php(213): include('APPPATH\\Views\\section\\footer.php')
 3 SYSTEMPATH\View\View.php(216): CodeIgniter\View\View->CodeIgniter\View\{closure}()
 4 SYSTEMPATH\Common.php(1137): CodeIgniter\View\View->render('section/footer', [], true)
 5 APPPATH\Controllers\Transaksi.php(44): view('section/footer', [...])
 6 SYSTEMPATH\CodeIgniter.php(904): App\Controllers\Transaksi->index()
 7 SYSTEMPATH\CodeIgniter.php(457): CodeIgniter\CodeIgniter->runController(Object(App\Controllers\Transaksi))
 8 SYSTEMPATH\CodeIgniter.php(340): CodeIgniter\CodeIgniter->handleRequest(null, Object(Config\Cache), false)
 9 FCPATH\index.php(55): CodeIgniter\CodeIgniter->run()
CRITICAL - 2022-09-08 11:15:31 --> Undefined variable $dataJenisKayus
in APPPATH\Views\section\footer.php on line 1523.
 1 APPPATH\Views\section\footer.php(1523): CodeIgniter\Debug\Exceptions->errorHandler(2, 'Undefined variable $dataJenisKayus', 'APPPATH\\Views\\section\\footer.php', 1523)
 2 SYSTEMPATH\View\View.php(213): include('APPPATH\\Views\\section\\footer.php')
 3 SYSTEMPATH\View\View.php(216): CodeIgniter\View\View->CodeIgniter\View\{closure}()
 4 SYSTEMPATH\Common.php(1137): CodeIgniter\View\View->render('section/footer', [], true)
 5 APPPATH\Controllers\Transaksi.php(44): view('section/footer', [...])
 6 SYSTEMPATH\CodeIgniter.php(904): App\Controllers\Transaksi->index()
 7 SYSTEMPATH\CodeIgniter.php(457): CodeIgniter\CodeIgniter->runController(Object(App\Controllers\Transaksi))
 8 SYSTEMPATH\CodeIgniter.php(340): CodeIgniter\CodeIgniter->handleRequest(null, Object(Config\Cache), false)
 9 FCPATH\index.php(55): CodeIgniter\CodeIgniter->run()
CRITICAL - 2022-09-08 11:15:53 --> Undefined variable $dataJenisKayus
in APPPATH\Views\section\footer.php on line 1523.
 1 APPPATH\Views\section\footer.php(1523): CodeIgniter\Debug\Exceptions->errorHandler(2, 'Undefined variable $dataJenisKayus', 'APPPATH\\Views\\section\\footer.php', 1523)
 2 SYSTEMPATH\View\View.php(213): include('APPPATH\\Views\\section\\footer.php')
 3 SYSTEMPATH\View\View.php(216): CodeIgniter\View\View->CodeIgniter\View\{closure}()
 4 SYSTEMPATH\Common.php(1137): CodeIgniter\View\View->render('section/footer', [], true)
 5 APPPATH\Controllers\Transaksi.php(44): view('section/footer', [...])
 6 SYSTEMPATH\CodeIgniter.php(904): App\Controllers\Transaksi->index()
 7 SYSTEMPATH\CodeIgniter.php(457): CodeIgniter\CodeIgniter->runController(Object(App\Controllers\Transaksi))
 8 SYSTEMPATH\CodeIgniter.php(340): CodeIgniter\CodeIgniter->handleRequest(null, Object(Config\Cache), false)
 9 FCPATH\index.php(55): CodeIgniter\CodeIgniter->run()
CRITICAL - 2022-09-08 11:16:33 --> Undefined variable $dataJenisKayus
in APPPATH\Views\section\footer.php on line 1523.
 1 APPPATH\Views\section\footer.php(1523): CodeIgniter\Debug\Exceptions->errorHandler(2, 'Undefined variable $dataJenisKayus', 'APPPATH\\Views\\section\\footer.php', 1523)
 2 SYSTEMPATH\View\View.php(213): include('APPPATH\\Views\\section\\footer.php')
 3 SYSTEMPATH\View\View.php(216): CodeIgniter\View\View->CodeIgniter\View\{closure}()
 4 SYSTEMPATH\Common.php(1137): CodeIgniter\View\View->render('section/footer', [], true)
 5 APPPATH\Controllers\Transaksi.php(44): view('section/footer', [...])
 6 SYSTEMPATH\CodeIgniter.php(904): App\Controllers\Transaksi->index()
 7 SYSTEMPATH\CodeIgniter.php(457): CodeIgniter\CodeIgniter->runController(Object(App\Controllers\Transaksi))
 8 SYSTEMPATH\CodeIgniter.php(340): CodeIgniter\CodeIgniter->handleRequest(null, Object(Config\Cache), false)
 9 FCPATH\index.php(55): CodeIgniter\CodeIgniter->run()
CRITICAL - 2022-09-08 11:16:38 --> Undefined variable $dataJenisKayus
in APPPATH\Views\section\footer.php on line 1523.
 1 APPPATH\Views\section\footer.php(1523): CodeIgniter\Debug\Exceptions->errorHandler(2, 'Undefined variable $dataJenisKayus', 'APPPATH\\Views\\section\\footer.php', 1523)
 2 SYSTEMPATH\View\View.php(213): include('APPPATH\\Views\\section\\footer.php')
 3 SYSTEMPATH\View\View.php(216): CodeIgniter\View\View->CodeIgniter\View\{closure}()
 4 SYSTEMPATH\Common.php(1137): CodeIgniter\View\View->render('section/footer', [], true)
 5 APPPATH\Controllers\Transaksi.php(43): view('section/footer', [...])
 6 SYSTEMPATH\CodeIgniter.php(904): App\Controllers\Transaksi->index()
 7 SYSTEMPATH\CodeIgniter.php(457): CodeIgniter\CodeIgniter->runController(Object(App\Controllers\Transaksi))
 8 SYSTEMPATH\CodeIgniter.php(340): CodeIgniter\CodeIgniter->handleRequest(null, Object(Config\Cache), false)
 9 FCPATH\index.php(55): CodeIgniter\CodeIgniter->run()
CRITICAL - 2022-09-08 11:16:53 --> Undefined variable $dataJenisKayus
in APPPATH\Views\section\footer.php on line 1523.
 1 APPPATH\Views\section\footer.php(1523): CodeIgniter\Debug\Exceptions->errorHandler(2, 'Undefined variable $dataJenisKayus', 'APPPATH\\Views\\section\\footer.php', 1523)
 2 SYSTEMPATH\View\View.php(213): include('APPPATH\\Views\\section\\footer.php')
 3 SYSTEMPATH\View\View.php(216): CodeIgniter\View\View->CodeIgniter\View\{closure}()
 4 SYSTEMPATH\Common.php(1137): CodeIgniter\View\View->render('section/footer', [], true)
 5 APPPATH\Controllers\Transaksi.php(42): view('section/footer', [...])
 6 SYSTEMPATH\CodeIgniter.php(904): App\Controllers\Transaksi->index()
 7 SYSTEMPATH\CodeIgniter.php(457): CodeIgniter\CodeIgniter->runController(Object(App\Controllers\Transaksi))
 8 SYSTEMPATH\CodeIgniter.php(340): CodeIgniter\CodeIgniter->handleRequest(null, Object(Config\Cache), false)
 9 FCPATH\index.php(55): CodeIgniter\CodeIgniter->run()
CRITICAL - 2022-09-08 11:18:09 --> Undefined variable $dataJenisKayus
in APPPATH\Views\section\footer.php on line 1523.
 1 APPPATH\Views\section\footer.php(1523): CodeIgniter\Debug\Exceptions->errorHandler(2, 'Undefined variable $dataJenisKayus', 'APPPATH\\Views\\section\\footer.php', 1523)
 2 SYSTEMPATH\View\View.php(213): include('APPPATH\\Views\\section\\footer.php')
 3 SYSTEMPATH\View\View.php(216): CodeIgniter\View\View->CodeIgniter\View\{closure}()
 4 SYSTEMPATH\Common.php(1137): CodeIgniter\View\View->render('section/footer', [], true)
 5 APPPATH\Controllers\Transaksi.php(42): view('section/footer', [...])
 6 SYSTEMPATH\CodeIgniter.php(904): App\Controllers\Transaksi->index()
 7 SYSTEMPATH\CodeIgniter.php(457): CodeIgniter\CodeIgniter->runController(Object(App\Controllers\Transaksi))
 8 SYSTEMPATH\CodeIgniter.php(340): CodeIgniter\CodeIgniter->handleRequest(null, Object(Config\Cache), false)
 9 FCPATH\index.php(55): CodeIgniter\CodeIgniter->run()
CRITICAL - 2022-09-08 11:18:51 --> Undefined variable $dataJenisKayus
in APPPATH\Views\section\footer.php on line 1523.
 1 APPPATH\Views\section\footer.php(1523): CodeIgniter\Debug\Exceptions->errorHandler(2, 'Undefined variable $dataJenisKayus', 'APPPATH\\Views\\section\\footer.php', 1523)
 2 SYSTEMPATH\View\View.php(213): include('APPPATH\\Views\\section\\footer.php')
 3 SYSTEMPATH\View\View.php(216): CodeIgniter\View\View->CodeIgniter\View\{closure}()
 4 SYSTEMPATH\Common.php(1137): CodeIgniter\View\View->render('section/footer', [], true)
 5 APPPATH\Controllers\Transaksi.php(42): view('section/footer', [...])
 6 SYSTEMPATH\CodeIgniter.php(904): App\Controllers\Transaksi->index()
 7 SYSTEMPATH\CodeIgniter.php(457): CodeIgniter\CodeIgniter->runController(Object(App\Controllers\Transaksi))
 8 SYSTEMPATH\CodeIgniter.php(340): CodeIgniter\CodeIgniter->handleRequest(null, Object(Config\Cache), false)
 9 FCPATH\index.php(55): CodeIgniter\CodeIgniter->run()
CRITICAL - 2022-09-08 12:45:32 --> explode(): Argument #2 ($string) must be of type string, array given
in APPPATH\Controllers\Transaksi.php on line 133.
 1 APPPATH\Controllers\Transaksi.php(133): explode('-', [...])
 2 SYSTEMPATH\CodeIgniter.php(904): App\Controllers\Transaksi->transaksi_process()
 3 SYSTEMPATH\CodeIgniter.php(457): CodeIgniter\CodeIgniter->runController(Object(App\Controllers\Transaksi))
 4 SYSTEMPATH\CodeIgniter.php(340): CodeIgniter\CodeIgniter->handleRequest(null, Object(Config\Cache), false)
 5 FCPATH\index.php(55): CodeIgniter\CodeIgniter->run()
CRITICAL - 2022-09-08 13:35:07 --> [] operator not supported for strings
in APPPATH\Controllers\Transaksi.php on line 147.
 1 SYSTEMPATH\CodeIgniter.php(904): App\Controllers\Transaksi->transaksi_process()
 2 SYSTEMPATH\CodeIgniter.php(457): CodeIgniter\CodeIgniter->runController(Object(App\Controllers\Transaksi))
 3 SYSTEMPATH\CodeIgniter.php(340): CodeIgniter\CodeIgniter->handleRequest(null, Object(Config\Cache), false)
 4 FCPATH\index.php(55): CodeIgniter\CodeIgniter->run()
CRITICAL - 2022-09-08 13:35:24 --> [] operator not supported for strings
in APPPATH\Controllers\Transaksi.php on line 147.
 1 SYSTEMPATH\CodeIgniter.php(904): App\Controllers\Transaksi->transaksi_process()
 2 SYSTEMPATH\CodeIgniter.php(457): CodeIgniter\CodeIgniter->runController(Object(App\Controllers\Transaksi))
 3 SYSTEMPATH\CodeIgniter.php(340): CodeIgniter\CodeIgniter->handleRequest(null, Object(Config\Cache), false)
 4 FCPATH\index.php(55): CodeIgniter\CodeIgniter->run()
CRITICAL - 2022-09-08 13:35:30 --> [] operator not supported for strings
in APPPATH\Controllers\Transaksi.php on line 147.
 1 SYSTEMPATH\CodeIgniter.php(904): App\Controllers\Transaksi->transaksi_process()
 2 SYSTEMPATH\CodeIgniter.php(457): CodeIgniter\CodeIgniter->runController(Object(App\Controllers\Transaksi))
 3 SYSTEMPATH\CodeIgniter.php(340): CodeIgniter\CodeIgniter->handleRequest(null, Object(Config\Cache), false)
 4 FCPATH\index.php(55): CodeIgniter\CodeIgniter->run()
CRITICAL - 2022-09-08 13:36:08 --> [] operator not supported for strings
in APPPATH\Controllers\Transaksi.php on line 147.
 1 SYSTEMPATH\CodeIgniter.php(904): App\Controllers\Transaksi->transaksi_process()
 2 SYSTEMPATH\CodeIgniter.php(457): CodeIgniter\CodeIgniter->runController(Object(App\Controllers\Transaksi))
 3 SYSTEMPATH\CodeIgniter.php(340): CodeIgniter\CodeIgniter->handleRequest(null, Object(Config\Cache), false)
 4 FCPATH\index.php(55): CodeIgniter\CodeIgniter->run()
CRITICAL - 2022-09-08 13:36:22 --> [] operator not supported for strings
in APPPATH\Controllers\Transaksi.php on line 147.
 1 SYSTEMPATH\CodeIgniter.php(904): App\Controllers\Transaksi->transaksi_process()
 2 SYSTEMPATH\CodeIgniter.php(457): CodeIgniter\CodeIgniter->runController(Object(App\Controllers\Transaksi))
 3 SYSTEMPATH\CodeIgniter.php(340): CodeIgniter\CodeIgniter->handleRequest(null, Object(Config\Cache), false)
 4 FCPATH\index.php(55): CodeIgniter\CodeIgniter->run()
CRITICAL - 2022-09-08 13:39:17 --> syntax error, unexpected floating-point number ".0", expecting ")"
in APPPATH\Controllers\Transaksi.php on line 152.
 1 SYSTEMPATH\Autoloader\Autoloader.php(259): CodeIgniter\Autoloader\Autoloader->includeFile('APPPATH\\Controllers\\Transaksi.php')
 2 SYSTEMPATH\Autoloader\Autoloader.php(237): CodeIgniter\Autoloader\Autoloader->loadInNamespace('App\\Controllers\\Transaksi')
 3 [internal function]: CodeIgniter\Autoloader\Autoloader->loadClass('App\\Controllers\\Transaksi')
 4 SYSTEMPATH\CodeIgniter.php(854): class_exists('\\App\\Controllers\\Transaksi', true)
 5 SYSTEMPATH\CodeIgniter.php(444): CodeIgniter\CodeIgniter->startController()
 6 SYSTEMPATH\CodeIgniter.php(340): CodeIgniter\CodeIgniter->handleRequest(null, Object(Config\Cache), false)
 7 FCPATH\index.php(55): CodeIgniter\CodeIgniter->run()
CRITICAL - 2022-09-08 13:40:26 --> Array to string conversion
in APPPATH\Controllers\Transaksi.php on line 153.
 1 [internal function]: CodeIgniter\Debug\Exceptions->errorHandler(2, 'Array to string conversion', 'APPPATH\\Controllers\\Transaksi.php', 153)
 2 APPPATH\Controllers\Transaksi.php(153): implode(', ', [...])
 3 SYSTEMPATH\CodeIgniter.php(904): App\Controllers\Transaksi->transaksi_process()
 4 SYSTEMPATH\CodeIgniter.php(457): CodeIgniter\CodeIgniter->runController(Object(App\Controllers\Transaksi))
 5 SYSTEMPATH\CodeIgniter.php(340): CodeIgniter\CodeIgniter->handleRequest(null, Object(Config\Cache), false)
 6 FCPATH\index.php(55): CodeIgniter\CodeIgniter->run()
CRITICAL - 2022-09-08 13:41:41 --> Unclosed '{' on line 139 does not match ']'
in APPPATH\Controllers\Transaksi.php on line 150.
 1 SYSTEMPATH\Autoloader\Autoloader.php(259): CodeIgniter\Autoloader\Autoloader->includeFile('APPPATH\\Controllers\\Transaksi.php')
 2 SYSTEMPATH\Autoloader\Autoloader.php(237): CodeIgniter\Autoloader\Autoloader->loadInNamespace('App\\Controllers\\Transaksi')
 3 [internal function]: CodeIgniter\Autoloader\Autoloader->loadClass('App\\Controllers\\Transaksi')
 4 SYSTEMPATH\CodeIgniter.php(854): class_exists('\\App\\Controllers\\Transaksi', true)
 5 SYSTEMPATH\CodeIgniter.php(444): CodeIgniter\CodeIgniter->startController()
 6 SYSTEMPATH\CodeIgniter.php(340): CodeIgniter\CodeIgniter->handleRequest(null, Object(Config\Cache), false)
 7 FCPATH\index.php(55): CodeIgniter\CodeIgniter->run()
CRITICAL - 2022-09-08 13:41:49 --> implode(): Argument #2 ($array) must be of type ?array, string given
in APPPATH\Controllers\Transaksi.php on line 147.
 1 APPPATH\Controllers\Transaksi.php(147): implode(', ', 'Jumlah Pembelian Pada Urutan [0] Belum di Pilih.')
 2 SYSTEMPATH\CodeIgniter.php(904): App\Controllers\Transaksi->transaksi_process()
 3 SYSTEMPATH\CodeIgniter.php(457): CodeIgniter\CodeIgniter->runController(Object(App\Controllers\Transaksi))
 4 SYSTEMPATH\CodeIgniter.php(340): CodeIgniter\CodeIgniter->handleRequest(null, Object(Config\Cache), false)
 5 FCPATH\index.php(55): CodeIgniter\CodeIgniter->run()
CRITICAL - 2022-09-08 13:42:32 --> syntax error, unexpected token "}"
in APPPATH\Controllers\Transaksi.php on line 217.
 1 SYSTEMPATH\Autoloader\Autoloader.php(259): CodeIgniter\Autoloader\Autoloader->includeFile('APPPATH\\Controllers\\Transaksi.php')
 2 SYSTEMPATH\Autoloader\Autoloader.php(237): CodeIgniter\Autoloader\Autoloader->loadInNamespace('App\\Controllers\\Transaksi')
 3 [internal function]: CodeIgniter\Autoloader\Autoloader->loadClass('App\\Controllers\\Transaksi')
 4 SYSTEMPATH\CodeIgniter.php(854): class_exists('\\App\\Controllers\\Transaksi', true)
 5 SYSTEMPATH\CodeIgniter.php(444): CodeIgniter\CodeIgniter->startController()
 6 SYSTEMPATH\CodeIgniter.php(340): CodeIgniter\CodeIgniter->handleRequest(null, Object(Config\Cache), false)
 7 FCPATH\index.php(55): CodeIgniter\CodeIgniter->run()
CRITICAL - 2022-09-08 13:43:38 --> Array to string conversion
in APPPATH\Controllers\Transaksi.php on line 158.
 1 [internal function]: CodeIgniter\Debug\Exceptions->errorHandler(2, 'Array to string conversion', 'APPPATH\\Controllers\\Transaksi.php', 158)
 2 APPPATH\Controllers\Transaksi.php(158): implode(' ', [...])
 3 SYSTEMPATH\CodeIgniter.php(904): App\Controllers\Transaksi->transaksi_process()
 4 SYSTEMPATH\CodeIgniter.php(457): CodeIgniter\CodeIgniter->runController(Object(App\Controllers\Transaksi))
 5 SYSTEMPATH\CodeIgniter.php(340): CodeIgniter\CodeIgniter->handleRequest(null, Object(Config\Cache), false)
 6 FCPATH\index.php(55): CodeIgniter\CodeIgniter->run()
CRITICAL - 2022-09-08 13:44:02 --> Array to string conversion
in APPPATH\Controllers\Transaksi.php on line 158.
 1 [internal function]: CodeIgniter\Debug\Exceptions->errorHandler(2, 'Array to string conversion', 'APPPATH\\Controllers\\Transaksi.php', 158)
 2 APPPATH\Controllers\Transaksi.php(158): implode(' ', [...])
 3 SYSTEMPATH\CodeIgniter.php(904): App\Controllers\Transaksi->transaksi_process()
 4 SYSTEMPATH\CodeIgniter.php(457): CodeIgniter\CodeIgniter->runController(Object(App\Controllers\Transaksi))
 5 SYSTEMPATH\CodeIgniter.php(340): CodeIgniter\CodeIgniter->handleRequest(null, Object(Config\Cache), false)
 6 FCPATH\index.php(55): CodeIgniter\CodeIgniter->run()
CRITICAL - 2022-09-08 13:44:03 --> Array to string conversion
in APPPATH\Controllers\Transaksi.php on line 158.
 1 [internal function]: CodeIgniter\Debug\Exceptions->errorHandler(2, 'Array to string conversion', 'APPPATH\\Controllers\\Transaksi.php', 158)
 2 APPPATH\Controllers\Transaksi.php(158): implode(' ', [...])
 3 SYSTEMPATH\CodeIgniter.php(904): App\Controllers\Transaksi->transaksi_process()
 4 SYSTEMPATH\CodeIgniter.php(457): CodeIgniter\CodeIgniter->runController(Object(App\Controllers\Transaksi))
 5 SYSTEMPATH\CodeIgniter.php(340): CodeIgniter\CodeIgniter->handleRequest(null, Object(Config\Cache), false)
 6 FCPATH\index.php(55): CodeIgniter\CodeIgniter->run()
CRITICAL - 2022-09-08 13:44:37 --> Array to string conversion
in APPPATH\Controllers\Transaksi.php on line 158.
 1 [internal function]: CodeIgniter\Debug\Exceptions->errorHandler(2, 'Array to string conversion', 'APPPATH\\Controllers\\Transaksi.php', 158)
 2 APPPATH\Controllers\Transaksi.php(158): implode(' ', [...])
 3 SYSTEMPATH\CodeIgniter.php(904): App\Controllers\Transaksi->transaksi_process()
 4 SYSTEMPATH\CodeIgniter.php(457): CodeIgniter\CodeIgniter->runController(Object(App\Controllers\Transaksi))
 5 SYSTEMPATH\CodeIgniter.php(340): CodeIgniter\CodeIgniter->handleRequest(null, Object(Config\Cache), false)
 6 FCPATH\index.php(55): CodeIgniter\CodeIgniter->run()
CRITICAL - 2022-09-08 13:44:47 --> Array to string conversion
in APPPATH\Controllers\Transaksi.php on line 157.
 1 [internal function]: CodeIgniter\Debug\Exceptions->errorHandler(2, 'Array to string conversion', 'APPPATH\\Controllers\\Transaksi.php', 157)
 2 APPPATH\Controllers\Transaksi.php(157): implode(' ', [...])
 3 SYSTEMPATH\CodeIgniter.php(904): App\Controllers\Transaksi->transaksi_process()
 4 SYSTEMPATH\CodeIgniter.php(457): CodeIgniter\CodeIgniter->runController(Object(App\Controllers\Transaksi))
 5 SYSTEMPATH\CodeIgniter.php(340): CodeIgniter\CodeIgniter->handleRequest(null, Object(Config\Cache), false)
 6 FCPATH\index.php(55): CodeIgniter\CodeIgniter->run()
CRITICAL - 2022-09-08 13:51:57 --> Array to string conversion
in APPPATH\Views\v_add_transaksi.php on line 41.
 1 APPPATH\Views\v_add_transaksi.php(41): CodeIgniter\Debug\Exceptions->errorHandler(2, 'Array to string conversion', 'APPPATH\\Views\\v_add_transaksi.php', 41)
 2 SYSTEMPATH\View\View.php(213): include('APPPATH\\Views\\v_add_transaksi.php')
 3 SYSTEMPATH\View\View.php(216): CodeIgniter\View\View->CodeIgniter\View\{closure}()
 4 SYSTEMPATH\Common.php(1137): CodeIgniter\View\View->render('v_add_transaksi', [], true)
 5 APPPATH\Controllers\Transaksi.php(68): view('v_add_transaksi', [...])
 6 SYSTEMPATH\CodeIgniter.php(904): App\Controllers\Transaksi->add_transaksi()
 7 SYSTEMPATH\CodeIgniter.php(457): CodeIgniter\CodeIgniter->runController(Object(App\Controllers\Transaksi))
 8 SYSTEMPATH\CodeIgniter.php(340): CodeIgniter\CodeIgniter->handleRequest(null, Object(Config\Cache), false)
 9 FCPATH\index.php(55): CodeIgniter\CodeIgniter->run()
CRITICAL - 2022-09-08 13:55:30 --> Undefined variable $new_getallid
in APPPATH\Views\v_add_transaksi.php on line 43.
 1 APPPATH\Views\v_add_transaksi.php(43): CodeIgniter\Debug\Exceptions->errorHandler(2, 'Undefined variable $new_getallid', 'APPPATH\\Views\\v_add_transaksi.php', 43)
 2 SYSTEMPATH\View\View.php(213): include('APPPATH\\Views\\v_add_transaksi.php')
 3 SYSTEMPATH\View\View.php(216): CodeIgniter\View\View->CodeIgniter\View\{closure}()
 4 SYSTEMPATH\Common.php(1137): CodeIgniter\View\View->render('v_add_transaksi', [], true)
 5 APPPATH\Controllers\Transaksi.php(68): view('v_add_transaksi', [...])
 6 SYSTEMPATH\CodeIgniter.php(904): App\Controllers\Transaksi->add_transaksi()
 7 SYSTEMPATH\CodeIgniter.php(457): CodeIgniter\CodeIgniter->runController(Object(App\Controllers\Transaksi))
 8 SYSTEMPATH\CodeIgniter.php(340): CodeIgniter\CodeIgniter->handleRequest(null, Object(Config\Cache), false)
 9 FCPATH\index.php(55): CodeIgniter\CodeIgniter->run()
CRITICAL - 2022-09-08 13:57:07 --> Undefined variable $datax
in APPPATH\Views\v_add_transaksi.php on line 43.
 1 APPPATH\Views\v_add_transaksi.php(43): CodeIgniter\Debug\Exceptions->errorHandler(2, 'Undefined variable $datax', 'APPPATH\\Views\\v_add_transaksi.php', 43)
 2 SYSTEMPATH\View\View.php(213): include('APPPATH\\Views\\v_add_transaksi.php')
 3 SYSTEMPATH\View\View.php(216): CodeIgniter\View\View->CodeIgniter\View\{closure}()
 4 SYSTEMPATH\Common.php(1137): CodeIgniter\View\View->render('v_add_transaksi', [], true)
 5 APPPATH\Controllers\Transaksi.php(68): view('v_add_transaksi', [...])
 6 SYSTEMPATH\CodeIgniter.php(904): App\Controllers\Transaksi->add_transaksi()
 7 SYSTEMPATH\CodeIgniter.php(457): CodeIgniter\CodeIgniter->runController(Object(App\Controllers\Transaksi))
 8 SYSTEMPATH\CodeIgniter.php(340): CodeIgniter\CodeIgniter->handleRequest(null, Object(Config\Cache), false)
 9 FCPATH\index.php(55): CodeIgniter\CodeIgniter->run()
CRITICAL - 2022-09-08 13:57:38 --> Array to string conversion
in APPPATH\Views\v_add_transaksi.php on line 44.
 1 APPPATH\Views\v_add_transaksi.php(44): CodeIgniter\Debug\Exceptions->errorHandler(2, 'Array to string conversion', 'APPPATH\\Views\\v_add_transaksi.php', 44)
 2 SYSTEMPATH\View\View.php(213): include('APPPATH\\Views\\v_add_transaksi.php')
 3 SYSTEMPATH\View\View.php(216): CodeIgniter\View\View->CodeIgniter\View\{closure}()
 4 SYSTEMPATH\Common.php(1137): CodeIgniter\View\View->render('v_add_transaksi', [], true)
 5 APPPATH\Controllers\Transaksi.php(68): view('v_add_transaksi', [...])
 6 SYSTEMPATH\CodeIgniter.php(904): App\Controllers\Transaksi->add_transaksi()
 7 SYSTEMPATH\CodeIgniter.php(457): CodeIgniter\CodeIgniter->runController(Object(App\Controllers\Transaksi))
 8 SYSTEMPATH\CodeIgniter.php(340): CodeIgniter\CodeIgniter->handleRequest(null, Object(Config\Cache), false)
 9 FCPATH\index.php(55): CodeIgniter\CodeIgniter->run()
CRITICAL - 2022-09-08 13:58:52 --> Attempt to read property "new_getallid" on array
in APPPATH\Views\v_add_transaksi.php on line 44.
 1 APPPATH\Views\v_add_transaksi.php(44): CodeIgniter\Debug\Exceptions->errorHandler(2, 'Attempt to read property "new_getallid" on array', 'APPPATH\\Views\\v_add_transaksi.php', 44)
 2 SYSTEMPATH\View\View.php(213): include('APPPATH\\Views\\v_add_transaksi.php')
 3 SYSTEMPATH\View\View.php(216): CodeIgniter\View\View->CodeIgniter\View\{closure}()
 4 SYSTEMPATH\Common.php(1137): CodeIgniter\View\View->render('v_add_transaksi', [], true)
 5 APPPATH\Controllers\Transaksi.php(68): view('v_add_transaksi', [...])
 6 SYSTEMPATH\CodeIgniter.php(904): App\Controllers\Transaksi->add_transaksi()
 7 SYSTEMPATH\CodeIgniter.php(457): CodeIgniter\CodeIgniter->runController(Object(App\Controllers\Transaksi))
 8 SYSTEMPATH\CodeIgniter.php(340): CodeIgniter\CodeIgniter->handleRequest(null, Object(Config\Cache), false)
 9 FCPATH\index.php(55): CodeIgniter\CodeIgniter->run()
CRITICAL - 2022-09-08 14:00:33 --> foreach() argument must be of type array|object, null given
in APPPATH\Views\v_add_transaksi.php on line 43.
 1 APPPATH\Views\v_add_transaksi.php(43): CodeIgniter\Debug\Exceptions->errorHandler(2, 'foreach() argument must be of type array|object, null given', 'APPPATH\\Views\\v_add_transaksi.php', 43)
 2 SYSTEMPATH\View\View.php(213): include('APPPATH\\Views\\v_add_transaksi.php')
 3 SYSTEMPATH\View\View.php(216): CodeIgniter\View\View->CodeIgniter\View\{closure}()
 4 SYSTEMPATH\Common.php(1137): CodeIgniter\View\View->render('v_add_transaksi', [], true)
 5 APPPATH\Controllers\Transaksi.php(68): view('v_add_transaksi', [...])
 6 SYSTEMPATH\CodeIgniter.php(904): App\Controllers\Transaksi->add_transaksi()
 7 SYSTEMPATH\CodeIgniter.php(457): CodeIgniter\CodeIgniter->runController(Object(App\Controllers\Transaksi))
 8 SYSTEMPATH\CodeIgniter.php(340): CodeIgniter\CodeIgniter->handleRequest(null, Object(Config\Cache), false)
 9 FCPATH\index.php(55): CodeIgniter\CodeIgniter->run()
CRITICAL - 2022-09-08 14:02:17 --> foreach() argument must be of type array|object, string given
in APPPATH\Views\v_add_transaksi.php on line 44.
 1 APPPATH\Views\v_add_transaksi.php(44): CodeIgniter\Debug\Exceptions->errorHandler(2, 'foreach() argument must be of type array|object, string given', 'APPPATH\\Views\\v_add_transaksi.php', 44)
 2 SYSTEMPATH\View\View.php(213): include('APPPATH\\Views\\v_add_transaksi.php')
 3 SYSTEMPATH\View\View.php(216): CodeIgniter\View\View->CodeIgniter\View\{closure}()
 4 SYSTEMPATH\Common.php(1137): CodeIgniter\View\View->render('v_add_transaksi', [], true)
 5 APPPATH\Controllers\Transaksi.php(68): view('v_add_transaksi', [...])
 6 SYSTEMPATH\CodeIgniter.php(904): App\Controllers\Transaksi->add_transaksi()
 7 SYSTEMPATH\CodeIgniter.php(457): CodeIgniter\CodeIgniter->runController(Object(App\Controllers\Transaksi))
 8 SYSTEMPATH\CodeIgniter.php(340): CodeIgniter\CodeIgniter->handleRequest(null, Object(Config\Cache), false)
 9 FCPATH\index.php(55): CodeIgniter\CodeIgniter->run()
CRITICAL - 2022-09-08 14:02:56 --> Undefined variable $retVal
in APPPATH\Views\v_add_transaksi.php on line 44.
 1 APPPATH\Views\v_add_transaksi.php(44): CodeIgniter\Debug\Exceptions->errorHandler(2, 'Undefined variable $retVal', 'APPPATH\\Views\\v_add_transaksi.php', 44)
 2 SYSTEMPATH\View\View.php(213): include('APPPATH\\Views\\v_add_transaksi.php')
 3 SYSTEMPATH\View\View.php(216): CodeIgniter\View\View->CodeIgniter\View\{closure}()
 4 SYSTEMPATH\Common.php(1137): CodeIgniter\View\View->render('v_add_transaksi', [], true)
 5 APPPATH\Controllers\Transaksi.php(68): view('v_add_transaksi', [...])
 6 SYSTEMPATH\CodeIgniter.php(904): App\Controllers\Transaksi->add_transaksi()
 7 SYSTEMPATH\CodeIgniter.php(457): CodeIgniter\CodeIgniter->runController(Object(App\Controllers\Transaksi))
 8 SYSTEMPATH\CodeIgniter.php(340): CodeIgniter\CodeIgniter->handleRequest(null, Object(Config\Cache), false)
 9 FCPATH\index.php(55): CodeIgniter\CodeIgniter->run()
CRITICAL - 2022-09-08 14:09:00 --> Undefined variable $new_getallid
in APPPATH\Controllers\Transaksi.php on line 151.
 1 APPPATH\Controllers\Transaksi.php(151): CodeIgniter\Debug\Exceptions->errorHandler(2, 'Undefined variable $new_getallid', 'APPPATH\\Controllers\\Transaksi.php', 151)
 2 SYSTEMPATH\CodeIgniter.php(904): App\Controllers\Transaksi->transaksi_process()
 3 SYSTEMPATH\CodeIgniter.php(457): CodeIgniter\CodeIgniter->runController(Object(App\Controllers\Transaksi))
 4 SYSTEMPATH\CodeIgniter.php(340): CodeIgniter\CodeIgniter->handleRequest(null, Object(Config\Cache), false)
 5 FCPATH\index.php(55): CodeIgniter\CodeIgniter->run()
CRITICAL - 2022-09-08 14:10:33 --> syntax error, unexpected token "}", expecting "," or ";"
in APPPATH\Controllers\Transaksi.php on line 218.
 1 SYSTEMPATH\Autoloader\Autoloader.php(259): CodeIgniter\Autoloader\Autoloader->includeFile('APPPATH\\Controllers\\Transaksi.php')
 2 SYSTEMPATH\Autoloader\Autoloader.php(237): CodeIgniter\Autoloader\Autoloader->loadInNamespace('App\\Controllers\\Transaksi')
 3 [internal function]: CodeIgniter\Autoloader\Autoloader->loadClass('App\\Controllers\\Transaksi')
 4 SYSTEMPATH\CodeIgniter.php(854): class_exists('\\App\\Controllers\\Transaksi', true)
 5 SYSTEMPATH\CodeIgniter.php(444): CodeIgniter\CodeIgniter->startController()
 6 SYSTEMPATH\CodeIgniter.php(340): CodeIgniter\CodeIgniter->handleRequest(null, Object(Config\Cache), false)
 7 FCPATH\index.php(55): CodeIgniter\CodeIgniter->run()
CRITICAL - 2022-09-08 15:23:23 --> Undefined variable $datatransaksi_ttlpenjualan
in APPPATH\Controllers\Home.php on line 185.
 1 APPPATH\Controllers\Home.php(185): CodeIgniter\Debug\Exceptions->errorHandler(2, 'Undefined variable $datatransaksi_ttlpenjualan', 'APPPATH\\Controllers\\Home.php', 185)
 2 SYSTEMPATH\CodeIgniter.php(904): App\Controllers\Home->index()
 3 SYSTEMPATH\CodeIgniter.php(457): CodeIgniter\CodeIgniter->runController(Object(App\Controllers\Home))
 4 SYSTEMPATH\CodeIgniter.php(340): CodeIgniter\CodeIgniter->handleRequest(null, Object(Config\Cache), false)
 5 FCPATH\index.php(55): CodeIgniter\CodeIgniter->run()
CRITICAL - 2022-09-08 15:23:25 --> Undefined variable $datatransaksi_ttlpenjualan
in APPPATH\Controllers\Home.php on line 185.
 1 APPPATH\Controllers\Home.php(185): CodeIgniter\Debug\Exceptions->errorHandler(2, 'Undefined variable $datatransaksi_ttlpenjualan', 'APPPATH\\Controllers\\Home.php', 185)
 2 SYSTEMPATH\CodeIgniter.php(904): App\Controllers\Home->index()
 3 SYSTEMPATH\CodeIgniter.php(457): CodeIgniter\CodeIgniter->runController(Object(App\Controllers\Home))
 4 SYSTEMPATH\CodeIgniter.php(340): CodeIgniter\CodeIgniter->handleRequest(null, Object(Config\Cache), false)
 5 FCPATH\index.php(55): CodeIgniter\CodeIgniter->run()
CRITICAL - 2022-09-08 15:24:53 --> Undefined variable $datatransaksi_ttlpenjualan
in APPPATH\Controllers\Home.php on line 190.
 1 APPPATH\Controllers\Home.php(190): CodeIgniter\Debug\Exceptions->errorHandler(2, 'Undefined variable $datatransaksi_ttlpenjualan', 'APPPATH\\Controllers\\Home.php', 190)
 2 SYSTEMPATH\CodeIgniter.php(904): App\Controllers\Home->index()
 3 SYSTEMPATH\CodeIgniter.php(457): CodeIgniter\CodeIgniter->runController(Object(App\Controllers\Home))
 4 SYSTEMPATH\CodeIgniter.php(340): CodeIgniter\CodeIgniter->handleRequest(null, Object(Config\Cache), false)
 5 FCPATH\index.php(55): CodeIgniter\CodeIgniter->run()
CRITICAL - 2022-09-08 15:26:01 --> Undefined variable $datatransaksi_ttlpenjualan
in APPPATH\Controllers\Home.php on line 193.
 1 APPPATH\Controllers\Home.php(193): CodeIgniter\Debug\Exceptions->errorHandler(2, 'Undefined variable $datatransaksi_ttlpenjualan', 'APPPATH\\Controllers\\Home.php', 193)
 2 SYSTEMPATH\CodeIgniter.php(904): App\Controllers\Home->index()
 3 SYSTEMPATH\CodeIgniter.php(457): CodeIgniter\CodeIgniter->runController(Object(App\Controllers\Home))
 4 SYSTEMPATH\CodeIgniter.php(340): CodeIgniter\CodeIgniter->handleRequest(null, Object(Config\Cache), false)
 5 FCPATH\index.php(55): CodeIgniter\CodeIgniter->run()
CRITICAL - 2022-09-08 15:41:34 --> Undefined variable $datatransaksi_ttlpenjualan
in APPPATH\Controllers\Home.php on line 174.
 1 APPPATH\Controllers\Home.php(174): CodeIgniter\Debug\Exceptions->errorHandler(2, 'Undefined variable $datatransaksi_ttlpenjualan', 'APPPATH\\Controllers\\Home.php', 174)
 2 SYSTEMPATH\CodeIgniter.php(904): App\Controllers\Home->index()
 3 SYSTEMPATH\CodeIgniter.php(457): CodeIgniter\CodeIgniter->runController(Object(App\Controllers\Home))
 4 SYSTEMPATH\CodeIgniter.php(340): CodeIgniter\CodeIgniter->handleRequest(null, Object(Config\Cache), false)
 5 FCPATH\index.php(55): CodeIgniter\CodeIgniter->run()
ERROR - 2022-09-08 15:58:10 --> mysqli_sql_exception: Unknown column 'tgl_trans' in 'where clause' in C:\xampp\htdocs\sie-jaku\vendor\codeigniter4\framework\system\Database\MySQLi\Connection.php:292
Stack trace:
#0 C:\xampp\htdocs\sie-jaku\vendor\codeigniter4\framework\system\Database\MySQLi\Connection.php(292): mysqli->query('SELECT date_for...', 0)
#1 C:\xampp\htdocs\sie-jaku\vendor\codeigniter4\framework\system\Database\BaseConnection.php(693): CodeIgniter\Database\MySQLi\Connection->execute('SELECT date_for...')
#2 C:\xampp\htdocs\sie-jaku\vendor\codeigniter4\framework\system\Database\BaseConnection.php(620): CodeIgniter\Database\BaseConnection->simpleQuery('SELECT date_for...')
#3 C:\xampp\htdocs\sie-jaku\vendor\codeigniter4\framework\system\Database\BaseBuilder.php(1585): CodeIgniter\Database\BaseConnection->query('SELECT date_for...', Array, false)
#4 C:\xampp\htdocs\sie-jaku\app\Models\TransaksiModel.php(89): CodeIgniter\Database\BaseBuilder->get()
#5 C:\xampp\htdocs\sie-jaku\app\Controllers\Home.php(66): App\Models\TransaksiModel->getwhere_tahun_2('2022')
#6 C:\xampp\htdocs\sie-jaku\vendor\codeigniter4\framework\system\CodeIgniter.php(904): App\Controllers\Home->index()
#7 C:\xampp\htdocs\sie-jaku\vendor\codeigniter4\framework\system\CodeIgniter.php(457): CodeIgniter\CodeIgniter->runController(Object(App\Controllers\Home))
#8 C:\xampp\htdocs\sie-jaku\vendor\codeigniter4\framework\system\CodeIgniter.php(340): CodeIgniter\CodeIgniter->handleRequest(NULL, Object(Config\Cache), false)
#9 C:\xampp\htdocs\sie-jaku\public\index.php(55): CodeIgniter\CodeIgniter->run()
#10 {main}
CRITICAL - 2022-09-08 15:58:10 --> Unknown column 'tgl_trans' in 'where clause'
in SYSTEMPATH\Database\MySQLi\Connection.php on line 292.
 1 SYSTEMPATH\Database\MySQLi\Connection.php(292): mysqli->query('SELECT date_format(tgl_transaksi, "%Y-%m-%d") as "tgl_trans", date_format(tgl_transaksi, "%Y-%m-%d %H:%i:%s") as "tgl_trans2"
FROM `db_transaksi`
JOIN `db_jenis_kayu` ON `db_jenis_kayu`.`id_jenis_kayu` = `db_transaksi`.`id_jenis_kayu`
JOIN `db_tipe_kayu` ON `db_tipe_kayu`.`id_tipe_kayu` = `db_transaksi`.`id_tipe_kayu`
JOIN `db_ukuran_kayu` ON `db_ukuran_kayu`.`id_ukuran_kayu` = `db_transaksi`.`id_ukuran_kayu`
JOIN `db_persediaan_kayu` ON `db_persediaan_kayu`.`id_persediaan`  = `db_transaksi`.`id_persediaan`
JOIN `db_customers` ON `db_customers`.`id_customers` = `db_transaksi`.`id_customers`
WHERE `tgl_trans` LIKE \'%2022-%\' ESCAPE \'!\'
GROUP BY `tgl_trans`
ORDER BY `tgl_trans` DESC', 0)
 2 SYSTEMPATH\Database\BaseConnection.php(693): CodeIgniter\Database\MySQLi\Connection->execute('SELECT date_format(tgl_transaksi, "%Y-%m-%d") as "tgl_trans", date_format(tgl_transaksi, "%Y-%m-%d %H:%i:%s") as "tgl_trans2"
FROM `db_transaksi`
JOIN `db_jenis_kayu` ON `db_jenis_kayu`.`id_jenis_kayu` = `db_transaksi`.`id_jenis_kayu`
JOIN `db_tipe_kayu` ON `db_tipe_kayu`.`id_tipe_kayu` = `db_transaksi`.`id_tipe_kayu`
JOIN `db_ukuran_kayu` ON `db_ukuran_kayu`.`id_ukuran_kayu` = `db_transaksi`.`id_ukuran_kayu`
JOIN `db_persediaan_kayu` ON `db_persediaan_kayu`.`id_persediaan`  = `db_transaksi`.`id_persediaan`
JOIN `db_customers` ON `db_customers`.`id_customers` = `db_transaksi`.`id_customers`
WHERE `tgl_trans` LIKE \'%2022-%\' ESCAPE \'!\'
GROUP BY `tgl_trans`
ORDER BY `tgl_trans` DESC')
 3 SYSTEMPATH\Database\BaseConnection.php(620): CodeIgniter\Database\BaseConnection->simpleQuery('SELECT date_format(tgl_transaksi, "%Y-%m-%d") as "tgl_trans", date_format(tgl_transaksi, "%Y-%m-%d %H:%i:%s") as "tgl_trans2"
FROM `db_transaksi`
JOIN `db_jenis_kayu` ON `db_jenis_kayu`.`id_jenis_kayu` = `db_transaksi`.`id_jenis_kayu`
JOIN `db_tipe_kayu` ON `db_tipe_kayu`.`id_tipe_kayu` = `db_transaksi`.`id_tipe_kayu`
JOIN `db_ukuran_kayu` ON `db_ukuran_kayu`.`id_ukuran_kayu` = `db_transaksi`.`id_ukuran_kayu`
JOIN `db_persediaan_kayu` ON `db_persediaan_kayu`.`id_persediaan`  = `db_transaksi`.`id_persediaan`
JOIN `db_customers` ON `db_customers`.`id_customers` = `db_transaksi`.`id_customers`
WHERE `tgl_trans` LIKE \'%2022-%\' ESCAPE \'!\'
GROUP BY `tgl_trans`
ORDER BY `tgl_trans` DESC')
 4 SYSTEMPATH\Database\BaseBuilder.php(1585): CodeIgniter\Database\BaseConnection->query('SELECT date_format(tgl_transaksi, "%Y-%m-%d") as "tgl_trans", date_format(tgl_transaksi, "%Y-%m-%d %H:%i:%s") as "tgl_trans2"
FROM `db_transaksi`
JOIN `db_jenis_kayu` ON `db_jenis_kayu`.`id_jenis_kayu` = `db_transaksi`.`id_jenis_kayu`
JOIN `db_tipe_kayu` ON `db_tipe_kayu`.`id_tipe_kayu` = `db_transaksi`.`id_tipe_kayu`
JOIN `db_ukuran_kayu` ON `db_ukuran_kayu`.`id_ukuran_kayu` = `db_transaksi`.`id_ukuran_kayu`
JOIN `db_persediaan_kayu` ON `db_persediaan_kayu`.`id_persediaan`  = `db_transaksi`.`id_persediaan`
JOIN `db_customers` ON `db_customers`.`id_customers` = `db_transaksi`.`id_customers`
WHERE `tgl_trans` LIKE :tgl_trans: ESCAPE \'!\'
GROUP BY `tgl_trans`
ORDER BY `tgl_trans` DESC', [...], false)
 5 APPPATH\Models\TransaksiModel.php(89): CodeIgniter\Database\BaseBuilder->get()
 6 APPPATH\Controllers\Home.php(66): App\Models\TransaksiModel->getwhere_tahun_2('2022')
 7 SYSTEMPATH\CodeIgniter.php(904): App\Controllers\Home->index()
 8 SYSTEMPATH\CodeIgniter.php(457): CodeIgniter\CodeIgniter->runController(Object(App\Controllers\Home))
 9 SYSTEMPATH\CodeIgniter.php(340): CodeIgniter\CodeIgniter->handleRequest(null, Object(Config\Cache), false)
10 FCPATH\index.php(55): CodeIgniter\CodeIgniter->run()
ERROR - 2022-09-08 15:58:22 --> mysqli_sql_exception: Unknown column 'tgl_trans' in 'where clause' in C:\xampp\htdocs\sie-jaku\vendor\codeigniter4\framework\system\Database\MySQLi\Connection.php:292
Stack trace:
#0 C:\xampp\htdocs\sie-jaku\vendor\codeigniter4\framework\system\Database\MySQLi\Connection.php(292): mysqli->query('SELECT date_for...', 0)
#1 C:\xampp\htdocs\sie-jaku\vendor\codeigniter4\framework\system\Database\BaseConnection.php(693): CodeIgniter\Database\MySQLi\Connection->execute('SELECT date_for...')
#2 C:\xampp\htdocs\sie-jaku\vendor\codeigniter4\framework\system\Database\BaseConnection.php(620): CodeIgniter\Database\BaseConnection->simpleQuery('SELECT date_for...')
#3 C:\xampp\htdocs\sie-jaku\vendor\codeigniter4\framework\system\Database\BaseBuilder.php(1585): CodeIgniter\Database\BaseConnection->query('SELECT date_for...', Array, false)
#4 C:\xampp\htdocs\sie-jaku\app\Models\TransaksiModel.php(89): CodeIgniter\Database\BaseBuilder->get()
#5 C:\xampp\htdocs\sie-jaku\app\Controllers\Home.php(66): App\Models\TransaksiModel->getwhere_tahun_2('2022')
#6 C:\xampp\htdocs\sie-jaku\vendor\codeigniter4\framework\system\CodeIgniter.php(904): App\Controllers\Home->index()
#7 C:\xampp\htdocs\sie-jaku\vendor\codeigniter4\framework\system\CodeIgniter.php(457): CodeIgniter\CodeIgniter->runController(Object(App\Controllers\Home))
#8 C:\xampp\htdocs\sie-jaku\vendor\codeigniter4\framework\system\CodeIgniter.php(340): CodeIgniter\CodeIgniter->handleRequest(NULL, Object(Config\Cache), false)
#9 C:\xampp\htdocs\sie-jaku\public\index.php(55): CodeIgniter\CodeIgniter->run()
#10 {main}
CRITICAL - 2022-09-08 15:58:22 --> Unknown column 'tgl_trans' in 'where clause'
in SYSTEMPATH\Database\MySQLi\Connection.php on line 292.
 1 SYSTEMPATH\Database\MySQLi\Connection.php(292): mysqli->query('SELECT date_format(tgl_transaksi, "%Y-%m-%d") as "tgl_trans", date_format(tgl_transaksi, "%Y-%m-%d %H:%i:%s") as "tgl_transaksi"
FROM `db_transaksi`
JOIN `db_jenis_kayu` ON `db_jenis_kayu`.`id_jenis_kayu` = `db_transaksi`.`id_jenis_kayu`
JOIN `db_tipe_kayu` ON `db_tipe_kayu`.`id_tipe_kayu` = `db_transaksi`.`id_tipe_kayu`
JOIN `db_ukuran_kayu` ON `db_ukuran_kayu`.`id_ukuran_kayu` = `db_transaksi`.`id_ukuran_kayu`
JOIN `db_persediaan_kayu` ON `db_persediaan_kayu`.`id_persediaan`  = `db_transaksi`.`id_persediaan`
JOIN `db_customers` ON `db_customers`.`id_customers` = `db_transaksi`.`id_customers`
WHERE `tgl_trans` LIKE \'%2022-%\' ESCAPE \'!\'
GROUP BY `tgl_trans`
ORDER BY `tgl_trans` DESC', 0)
 2 SYSTEMPATH\Database\BaseConnection.php(693): CodeIgniter\Database\MySQLi\Connection->execute('SELECT date_format(tgl_transaksi, "%Y-%m-%d") as "tgl_trans", date_format(tgl_transaksi, "%Y-%m-%d %H:%i:%s") as "tgl_transaksi"
FROM `db_transaksi`
JOIN `db_jenis_kayu` ON `db_jenis_kayu`.`id_jenis_kayu` = `db_transaksi`.`id_jenis_kayu`
JOIN `db_tipe_kayu` ON `db_tipe_kayu`.`id_tipe_kayu` = `db_transaksi`.`id_tipe_kayu`
JOIN `db_ukuran_kayu` ON `db_ukuran_kayu`.`id_ukuran_kayu` = `db_transaksi`.`id_ukuran_kayu`
JOIN `db_persediaan_kayu` ON `db_persediaan_kayu`.`id_persediaan`  = `db_transaksi`.`id_persediaan`
JOIN `db_customers` ON `db_customers`.`id_customers` = `db_transaksi`.`id_customers`
WHERE `tgl_trans` LIKE \'%2022-%\' ESCAPE \'!\'
GROUP BY `tgl_trans`
ORDER BY `tgl_trans` DESC')
 3 SYSTEMPATH\Database\BaseConnection.php(620): CodeIgniter\Database\BaseConnection->simpleQuery('SELECT date_format(tgl_transaksi, "%Y-%m-%d") as "tgl_trans", date_format(tgl_transaksi, "%Y-%m-%d %H:%i:%s") as "tgl_transaksi"
FROM `db_transaksi`
JOIN `db_jenis_kayu` ON `db_jenis_kayu`.`id_jenis_kayu` = `db_transaksi`.`id_jenis_kayu`
JOIN `db_tipe_kayu` ON `db_tipe_kayu`.`id_tipe_kayu` = `db_transaksi`.`id_tipe_kayu`
JOIN `db_ukuran_kayu` ON `db_ukuran_kayu`.`id_ukuran_kayu` = `db_transaksi`.`id_ukuran_kayu`
JOIN `db_persediaan_kayu` ON `db_persediaan_kayu`.`id_persediaan`  = `db_transaksi`.`id_persediaan`
JOIN `db_customers` ON `db_customers`.`id_customers` = `db_transaksi`.`id_customers`
WHERE `tgl_trans` LIKE \'%2022-%\' ESCAPE \'!\'
GROUP BY `tgl_trans`
ORDER BY `tgl_trans` DESC')
 4 SYSTEMPATH\Database\BaseBuilder.php(1585): CodeIgniter\Database\BaseConnection->query('SELECT date_format(tgl_transaksi, "%Y-%m-%d") as "tgl_trans", date_format(tgl_transaksi, "%Y-%m-%d %H:%i:%s") as "tgl_transaksi"
FROM `db_transaksi`
JOIN `db_jenis_kayu` ON `db_jenis_kayu`.`id_jenis_kayu` = `db_transaksi`.`id_jenis_kayu`
JOIN `db_tipe_kayu` ON `db_tipe_kayu`.`id_tipe_kayu` = `db_transaksi`.`id_tipe_kayu`
JOIN `db_ukuran_kayu` ON `db_ukuran_kayu`.`id_ukuran_kayu` = `db_transaksi`.`id_ukuran_kayu`
JOIN `db_persediaan_kayu` ON `db_persediaan_kayu`.`id_persediaan`  = `db_transaksi`.`id_persediaan`
JOIN `db_customers` ON `db_customers`.`id_customers` = `db_transaksi`.`id_customers`
WHERE `tgl_trans` LIKE :tgl_trans: ESCAPE \'!\'
GROUP BY `tgl_trans`
ORDER BY `tgl_trans` DESC', [...], false)
 5 APPPATH\Models\TransaksiModel.php(89): CodeIgniter\Database\BaseBuilder->get()
 6 APPPATH\Controllers\Home.php(66): App\Models\TransaksiModel->getwhere_tahun_2('2022')
 7 SYSTEMPATH\CodeIgniter.php(904): App\Controllers\Home->index()
 8 SYSTEMPATH\CodeIgniter.php(457): CodeIgniter\CodeIgniter->runController(Object(App\Controllers\Home))
 9 SYSTEMPATH\CodeIgniter.php(340): CodeIgniter\CodeIgniter->handleRequest(null, Object(Config\Cache), false)
10 FCPATH\index.php(55): CodeIgniter\CodeIgniter->run()
ERROR - 2022-09-08 15:59:28 --> mysqli_sql_exception: Unknown column 'tgl_trans' in 'where clause' in C:\xampp\htdocs\sie-jaku\vendor\codeigniter4\framework\system\Database\MySQLi\Connection.php:292
Stack trace:
#0 C:\xampp\htdocs\sie-jaku\vendor\codeigniter4\framework\system\Database\MySQLi\Connection.php(292): mysqli->query('SELECT date_for...', 0)
#1 C:\xampp\htdocs\sie-jaku\vendor\codeigniter4\framework\system\Database\BaseConnection.php(693): CodeIgniter\Database\MySQLi\Connection->execute('SELECT date_for...')
#2 C:\xampp\htdocs\sie-jaku\vendor\codeigniter4\framework\system\Database\BaseConnection.php(620): CodeIgniter\Database\BaseConnection->simpleQuery('SELECT date_for...')
#3 C:\xampp\htdocs\sie-jaku\vendor\codeigniter4\framework\system\Database\BaseBuilder.php(1585): CodeIgniter\Database\BaseConnection->query('SELECT date_for...', Array, false)
#4 C:\xampp\htdocs\sie-jaku\app\Models\TransaksiModel.php(89): CodeIgniter\Database\BaseBuilder->get()
#5 C:\xampp\htdocs\sie-jaku\app\Controllers\Home.php(66): App\Models\TransaksiModel->getwhere_tahun_2('2022')
#6 C:\xampp\htdocs\sie-jaku\vendor\codeigniter4\framework\system\CodeIgniter.php(904): App\Controllers\Home->index()
#7 C:\xampp\htdocs\sie-jaku\vendor\codeigniter4\framework\system\CodeIgniter.php(457): CodeIgniter\CodeIgniter->runController(Object(App\Controllers\Home))
#8 C:\xampp\htdocs\sie-jaku\vendor\codeigniter4\framework\system\CodeIgniter.php(340): CodeIgniter\CodeIgniter->handleRequest(NULL, Object(Config\Cache), false)
#9 C:\xampp\htdocs\sie-jaku\public\index.php(55): CodeIgniter\CodeIgniter->run()
#10 {main}
CRITICAL - 2022-09-08 15:59:28 --> Unknown column 'tgl_trans' in 'where clause'
in SYSTEMPATH\Database\MySQLi\Connection.php on line 292.
 1 SYSTEMPATH\Database\MySQLi\Connection.php(292): mysqli->query('SELECT date_format(tgl_transaksi, "%Y-%m-%d") as "tgl_trans"
FROM `db_transaksi`
JOIN `db_jenis_kayu` ON `db_jenis_kayu`.`id_jenis_kayu` = `db_transaksi`.`id_jenis_kayu`
JOIN `db_tipe_kayu` ON `db_tipe_kayu`.`id_tipe_kayu` = `db_transaksi`.`id_tipe_kayu`
JOIN `db_ukuran_kayu` ON `db_ukuran_kayu`.`id_ukuran_kayu` = `db_transaksi`.`id_ukuran_kayu`
JOIN `db_persediaan_kayu` ON `db_persediaan_kayu`.`id_persediaan`  = `db_transaksi`.`id_persediaan`
JOIN `db_customers` ON `db_customers`.`id_customers` = `db_transaksi`.`id_customers`
WHERE `tgl_trans` LIKE \'%2022-%\' ESCAPE \'!\'
GROUP BY `tgl_trans`
ORDER BY `tgl_trans` DESC', 0)
 2 SYSTEMPATH\Database\BaseConnection.php(693): CodeIgniter\Database\MySQLi\Connection->execute('SELECT date_format(tgl_transaksi, "%Y-%m-%d") as "tgl_trans"
FROM `db_transaksi`
JOIN `db_jenis_kayu` ON `db_jenis_kayu`.`id_jenis_kayu` = `db_transaksi`.`id_jenis_kayu`
JOIN `db_tipe_kayu` ON `db_tipe_kayu`.`id_tipe_kayu` = `db_transaksi`.`id_tipe_kayu`
JOIN `db_ukuran_kayu` ON `db_ukuran_kayu`.`id_ukuran_kayu` = `db_transaksi`.`id_ukuran_kayu`
JOIN `db_persediaan_kayu` ON `db_persediaan_kayu`.`id_persediaan`  = `db_transaksi`.`id_persediaan`
JOIN `db_customers` ON `db_customers`.`id_customers` = `db_transaksi`.`id_customers`
WHERE `tgl_trans` LIKE \'%2022-%\' ESCAPE \'!\'
GROUP BY `tgl_trans`
ORDER BY `tgl_trans` DESC')
 3 SYSTEMPATH\Database\BaseConnection.php(620): CodeIgniter\Database\BaseConnection->simpleQuery('SELECT date_format(tgl_transaksi, "%Y-%m-%d") as "tgl_trans"
FROM `db_transaksi`
JOIN `db_jenis_kayu` ON `db_jenis_kayu`.`id_jenis_kayu` = `db_transaksi`.`id_jenis_kayu`
JOIN `db_tipe_kayu` ON `db_tipe_kayu`.`id_tipe_kayu` = `db_transaksi`.`id_tipe_kayu`
JOIN `db_ukuran_kayu` ON `db_ukuran_kayu`.`id_ukuran_kayu` = `db_transaksi`.`id_ukuran_kayu`
JOIN `db_persediaan_kayu` ON `db_persediaan_kayu`.`id_persediaan`  = `db_transaksi`.`id_persediaan`
JOIN `db_customers` ON `db_customers`.`id_customers` = `db_transaksi`.`id_customers`
WHERE `tgl_trans` LIKE \'%2022-%\' ESCAPE \'!\'
GROUP BY `tgl_trans`
ORDER BY `tgl_trans` DESC')
 4 SYSTEMPATH\Database\BaseBuilder.php(1585): CodeIgniter\Database\BaseConnection->query('SELECT date_format(tgl_transaksi, "%Y-%m-%d") as "tgl_trans"
FROM `db_transaksi`
JOIN `db_jenis_kayu` ON `db_jenis_kayu`.`id_jenis_kayu` = `db_transaksi`.`id_jenis_kayu`
JOIN `db_tipe_kayu` ON `db_tipe_kayu`.`id_tipe_kayu` = `db_transaksi`.`id_tipe_kayu`
JOIN `db_ukuran_kayu` ON `db_ukuran_kayu`.`id_ukuran_kayu` = `db_transaksi`.`id_ukuran_kayu`
JOIN `db_persediaan_kayu` ON `db_persediaan_kayu`.`id_persediaan`  = `db_transaksi`.`id_persediaan`
JOIN `db_customers` ON `db_customers`.`id_customers` = `db_transaksi`.`id_customers`
WHERE `tgl_trans` LIKE :tgl_trans: ESCAPE \'!\'
GROUP BY `tgl_trans`
ORDER BY `tgl_trans` DESC', [...], false)
 5 APPPATH\Models\TransaksiModel.php(89): CodeIgniter\Database\BaseBuilder->get()
 6 APPPATH\Controllers\Home.php(66): App\Models\TransaksiModel->getwhere_tahun_2('2022')
 7 SYSTEMPATH\CodeIgniter.php(904): App\Controllers\Home->index()
 8 SYSTEMPATH\CodeIgniter.php(457): CodeIgniter\CodeIgniter->runController(Object(App\Controllers\Home))
 9 SYSTEMPATH\CodeIgniter.php(340): CodeIgniter\CodeIgniter->handleRequest(null, Object(Config\Cache), false)
10 FCPATH\index.php(55): CodeIgniter\CodeIgniter->run()
ERROR - 2022-09-08 15:59:45 --> mysqli_sql_exception: Unknown column 'tgl_trans' in 'where clause' in C:\xampp\htdocs\sie-jaku\vendor\codeigniter4\framework\system\Database\MySQLi\Connection.php:292
Stack trace:
#0 C:\xampp\htdocs\sie-jaku\vendor\codeigniter4\framework\system\Database\MySQLi\Connection.php(292): mysqli->query('SELECT *, date_...', 0)
#1 C:\xampp\htdocs\sie-jaku\vendor\codeigniter4\framework\system\Database\BaseConnection.php(693): CodeIgniter\Database\MySQLi\Connection->execute('SELECT *, date_...')
#2 C:\xampp\htdocs\sie-jaku\vendor\codeigniter4\framework\system\Database\BaseConnection.php(620): CodeIgniter\Database\BaseConnection->simpleQuery('SELECT *, date_...')
#3 C:\xampp\htdocs\sie-jaku\vendor\codeigniter4\framework\system\Database\BaseBuilder.php(1585): CodeIgniter\Database\BaseConnection->query('SELECT *, date_...', Array, false)
#4 C:\xampp\htdocs\sie-jaku\app\Models\TransaksiModel.php(89): CodeIgniter\Database\BaseBuilder->get()
#5 C:\xampp\htdocs\sie-jaku\app\Controllers\Home.php(66): App\Models\TransaksiModel->getwhere_tahun_2('2022')
#6 C:\xampp\htdocs\sie-jaku\vendor\codeigniter4\framework\system\CodeIgniter.php(904): App\Controllers\Home->index()
#7 C:\xampp\htdocs\sie-jaku\vendor\codeigniter4\framework\system\CodeIgniter.php(457): CodeIgniter\CodeIgniter->runController(Object(App\Controllers\Home))
#8 C:\xampp\htdocs\sie-jaku\vendor\codeigniter4\framework\system\CodeIgniter.php(340): CodeIgniter\CodeIgniter->handleRequest(NULL, Object(Config\Cache), false)
#9 C:\xampp\htdocs\sie-jaku\public\index.php(55): CodeIgniter\CodeIgniter->run()
#10 {main}
CRITICAL - 2022-09-08 15:59:45 --> Unknown column 'tgl_trans' in 'where clause'
in SYSTEMPATH\Database\MySQLi\Connection.php on line 292.
 1 SYSTEMPATH\Database\MySQLi\Connection.php(292): mysqli->query('SELECT *, date_format(tgl_transaksi, "%Y-%m-%d") as "tgl_trans"
FROM `db_transaksi`
JOIN `db_jenis_kayu` ON `db_jenis_kayu`.`id_jenis_kayu` = `db_transaksi`.`id_jenis_kayu`
JOIN `db_tipe_kayu` ON `db_tipe_kayu`.`id_tipe_kayu` = `db_transaksi`.`id_tipe_kayu`
JOIN `db_ukuran_kayu` ON `db_ukuran_kayu`.`id_ukuran_kayu` = `db_transaksi`.`id_ukuran_kayu`
JOIN `db_persediaan_kayu` ON `db_persediaan_kayu`.`id_persediaan`  = `db_transaksi`.`id_persediaan`
JOIN `db_customers` ON `db_customers`.`id_customers` = `db_transaksi`.`id_customers`
WHERE `tgl_trans` LIKE \'%2022-%\' ESCAPE \'!\'
GROUP BY `tgl_trans`
ORDER BY `tgl_trans` DESC', 0)
 2 SYSTEMPATH\Database\BaseConnection.php(693): CodeIgniter\Database\MySQLi\Connection->execute('SELECT *, date_format(tgl_transaksi, "%Y-%m-%d") as "tgl_trans"
FROM `db_transaksi`
JOIN `db_jenis_kayu` ON `db_jenis_kayu`.`id_jenis_kayu` = `db_transaksi`.`id_jenis_kayu`
JOIN `db_tipe_kayu` ON `db_tipe_kayu`.`id_tipe_kayu` = `db_transaksi`.`id_tipe_kayu`
JOIN `db_ukuran_kayu` ON `db_ukuran_kayu`.`id_ukuran_kayu` = `db_transaksi`.`id_ukuran_kayu`
JOIN `db_persediaan_kayu` ON `db_persediaan_kayu`.`id_persediaan`  = `db_transaksi`.`id_persediaan`
JOIN `db_customers` ON `db_customers`.`id_customers` = `db_transaksi`.`id_customers`
WHERE `tgl_trans` LIKE \'%2022-%\' ESCAPE \'!\'
GROUP BY `tgl_trans`
ORDER BY `tgl_trans` DESC')
 3 SYSTEMPATH\Database\BaseConnection.php(620): CodeIgniter\Database\BaseConnection->simpleQuery('SELECT *, date_format(tgl_transaksi, "%Y-%m-%d") as "tgl_trans"
FROM `db_transaksi`
JOIN `db_jenis_kayu` ON `db_jenis_kayu`.`id_jenis_kayu` = `db_transaksi`.`id_jenis_kayu`
JOIN `db_tipe_kayu` ON `db_tipe_kayu`.`id_tipe_kayu` = `db_transaksi`.`id_tipe_kayu`
JOIN `db_ukuran_kayu` ON `db_ukuran_kayu`.`id_ukuran_kayu` = `db_transaksi`.`id_ukuran_kayu`
JOIN `db_persediaan_kayu` ON `db_persediaan_kayu`.`id_persediaan`  = `db_transaksi`.`id_persediaan`
JOIN `db_customers` ON `db_customers`.`id_customers` = `db_transaksi`.`id_customers`
WHERE `tgl_trans` LIKE \'%2022-%\' ESCAPE \'!\'
GROUP BY `tgl_trans`
ORDER BY `tgl_trans` DESC')
 4 SYSTEMPATH\Database\BaseBuilder.php(1585): CodeIgniter\Database\BaseConnection->query('SELECT *, date_format(tgl_transaksi, "%Y-%m-%d") as "tgl_trans"
FROM `db_transaksi`
JOIN `db_jenis_kayu` ON `db_jenis_kayu`.`id_jenis_kayu` = `db_transaksi`.`id_jenis_kayu`
JOIN `db_tipe_kayu` ON `db_tipe_kayu`.`id_tipe_kayu` = `db_transaksi`.`id_tipe_kayu`
JOIN `db_ukuran_kayu` ON `db_ukuran_kayu`.`id_ukuran_kayu` = `db_transaksi`.`id_ukuran_kayu`
JOIN `db_persediaan_kayu` ON `db_persediaan_kayu`.`id_persediaan`  = `db_transaksi`.`id_persediaan`
JOIN `db_customers` ON `db_customers`.`id_customers` = `db_transaksi`.`id_customers`
WHERE `tgl_trans` LIKE :tgl_trans: ESCAPE \'!\'
GROUP BY `tgl_trans`
ORDER BY `tgl_trans` DESC', [...], false)
 5 APPPATH\Models\TransaksiModel.php(89): CodeIgniter\Database\BaseBuilder->get()
 6 APPPATH\Controllers\Home.php(66): App\Models\TransaksiModel->getwhere_tahun_2('2022')
 7 SYSTEMPATH\CodeIgniter.php(904): App\Controllers\Home->index()
 8 SYSTEMPATH\CodeIgniter.php(457): CodeIgniter\CodeIgniter->runController(Object(App\Controllers\Home))
 9 SYSTEMPATH\CodeIgniter.php(340): CodeIgniter\CodeIgniter->handleRequest(null, Object(Config\Cache), false)
10 FCPATH\index.php(55): CodeIgniter\CodeIgniter->run()
ERROR - 2022-09-08 15:59:52 --> mysqli_sql_exception: Unknown column 'tgl_trans' in 'where clause' in C:\xampp\htdocs\sie-jaku\vendor\codeigniter4\framework\system\Database\MySQLi\Connection.php:292
Stack trace:
#0 C:\xampp\htdocs\sie-jaku\vendor\codeigniter4\framework\system\Database\MySQLi\Connection.php(292): mysqli->query('SELECT *\nFROM `...', 0)
#1 C:\xampp\htdocs\sie-jaku\vendor\codeigniter4\framework\system\Database\BaseConnection.php(693): CodeIgniter\Database\MySQLi\Connection->execute('SELECT *\nFROM `...')
#2 C:\xampp\htdocs\sie-jaku\vendor\codeigniter4\framework\system\Database\BaseConnection.php(620): CodeIgniter\Database\BaseConnection->simpleQuery('SELECT *\nFROM `...')
#3 C:\xampp\htdocs\sie-jaku\vendor\codeigniter4\framework\system\Database\BaseBuilder.php(1585): CodeIgniter\Database\BaseConnection->query('SELECT *\nFROM `...', Array, false)
#4 C:\xampp\htdocs\sie-jaku\app\Models\TransaksiModel.php(89): CodeIgniter\Database\BaseBuilder->get()
#5 C:\xampp\htdocs\sie-jaku\app\Controllers\Home.php(66): App\Models\TransaksiModel->getwhere_tahun_2('2022')
#6 C:\xampp\htdocs\sie-jaku\vendor\codeigniter4\framework\system\CodeIgniter.php(904): App\Controllers\Home->index()
#7 C:\xampp\htdocs\sie-jaku\vendor\codeigniter4\framework\system\CodeIgniter.php(457): CodeIgniter\CodeIgniter->runController(Object(App\Controllers\Home))
#8 C:\xampp\htdocs\sie-jaku\vendor\codeigniter4\framework\system\CodeIgniter.php(340): CodeIgniter\CodeIgniter->handleRequest(NULL, Object(Config\Cache), false)
#9 C:\xampp\htdocs\sie-jaku\public\index.php(55): CodeIgniter\CodeIgniter->run()
#10 {main}
CRITICAL - 2022-09-08 15:59:52 --> Unknown column 'tgl_trans' in 'where clause'
in SYSTEMPATH\Database\MySQLi\Connection.php on line 292.
 1 SYSTEMPATH\Database\MySQLi\Connection.php(292): mysqli->query('SELECT *
FROM `db_transaksi`
JOIN `db_jenis_kayu` ON `db_jenis_kayu`.`id_jenis_kayu` = `db_transaksi`.`id_jenis_kayu`
JOIN `db_tipe_kayu` ON `db_tipe_kayu`.`id_tipe_kayu` = `db_transaksi`.`id_tipe_kayu`
JOIN `db_ukuran_kayu` ON `db_ukuran_kayu`.`id_ukuran_kayu` = `db_transaksi`.`id_ukuran_kayu`
JOIN `db_persediaan_kayu` ON `db_persediaan_kayu`.`id_persediaan`  = `db_transaksi`.`id_persediaan`
JOIN `db_customers` ON `db_customers`.`id_customers` = `db_transaksi`.`id_customers`
WHERE `tgl_trans` LIKE \'%2022-%\' ESCAPE \'!\'
GROUP BY `tgl_trans`
ORDER BY `tgl_trans` DESC', 0)
 2 SYSTEMPATH\Database\BaseConnection.php(693): CodeIgniter\Database\MySQLi\Connection->execute('SELECT *
FROM `db_transaksi`
JOIN `db_jenis_kayu` ON `db_jenis_kayu`.`id_jenis_kayu` = `db_transaksi`.`id_jenis_kayu`
JOIN `db_tipe_kayu` ON `db_tipe_kayu`.`id_tipe_kayu` = `db_transaksi`.`id_tipe_kayu`
JOIN `db_ukuran_kayu` ON `db_ukuran_kayu`.`id_ukuran_kayu` = `db_transaksi`.`id_ukuran_kayu`
JOIN `db_persediaan_kayu` ON `db_persediaan_kayu`.`id_persediaan`  = `db_transaksi`.`id_persediaan`
JOIN `db_customers` ON `db_customers`.`id_customers` = `db_transaksi`.`id_customers`
WHERE `tgl_trans` LIKE \'%2022-%\' ESCAPE \'!\'
GROUP BY `tgl_trans`
ORDER BY `tgl_trans` DESC')
 3 SYSTEMPATH\Database\BaseConnection.php(620): CodeIgniter\Database\BaseConnection->simpleQuery('SELECT *
FROM `db_transaksi`
JOIN `db_jenis_kayu` ON `db_jenis_kayu`.`id_jenis_kayu` = `db_transaksi`.`id_jenis_kayu`
JOIN `db_tipe_kayu` ON `db_tipe_kayu`.`id_tipe_kayu` = `db_transaksi`.`id_tipe_kayu`
JOIN `db_ukuran_kayu` ON `db_ukuran_kayu`.`id_ukuran_kayu` = `db_transaksi`.`id_ukuran_kayu`
JOIN `db_persediaan_kayu` ON `db_persediaan_kayu`.`id_persediaan`  = `db_transaksi`.`id_persediaan`
JOIN `db_customers` ON `db_customers`.`id_customers` = `db_transaksi`.`id_customers`
WHERE `tgl_trans` LIKE \'%2022-%\' ESCAPE \'!\'
GROUP BY `tgl_trans`
ORDER BY `tgl_trans` DESC')
 4 SYSTEMPATH\Database\BaseBuilder.php(1585): CodeIgniter\Database\BaseConnection->query('SELECT *
FROM `db_transaksi`
JOIN `db_jenis_kayu` ON `db_jenis_kayu`.`id_jenis_kayu` = `db_transaksi`.`id_jenis_kayu`
JOIN `db_tipe_kayu` ON `db_tipe_kayu`.`id_tipe_kayu` = `db_transaksi`.`id_tipe_kayu`
JOIN `db_ukuran_kayu` ON `db_ukuran_kayu`.`id_ukuran_kayu` = `db_transaksi`.`id_ukuran_kayu`
JOIN `db_persediaan_kayu` ON `db_persediaan_kayu`.`id_persediaan`  = `db_transaksi`.`id_persediaan`
JOIN `db_customers` ON `db_customers`.`id_customers` = `db_transaksi`.`id_customers`
WHERE `tgl_trans` LIKE :tgl_trans: ESCAPE \'!\'
GROUP BY `tgl_trans`
ORDER BY `tgl_trans` DESC', [...], false)
 5 APPPATH\Models\TransaksiModel.php(89): CodeIgniter\Database\BaseBuilder->get()
 6 APPPATH\Controllers\Home.php(66): App\Models\TransaksiModel->getwhere_tahun_2('2022')
 7 SYSTEMPATH\CodeIgniter.php(904): App\Controllers\Home->index()
 8 SYSTEMPATH\CodeIgniter.php(457): CodeIgniter\CodeIgniter->runController(Object(App\Controllers\Home))
 9 SYSTEMPATH\CodeIgniter.php(340): CodeIgniter\CodeIgniter->handleRequest(null, Object(Config\Cache), false)
10 FCPATH\index.php(55): CodeIgniter\CodeIgniter->run()
CRITICAL - 2022-09-08 16:00:17 --> Undefined property: stdClass::$tgl_transaksi
in APPPATH\Views\section\footer.php on line 457.
 1 APPPATH\Views\section\footer.php(457): CodeIgniter\Debug\Exceptions->errorHandler(2, 'Undefined property: stdClass::$tgl_transaksi', 'APPPATH\\Views\\section\\footer.php', 457)
 2 SYSTEMPATH\View\View.php(213): include('APPPATH\\Views\\section\\footer.php')
 3 SYSTEMPATH\View\View.php(216): CodeIgniter\View\View->CodeIgniter\View\{closure}()
 4 SYSTEMPATH\Common.php(1137): CodeIgniter\View\View->render('section/footer', [], true)
 5 APPPATH\Controllers\Home.php(204): view('section/footer', [...])
 6 SYSTEMPATH\CodeIgniter.php(904): App\Controllers\Home->index()
 7 SYSTEMPATH\CodeIgniter.php(457): CodeIgniter\CodeIgniter->runController(Object(App\Controllers\Home))
 8 SYSTEMPATH\CodeIgniter.php(340): CodeIgniter\CodeIgniter->handleRequest(null, Object(Config\Cache), false)
 9 FCPATH\index.php(55): CodeIgniter\CodeIgniter->run()
CRITICAL - 2022-09-08 16:00:32 --> Undefined property: stdClass::$total_harga
in APPPATH\Views\section\footer.php on line 473.
 1 APPPATH\Views\section\footer.php(473): CodeIgniter\Debug\Exceptions->errorHandler(2, 'Undefined property: stdClass::$total_harga', 'APPPATH\\Views\\section\\footer.php', 473)
 2 SYSTEMPATH\View\View.php(213): include('APPPATH\\Views\\section\\footer.php')
 3 SYSTEMPATH\View\View.php(216): CodeIgniter\View\View->CodeIgniter\View\{closure}()
 4 SYSTEMPATH\Common.php(1137): CodeIgniter\View\View->render('section/footer', [], true)
 5 APPPATH\Controllers\Home.php(204): view('section/footer', [...])
 6 SYSTEMPATH\CodeIgniter.php(904): App\Controllers\Home->index()
 7 SYSTEMPATH\CodeIgniter.php(457): CodeIgniter\CodeIgniter->runController(Object(App\Controllers\Home))
 8 SYSTEMPATH\CodeIgniter.php(340): CodeIgniter\CodeIgniter->handleRequest(null, Object(Config\Cache), false)
 9 FCPATH\index.php(55): CodeIgniter\CodeIgniter->run()
ERROR - 2022-09-08 16:01:39 --> mysqli_sql_exception: Unknown column 'tgl_transaksi2' in 'where clause' in C:\xampp\htdocs\sie-jaku\vendor\codeigniter4\framework\system\Database\MySQLi\Connection.php:292
Stack trace:
#0 C:\xampp\htdocs\sie-jaku\vendor\codeigniter4\framework\system\Database\MySQLi\Connection.php(292): mysqli->query('SELECT *, date_...', 0)
#1 C:\xampp\htdocs\sie-jaku\vendor\codeigniter4\framework\system\Database\BaseConnection.php(693): CodeIgniter\Database\MySQLi\Connection->execute('SELECT *, date_...')
#2 C:\xampp\htdocs\sie-jaku\vendor\codeigniter4\framework\system\Database\BaseConnection.php(620): CodeIgniter\Database\BaseConnection->simpleQuery('SELECT *, date_...')
#3 C:\xampp\htdocs\sie-jaku\vendor\codeigniter4\framework\system\Database\BaseBuilder.php(1585): CodeIgniter\Database\BaseConnection->query('SELECT *, date_...', Array, false)
#4 C:\xampp\htdocs\sie-jaku\app\Models\TransaksiModel.php(89): CodeIgniter\Database\BaseBuilder->get()
#5 C:\xampp\htdocs\sie-jaku\app\Controllers\Home.php(66): App\Models\TransaksiModel->getwhere_tahun_2('2022')
#6 C:\xampp\htdocs\sie-jaku\vendor\codeigniter4\framework\system\CodeIgniter.php(904): App\Controllers\Home->index()
#7 C:\xampp\htdocs\sie-jaku\vendor\codeigniter4\framework\system\CodeIgniter.php(457): CodeIgniter\CodeIgniter->runController(Object(App\Controllers\Home))
#8 C:\xampp\htdocs\sie-jaku\vendor\codeigniter4\framework\system\CodeIgniter.php(340): CodeIgniter\CodeIgniter->handleRequest(NULL, Object(Config\Cache), false)
#9 C:\xampp\htdocs\sie-jaku\public\index.php(55): CodeIgniter\CodeIgniter->run()
#10 {main}
CRITICAL - 2022-09-08 16:01:39 --> Unknown column 'tgl_transaksi2' in 'where clause'
in SYSTEMPATH\Database\MySQLi\Connection.php on line 292.
 1 SYSTEMPATH\Database\MySQLi\Connection.php(292): mysqli->query('SELECT *, date_format(tgl_transaksi, "%Y-%m-%d") as "tgl_transaksi2"
FROM `db_transaksi`
JOIN `db_jenis_kayu` ON `db_jenis_kayu`.`id_jenis_kayu` = `db_transaksi`.`id_jenis_kayu`
JOIN `db_tipe_kayu` ON `db_tipe_kayu`.`id_tipe_kayu` = `db_transaksi`.`id_tipe_kayu`
JOIN `db_ukuran_kayu` ON `db_ukuran_kayu`.`id_ukuran_kayu` = `db_transaksi`.`id_ukuran_kayu`
JOIN `db_persediaan_kayu` ON `db_persediaan_kayu`.`id_persediaan`  = `db_transaksi`.`id_persediaan`
JOIN `db_customers` ON `db_customers`.`id_customers` = `db_transaksi`.`id_customers`
WHERE `tgl_transaksi2` LIKE \'%2022-%\' ESCAPE \'!\'
GROUP BY `tgl_transaksi2`
ORDER BY `tgl_transaksi2` DESC', 0)
 2 SYSTEMPATH\Database\BaseConnection.php(693): CodeIgniter\Database\MySQLi\Connection->execute('SELECT *, date_format(tgl_transaksi, "%Y-%m-%d") as "tgl_transaksi2"
FROM `db_transaksi`
JOIN `db_jenis_kayu` ON `db_jenis_kayu`.`id_jenis_kayu` = `db_transaksi`.`id_jenis_kayu`
JOIN `db_tipe_kayu` ON `db_tipe_kayu`.`id_tipe_kayu` = `db_transaksi`.`id_tipe_kayu`
JOIN `db_ukuran_kayu` ON `db_ukuran_kayu`.`id_ukuran_kayu` = `db_transaksi`.`id_ukuran_kayu`
JOIN `db_persediaan_kayu` ON `db_persediaan_kayu`.`id_persediaan`  = `db_transaksi`.`id_persediaan`
JOIN `db_customers` ON `db_customers`.`id_customers` = `db_transaksi`.`id_customers`
WHERE `tgl_transaksi2` LIKE \'%2022-%\' ESCAPE \'!\'
GROUP BY `tgl_transaksi2`
ORDER BY `tgl_transaksi2` DESC')
 3 SYSTEMPATH\Database\BaseConnection.php(620): CodeIgniter\Database\BaseConnection->simpleQuery('SELECT *, date_format(tgl_transaksi, "%Y-%m-%d") as "tgl_transaksi2"
FROM `db_transaksi`
JOIN `db_jenis_kayu` ON `db_jenis_kayu`.`id_jenis_kayu` = `db_transaksi`.`id_jenis_kayu`
JOIN `db_tipe_kayu` ON `db_tipe_kayu`.`id_tipe_kayu` = `db_transaksi`.`id_tipe_kayu`
JOIN `db_ukuran_kayu` ON `db_ukuran_kayu`.`id_ukuran_kayu` = `db_transaksi`.`id_ukuran_kayu`
JOIN `db_persediaan_kayu` ON `db_persediaan_kayu`.`id_persediaan`  = `db_transaksi`.`id_persediaan`
JOIN `db_customers` ON `db_customers`.`id_customers` = `db_transaksi`.`id_customers`
WHERE `tgl_transaksi2` LIKE \'%2022-%\' ESCAPE \'!\'
GROUP BY `tgl_transaksi2`
ORDER BY `tgl_transaksi2` DESC')
 4 SYSTEMPATH\Database\BaseBuilder.php(1585): CodeIgniter\Database\BaseConnection->query('SELECT *, date_format(tgl_transaksi, "%Y-%m-%d") as "tgl_transaksi2"
FROM `db_transaksi`
JOIN `db_jenis_kayu` ON `db_jenis_kayu`.`id_jenis_kayu` = `db_transaksi`.`id_jenis_kayu`
JOIN `db_tipe_kayu` ON `db_tipe_kayu`.`id_tipe_kayu` = `db_transaksi`.`id_tipe_kayu`
JOIN `db_ukuran_kayu` ON `db_ukuran_kayu`.`id_ukuran_kayu` = `db_transaksi`.`id_ukuran_kayu`
JOIN `db_persediaan_kayu` ON `db_persediaan_kayu`.`id_persediaan`  = `db_transaksi`.`id_persediaan`
JOIN `db_customers` ON `db_customers`.`id_customers` = `db_transaksi`.`id_customers`
WHERE `tgl_transaksi2` LIKE :tgl_transaksi2: ESCAPE \'!\'
GROUP BY `tgl_transaksi2`
ORDER BY `tgl_transaksi2` DESC', [...], false)
 5 APPPATH\Models\TransaksiModel.php(89): CodeIgniter\Database\BaseBuilder->get()
 6 APPPATH\Controllers\Home.php(66): App\Models\TransaksiModel->getwhere_tahun_2('2022')
 7 SYSTEMPATH\CodeIgniter.php(904): App\Controllers\Home->index()
 8 SYSTEMPATH\CodeIgniter.php(457): CodeIgniter\CodeIgniter->runController(Object(App\Controllers\Home))
 9 SYSTEMPATH\CodeIgniter.php(340): CodeIgniter\CodeIgniter->handleRequest(null, Object(Config\Cache), false)
10 FCPATH\index.php(55): CodeIgniter\CodeIgniter->run()
ERROR - 2022-09-08 16:01:56 --> mysqli_sql_exception: Unknown column 'tgl_transaksi2' in 'where clause' in C:\xampp\htdocs\sie-jaku\vendor\codeigniter4\framework\system\Database\MySQLi\Connection.php:292
Stack trace:
#0 C:\xampp\htdocs\sie-jaku\vendor\codeigniter4\framework\system\Database\MySQLi\Connection.php(292): mysqli->query('SELECT date_for...', 0)
#1 C:\xampp\htdocs\sie-jaku\vendor\codeigniter4\framework\system\Database\BaseConnection.php(693): CodeIgniter\Database\MySQLi\Connection->execute('SELECT date_for...')
#2 C:\xampp\htdocs\sie-jaku\vendor\codeigniter4\framework\system\Database\BaseConnection.php(620): CodeIgniter\Database\BaseConnection->simpleQuery('SELECT date_for...')
#3 C:\xampp\htdocs\sie-jaku\vendor\codeigniter4\framework\system\Database\BaseBuilder.php(1585): CodeIgniter\Database\BaseConnection->query('SELECT date_for...', Array, false)
#4 C:\xampp\htdocs\sie-jaku\app\Models\TransaksiModel.php(89): CodeIgniter\Database\BaseBuilder->get()
#5 C:\xampp\htdocs\sie-jaku\app\Controllers\Home.php(66): App\Models\TransaksiModel->getwhere_tahun_2('2022')
#6 C:\xampp\htdocs\sie-jaku\vendor\codeigniter4\framework\system\CodeIgniter.php(904): App\Controllers\Home->index()
#7 C:\xampp\htdocs\sie-jaku\vendor\codeigniter4\framework\system\CodeIgniter.php(457): CodeIgniter\CodeIgniter->runController(Object(App\Controllers\Home))
#8 C:\xampp\htdocs\sie-jaku\vendor\codeigniter4\framework\system\CodeIgniter.php(340): CodeIgniter\CodeIgniter->handleRequest(NULL, Object(Config\Cache), false)
#9 C:\xampp\htdocs\sie-jaku\public\index.php(55): CodeIgniter\CodeIgniter->run()
#10 {main}
CRITICAL - 2022-09-08 16:01:56 --> Unknown column 'tgl_transaksi2' in 'where clause'
in SYSTEMPATH\Database\MySQLi\Connection.php on line 292.
 1 SYSTEMPATH\Database\MySQLi\Connection.php(292): mysqli->query('SELECT date_format(tgl_transaksi, "%Y-%m-%d") as "tgl_transaksi2"
FROM `db_transaksi`
JOIN `db_jenis_kayu` ON `db_jenis_kayu`.`id_jenis_kayu` = `db_transaksi`.`id_jenis_kayu`
JOIN `db_tipe_kayu` ON `db_tipe_kayu`.`id_tipe_kayu` = `db_transaksi`.`id_tipe_kayu`
JOIN `db_ukuran_kayu` ON `db_ukuran_kayu`.`id_ukuran_kayu` = `db_transaksi`.`id_ukuran_kayu`
JOIN `db_persediaan_kayu` ON `db_persediaan_kayu`.`id_persediaan`  = `db_transaksi`.`id_persediaan`
JOIN `db_customers` ON `db_customers`.`id_customers` = `db_transaksi`.`id_customers`
WHERE `tgl_transaksi2` LIKE \'%2022-%\' ESCAPE \'!\'
GROUP BY `tgl_transaksi2`
ORDER BY `tgl_transaksi2` DESC', 0)
 2 SYSTEMPATH\Database\BaseConnection.php(693): CodeIgniter\Database\MySQLi\Connection->execute('SELECT date_format(tgl_transaksi, "%Y-%m-%d") as "tgl_transaksi2"
FROM `db_transaksi`
JOIN `db_jenis_kayu` ON `db_jenis_kayu`.`id_jenis_kayu` = `db_transaksi`.`id_jenis_kayu`
JOIN `db_tipe_kayu` ON `db_tipe_kayu`.`id_tipe_kayu` = `db_transaksi`.`id_tipe_kayu`
JOIN `db_ukuran_kayu` ON `db_ukuran_kayu`.`id_ukuran_kayu` = `db_transaksi`.`id_ukuran_kayu`
JOIN `db_persediaan_kayu` ON `db_persediaan_kayu`.`id_persediaan`  = `db_transaksi`.`id_persediaan`
JOIN `db_customers` ON `db_customers`.`id_customers` = `db_transaksi`.`id_customers`
WHERE `tgl_transaksi2` LIKE \'%2022-%\' ESCAPE \'!\'
GROUP BY `tgl_transaksi2`
ORDER BY `tgl_transaksi2` DESC')
 3 SYSTEMPATH\Database\BaseConnection.php(620): CodeIgniter\Database\BaseConnection->simpleQuery('SELECT date_format(tgl_transaksi, "%Y-%m-%d") as "tgl_transaksi2"
FROM `db_transaksi`
JOIN `db_jenis_kayu` ON `db_jenis_kayu`.`id_jenis_kayu` = `db_transaksi`.`id_jenis_kayu`
JOIN `db_tipe_kayu` ON `db_tipe_kayu`.`id_tipe_kayu` = `db_transaksi`.`id_tipe_kayu`
JOIN `db_ukuran_kayu` ON `db_ukuran_kayu`.`id_ukuran_kayu` = `db_transaksi`.`id_ukuran_kayu`
JOIN `db_persediaan_kayu` ON `db_persediaan_kayu`.`id_persediaan`  = `db_transaksi`.`id_persediaan`
JOIN `db_customers` ON `db_customers`.`id_customers` = `db_transaksi`.`id_customers`
WHERE `tgl_transaksi2` LIKE \'%2022-%\' ESCAPE \'!\'
GROUP BY `tgl_transaksi2`
ORDER BY `tgl_transaksi2` DESC')
 4 SYSTEMPATH\Database\BaseBuilder.php(1585): CodeIgniter\Database\BaseConnection->query('SELECT date_format(tgl_transaksi, "%Y-%m-%d") as "tgl_transaksi2"
FROM `db_transaksi`
JOIN `db_jenis_kayu` ON `db_jenis_kayu`.`id_jenis_kayu` = `db_transaksi`.`id_jenis_kayu`
JOIN `db_tipe_kayu` ON `db_tipe_kayu`.`id_tipe_kayu` = `db_transaksi`.`id_tipe_kayu`
JOIN `db_ukuran_kayu` ON `db_ukuran_kayu`.`id_ukuran_kayu` = `db_transaksi`.`id_ukuran_kayu`
JOIN `db_persediaan_kayu` ON `db_persediaan_kayu`.`id_persediaan`  = `db_transaksi`.`id_persediaan`
JOIN `db_customers` ON `db_customers`.`id_customers` = `db_transaksi`.`id_customers`
WHERE `tgl_transaksi2` LIKE :tgl_transaksi2: ESCAPE \'!\'
GROUP BY `tgl_transaksi2`
ORDER BY `tgl_transaksi2` DESC', [...], false)
 5 APPPATH\Models\TransaksiModel.php(89): CodeIgniter\Database\BaseBuilder->get()
 6 APPPATH\Controllers\Home.php(66): App\Models\TransaksiModel->getwhere_tahun_2('2022')
 7 SYSTEMPATH\CodeIgniter.php(904): App\Controllers\Home->index()
 8 SYSTEMPATH\CodeIgniter.php(457): CodeIgniter\CodeIgniter->runController(Object(App\Controllers\Home))
 9 SYSTEMPATH\CodeIgniter.php(340): CodeIgniter\CodeIgniter->handleRequest(null, Object(Config\Cache), false)
10 FCPATH\index.php(55): CodeIgniter\CodeIgniter->run()
CRITICAL - 2022-09-08 16:02:07 --> Undefined property: stdClass::$tgl_transaksi
in APPPATH\Views\section\footer.php on line 457.
 1 APPPATH\Views\section\footer.php(457): CodeIgniter\Debug\Exceptions->errorHandler(2, 'Undefined property: stdClass::$tgl_transaksi', 'APPPATH\\Views\\section\\footer.php', 457)
 2 SYSTEMPATH\View\View.php(213): include('APPPATH\\Views\\section\\footer.php')
 3 SYSTEMPATH\View\View.php(216): CodeIgniter\View\View->CodeIgniter\View\{closure}()
 4 SYSTEMPATH\Common.php(1137): CodeIgniter\View\View->render('section/footer', [], true)
 5 APPPATH\Controllers\Home.php(204): view('section/footer', [...])
 6 SYSTEMPATH\CodeIgniter.php(904): App\Controllers\Home->index()
 7 SYSTEMPATH\CodeIgniter.php(457): CodeIgniter\CodeIgniter->runController(Object(App\Controllers\Home))
 8 SYSTEMPATH\CodeIgniter.php(340): CodeIgniter\CodeIgniter->handleRequest(null, Object(Config\Cache), false)
 9 FCPATH\index.php(55): CodeIgniter\CodeIgniter->run()
CRITICAL - 2022-09-08 16:02:40 --> Undefined property: stdClass::$tgl_transaksi
in APPPATH\Views\section\footer.php on line 457.
 1 APPPATH\Views\section\footer.php(457): CodeIgniter\Debug\Exceptions->errorHandler(2, 'Undefined property: stdClass::$tgl_transaksi', 'APPPATH\\Views\\section\\footer.php', 457)
 2 SYSTEMPATH\View\View.php(213): include('APPPATH\\Views\\section\\footer.php')
 3 SYSTEMPATH\View\View.php(216): CodeIgniter\View\View->CodeIgniter\View\{closure}()
 4 SYSTEMPATH\Common.php(1137): CodeIgniter\View\View->render('section/footer', [], true)
 5 APPPATH\Controllers\Home.php(204): view('section/footer', [...])
 6 SYSTEMPATH\CodeIgniter.php(904): App\Controllers\Home->index()
 7 SYSTEMPATH\CodeIgniter.php(457): CodeIgniter\CodeIgniter->runController(Object(App\Controllers\Home))
 8 SYSTEMPATH\CodeIgniter.php(340): CodeIgniter\CodeIgniter->handleRequest(null, Object(Config\Cache), false)
 9 FCPATH\index.php(55): CodeIgniter\CodeIgniter->run()
ERROR - 2022-09-08 16:04:06 --> mysqli_sql_exception: Unknown column 'db_transaksi.tgl_transaksi2' in 'group statement' in C:\xampp\htdocs\sie-jaku\vendor\codeigniter4\framework\system\Database\MySQLi\Connection.php:292
Stack trace:
#0 C:\xampp\htdocs\sie-jaku\vendor\codeigniter4\framework\system\Database\MySQLi\Connection.php(292): mysqli->query('SELECT *, date_...', 0)
#1 C:\xampp\htdocs\sie-jaku\vendor\codeigniter4\framework\system\Database\BaseConnection.php(693): CodeIgniter\Database\MySQLi\Connection->execute('SELECT *, date_...')
#2 C:\xampp\htdocs\sie-jaku\vendor\codeigniter4\framework\system\Database\BaseConnection.php(620): CodeIgniter\Database\BaseConnection->simpleQuery('SELECT *, date_...')
#3 C:\xampp\htdocs\sie-jaku\vendor\codeigniter4\framework\system\Database\BaseBuilder.php(1585): CodeIgniter\Database\BaseConnection->query('SELECT *, date_...', Array, false)
#4 C:\xampp\htdocs\sie-jaku\app\Models\TransaksiModel.php(89): CodeIgniter\Database\BaseBuilder->get()
#5 C:\xampp\htdocs\sie-jaku\app\Controllers\Home.php(66): App\Models\TransaksiModel->getwhere_tahun_2('2022')
#6 C:\xampp\htdocs\sie-jaku\vendor\codeigniter4\framework\system\CodeIgniter.php(904): App\Controllers\Home->index()
#7 C:\xampp\htdocs\sie-jaku\vendor\codeigniter4\framework\system\CodeIgniter.php(457): CodeIgniter\CodeIgniter->runController(Object(App\Controllers\Home))
#8 C:\xampp\htdocs\sie-jaku\vendor\codeigniter4\framework\system\CodeIgniter.php(340): CodeIgniter\CodeIgniter->handleRequest(NULL, Object(Config\Cache), false)
#9 C:\xampp\htdocs\sie-jaku\public\index.php(55): CodeIgniter\CodeIgniter->run()
#10 {main}
CRITICAL - 2022-09-08 16:04:06 --> Unknown column 'db_transaksi.tgl_transaksi2' in 'group statement'
in SYSTEMPATH\Database\MySQLi\Connection.php on line 292.
 1 SYSTEMPATH\Database\MySQLi\Connection.php(292): mysqli->query('SELECT *, date_format(db_transaksi.tgl_transaksi, "%Y-%m-%d") as "tgl_transaksi2"
FROM `db_transaksi`
JOIN `db_jenis_kayu` ON `db_jenis_kayu`.`id_jenis_kayu` = `db_transaksi`.`id_jenis_kayu`
JOIN `db_tipe_kayu` ON `db_tipe_kayu`.`id_tipe_kayu` = `db_transaksi`.`id_tipe_kayu`
JOIN `db_ukuran_kayu` ON `db_ukuran_kayu`.`id_ukuran_kayu` = `db_transaksi`.`id_ukuran_kayu`
JOIN `db_persediaan_kayu` ON `db_persediaan_kayu`.`id_persediaan`  = `db_transaksi`.`id_persediaan`
JOIN `db_customers` ON `db_customers`.`id_customers` = `db_transaksi`.`id_customers`
GROUP BY `db_transaksi`.`tgl_transaksi2`', 0)
 2 SYSTEMPATH\Database\BaseConnection.php(693): CodeIgniter\Database\MySQLi\Connection->execute('SELECT *, date_format(db_transaksi.tgl_transaksi, "%Y-%m-%d") as "tgl_transaksi2"
FROM `db_transaksi`
JOIN `db_jenis_kayu` ON `db_jenis_kayu`.`id_jenis_kayu` = `db_transaksi`.`id_jenis_kayu`
JOIN `db_tipe_kayu` ON `db_tipe_kayu`.`id_tipe_kayu` = `db_transaksi`.`id_tipe_kayu`
JOIN `db_ukuran_kayu` ON `db_ukuran_kayu`.`id_ukuran_kayu` = `db_transaksi`.`id_ukuran_kayu`
JOIN `db_persediaan_kayu` ON `db_persediaan_kayu`.`id_persediaan`  = `db_transaksi`.`id_persediaan`
JOIN `db_customers` ON `db_customers`.`id_customers` = `db_transaksi`.`id_customers`
GROUP BY `db_transaksi`.`tgl_transaksi2`')
 3 SYSTEMPATH\Database\BaseConnection.php(620): CodeIgniter\Database\BaseConnection->simpleQuery('SELECT *, date_format(db_transaksi.tgl_transaksi, "%Y-%m-%d") as "tgl_transaksi2"
FROM `db_transaksi`
JOIN `db_jenis_kayu` ON `db_jenis_kayu`.`id_jenis_kayu` = `db_transaksi`.`id_jenis_kayu`
JOIN `db_tipe_kayu` ON `db_tipe_kayu`.`id_tipe_kayu` = `db_transaksi`.`id_tipe_kayu`
JOIN `db_ukuran_kayu` ON `db_ukuran_kayu`.`id_ukuran_kayu` = `db_transaksi`.`id_ukuran_kayu`
JOIN `db_persediaan_kayu` ON `db_persediaan_kayu`.`id_persediaan`  = `db_transaksi`.`id_persediaan`
JOIN `db_customers` ON `db_customers`.`id_customers` = `db_transaksi`.`id_customers`
GROUP BY `db_transaksi`.`tgl_transaksi2`')
 4 SYSTEMPATH\Database\BaseBuilder.php(1585): CodeIgniter\Database\BaseConnection->query('SELECT *, date_format(db_transaksi.tgl_transaksi, "%Y-%m-%d") as "tgl_transaksi2"
FROM `db_transaksi`
JOIN `db_jenis_kayu` ON `db_jenis_kayu`.`id_jenis_kayu` = `db_transaksi`.`id_jenis_kayu`
JOIN `db_tipe_kayu` ON `db_tipe_kayu`.`id_tipe_kayu` = `db_transaksi`.`id_tipe_kayu`
JOIN `db_ukuran_kayu` ON `db_ukuran_kayu`.`id_ukuran_kayu` = `db_transaksi`.`id_ukuran_kayu`
JOIN `db_persediaan_kayu` ON `db_persediaan_kayu`.`id_persediaan`  = `db_transaksi`.`id_persediaan`
JOIN `db_customers` ON `db_customers`.`id_customers` = `db_transaksi`.`id_customers`
GROUP BY `db_transaksi`.`tgl_transaksi2`', [], false)
 5 APPPATH\Models\TransaksiModel.php(89): CodeIgniter\Database\BaseBuilder->get()
 6 APPPATH\Controllers\Home.php(66): App\Models\TransaksiModel->getwhere_tahun_2('2022')
 7 SYSTEMPATH\CodeIgniter.php(904): App\Controllers\Home->index()
 8 SYSTEMPATH\CodeIgniter.php(457): CodeIgniter\CodeIgniter->runController(Object(App\Controllers\Home))
 9 SYSTEMPATH\CodeIgniter.php(340): CodeIgniter\CodeIgniter->handleRequest(null, Object(Config\Cache), false)
10 FCPATH\index.php(55): CodeIgniter\CodeIgniter->run()
CRITICAL - 2022-09-08 16:04:22 --> Undefined property: stdClass::$tgl_transaksi
in APPPATH\Views\section\footer.php on line 457.
 1 APPPATH\Views\section\footer.php(457): CodeIgniter\Debug\Exceptions->errorHandler(2, 'Undefined property: stdClass::$tgl_transaksi', 'APPPATH\\Views\\section\\footer.php', 457)
 2 SYSTEMPATH\View\View.php(213): include('APPPATH\\Views\\section\\footer.php')
 3 SYSTEMPATH\View\View.php(216): CodeIgniter\View\View->CodeIgniter\View\{closure}()
 4 SYSTEMPATH\Common.php(1137): CodeIgniter\View\View->render('section/footer', [], true)
 5 APPPATH\Controllers\Home.php(204): view('section/footer', [...])
 6 SYSTEMPATH\CodeIgniter.php(904): App\Controllers\Home->index()
 7 SYSTEMPATH\CodeIgniter.php(457): CodeIgniter\CodeIgniter->runController(Object(App\Controllers\Home))
 8 SYSTEMPATH\CodeIgniter.php(340): CodeIgniter\CodeIgniter->handleRequest(null, Object(Config\Cache), false)
 9 FCPATH\index.php(55): CodeIgniter\CodeIgniter->run()
CRITICAL - 2022-09-08 16:04:45 --> Undefined property: stdClass::$total_harga
in APPPATH\Views\section\footer.php on line 473.
 1 APPPATH\Views\section\footer.php(473): CodeIgniter\Debug\Exceptions->errorHandler(2, 'Undefined property: stdClass::$total_harga', 'APPPATH\\Views\\section\\footer.php', 473)
 2 SYSTEMPATH\View\View.php(213): include('APPPATH\\Views\\section\\footer.php')
 3 SYSTEMPATH\View\View.php(216): CodeIgniter\View\View->CodeIgniter\View\{closure}()
 4 SYSTEMPATH\Common.php(1137): CodeIgniter\View\View->render('section/footer', [], true)
 5 APPPATH\Controllers\Home.php(204): view('section/footer', [...])
 6 SYSTEMPATH\CodeIgniter.php(904): App\Controllers\Home->index()
 7 SYSTEMPATH\CodeIgniter.php(457): CodeIgniter\CodeIgniter->runController(Object(App\Controllers\Home))
 8 SYSTEMPATH\CodeIgniter.php(340): CodeIgniter\CodeIgniter->handleRequest(null, Object(Config\Cache), false)
 9 FCPATH\index.php(55): CodeIgniter\CodeIgniter->run()
CRITICAL - 2022-09-08 16:14:44 --> explode(): Argument #2 ($string) must be of type string, stdClass given
in APPPATH\Views\section\footer.php on line 471.
 1 APPPATH\Views\section\footer.php(471): explode(' ', Object(stdClass))
 2 SYSTEMPATH\View\View.php(213): include('APPPATH\\Views\\section\\footer.php')
 3 SYSTEMPATH\View\View.php(216): CodeIgniter\View\View->CodeIgniter\View\{closure}()
 4 SYSTEMPATH\Common.php(1137): CodeIgniter\View\View->render('section/footer', [], true)
 5 APPPATH\Controllers\Home.php(204): view('section/footer', [...])
 6 SYSTEMPATH\CodeIgniter.php(904): App\Controllers\Home->index()
 7 SYSTEMPATH\CodeIgniter.php(457): CodeIgniter\CodeIgniter->runController(Object(App\Controllers\Home))
 8 SYSTEMPATH\CodeIgniter.php(340): CodeIgniter\CodeIgniter->handleRequest(null, Object(Config\Cache), false)
 9 FCPATH\index.php(55): CodeIgniter\CodeIgniter->run()
CRITICAL - 2022-09-08 16:20:10 --> syntax error, unexpected token "}", expecting "," or ";"
in APPPATH\Views\section\footer.php on line 505.
 1 SYSTEMPATH\View\View.php(216): CodeIgniter\View\View->CodeIgniter\View\{closure}()
 2 SYSTEMPATH\Common.php(1137): CodeIgniter\View\View->render('section/footer', [], true)
 3 APPPATH\Controllers\Home.php(204): view('section/footer', [...])
 4 SYSTEMPATH\CodeIgniter.php(904): App\Controllers\Home->index()
 5 SYSTEMPATH\CodeIgniter.php(457): CodeIgniter\CodeIgniter->runController(Object(App\Controllers\Home))
 6 SYSTEMPATH\CodeIgniter.php(340): CodeIgniter\CodeIgniter->handleRequest(null, Object(Config\Cache), false)
 7 FCPATH\index.php(55): CodeIgniter\CodeIgniter->run()
CRITICAL - 2022-09-08 16:20:35 --> Undefined variable $tampil
in APPPATH\Views\section\footer.php on line 503.
 1 APPPATH\Views\section\footer.php(503): CodeIgniter\Debug\Exceptions->errorHandler(2, 'Undefined variable $tampil', 'APPPATH\\Views\\section\\footer.php', 503)
 2 SYSTEMPATH\View\View.php(213): include('APPPATH\\Views\\section\\footer.php')
 3 SYSTEMPATH\View\View.php(216): CodeIgniter\View\View->CodeIgniter\View\{closure}()
 4 SYSTEMPATH\Common.php(1137): CodeIgniter\View\View->render('section/footer', [], true)
 5 APPPATH\Controllers\Home.php(204): view('section/footer', [...])
 6 SYSTEMPATH\CodeIgniter.php(904): App\Controllers\Home->index()
 7 SYSTEMPATH\CodeIgniter.php(457): CodeIgniter\CodeIgniter->runController(Object(App\Controllers\Home))
 8 SYSTEMPATH\CodeIgniter.php(340): CodeIgniter\CodeIgniter->handleRequest(null, Object(Config\Cache), false)
 9 FCPATH\index.php(55): CodeIgniter\CodeIgniter->run()
CRITICAL - 2022-09-08 16:31:40 --> Undefined property: stdClass::$tgl_transaksi
in APPPATH\Views\section\footer.php on line 474.
 1 APPPATH\Views\section\footer.php(474): CodeIgniter\Debug\Exceptions->errorHandler(2, 'Undefined property: stdClass::$tgl_transaksi', 'APPPATH\\Views\\section\\footer.php', 474)
 2 SYSTEMPATH\View\View.php(213): include('APPPATH\\Views\\section\\footer.php')
 3 SYSTEMPATH\View\View.php(216): CodeIgniter\View\View->CodeIgniter\View\{closure}()
 4 SYSTEMPATH\Common.php(1137): CodeIgniter\View\View->render('section/footer', [], true)
 5 APPPATH\Controllers\Home.php(204): view('section/footer', [...])
 6 SYSTEMPATH\CodeIgniter.php(904): App\Controllers\Home->index()
 7 SYSTEMPATH\CodeIgniter.php(457): CodeIgniter\CodeIgniter->runController(Object(App\Controllers\Home))
 8 SYSTEMPATH\CodeIgniter.php(340): CodeIgniter\CodeIgniter->handleRequest(null, Object(Config\Cache), false)
 9 FCPATH\index.php(55): CodeIgniter\CodeIgniter->run()
CRITICAL - 2022-09-08 16:33:43 --> Undefined property: stdClass::$tgl_transaksi
in APPPATH\Views\section\footer.php on line 457.
 1 APPPATH\Views\section\footer.php(457): CodeIgniter\Debug\Exceptions->errorHandler(2, 'Undefined property: stdClass::$tgl_transaksi', 'APPPATH\\Views\\section\\footer.php', 457)
 2 SYSTEMPATH\View\View.php(213): include('APPPATH\\Views\\section\\footer.php')
 3 SYSTEMPATH\View\View.php(216): CodeIgniter\View\View->CodeIgniter\View\{closure}()
 4 SYSTEMPATH\Common.php(1137): CodeIgniter\View\View->render('section/footer', [], true)
 5 APPPATH\Controllers\Home.php(204): view('section/footer', [...])
 6 SYSTEMPATH\CodeIgniter.php(904): App\Controllers\Home->index()
 7 SYSTEMPATH\CodeIgniter.php(457): CodeIgniter\CodeIgniter->runController(Object(App\Controllers\Home))
 8 SYSTEMPATH\CodeIgniter.php(340): CodeIgniter\CodeIgniter->handleRequest(null, Object(Config\Cache), false)
 9 FCPATH\index.php(55): CodeIgniter\CodeIgniter->run()
CRITICAL - 2022-09-08 16:34:05 --> Undefined property: stdClass::$total_harga
in APPPATH\Views\section\footer.php on line 473.
 1 APPPATH\Views\section\footer.php(473): CodeIgniter\Debug\Exceptions->errorHandler(2, 'Undefined property: stdClass::$total_harga', 'APPPATH\\Views\\section\\footer.php', 473)
 2 SYSTEMPATH\View\View.php(213): include('APPPATH\\Views\\section\\footer.php')
 3 SYSTEMPATH\View\View.php(216): CodeIgniter\View\View->CodeIgniter\View\{closure}()
 4 SYSTEMPATH\Common.php(1137): CodeIgniter\View\View->render('section/footer', [], true)
 5 APPPATH\Controllers\Home.php(204): view('section/footer', [...])
 6 SYSTEMPATH\CodeIgniter.php(904): App\Controllers\Home->index()
 7 SYSTEMPATH\CodeIgniter.php(457): CodeIgniter\CodeIgniter->runController(Object(App\Controllers\Home))
 8 SYSTEMPATH\CodeIgniter.php(340): CodeIgniter\CodeIgniter->handleRequest(null, Object(Config\Cache), false)
 9 FCPATH\index.php(55): CodeIgniter\CodeIgniter->run()
ERROR - 2022-09-08 16:35:01 --> mysqli_sql_exception: Unknown column 'Thupm30Asia/Makassar+08009Thursday22' in 'group statement' in C:\xampp\htdocs\sie-jaku\vendor\codeigniter4\framework\system\Database\MySQLi\Connection.php:292
Stack trace:
#0 C:\xampp\htdocs\sie-jaku\vendor\codeigniter4\framework\system\Database\MySQLi\Connection.php(292): mysqli->query('SELECT `total_h...', 0)
#1 C:\xampp\htdocs\sie-jaku\vendor\codeigniter4\framework\system\Database\BaseConnection.php(693): CodeIgniter\Database\MySQLi\Connection->execute('SELECT `total_h...')
#2 C:\xampp\htdocs\sie-jaku\vendor\codeigniter4\framework\system\Database\BaseConnection.php(620): CodeIgniter\Database\BaseConnection->simpleQuery('SELECT `total_h...')
#3 C:\xampp\htdocs\sie-jaku\vendor\codeigniter4\framework\system\Database\BaseBuilder.php(1585): CodeIgniter\Database\BaseConnection->query('SELECT `total_h...', Array, false)
#4 C:\xampp\htdocs\sie-jaku\app\Models\TransaksiModel.php(90): CodeIgniter\Database\BaseBuilder->get()
#5 C:\xampp\htdocs\sie-jaku\app\Controllers\Home.php(66): App\Models\TransaksiModel->getwhere_tahun_2('2022')
#6 C:\xampp\htdocs\sie-jaku\vendor\codeigniter4\framework\system\CodeIgniter.php(904): App\Controllers\Home->index()
#7 C:\xampp\htdocs\sie-jaku\vendor\codeigniter4\framework\system\CodeIgniter.php(457): CodeIgniter\CodeIgniter->runController(Object(App\Controllers\Home))
#8 C:\xampp\htdocs\sie-jaku\vendor\codeigniter4\framework\system\CodeIgniter.php(340): CodeIgniter\CodeIgniter->handleRequest(NULL, Object(Config\Cache), false)
#9 C:\xampp\htdocs\sie-jaku\public\index.php(55): CodeIgniter\CodeIgniter->run()
#10 {main}
CRITICAL - 2022-09-08 16:35:01 --> Unknown column 'Thupm30Asia/Makassar+08009Thursday22' in 'group statement'
in SYSTEMPATH\Database\MySQLi\Connection.php on line 292.
 1 SYSTEMPATH\Database\MySQLi\Connection.php(292): mysqli->query('SELECT `total_harga`, DATE(tgl_transaksi) AS DateOnly
FROM `db_transaksi`
JOIN `db_jenis_kayu` ON `db_jenis_kayu`.`id_jenis_kayu` = `db_transaksi`.`id_jenis_kayu`
JOIN `db_tipe_kayu` ON `db_tipe_kayu`.`id_tipe_kayu` = `db_transaksi`.`id_tipe_kayu`
JOIN `db_ukuran_kayu` ON `db_ukuran_kayu`.`id_ukuran_kayu` = `db_transaksi`.`id_ukuran_kayu`
JOIN `db_persediaan_kayu` ON `db_persediaan_kayu`.`id_persediaan`  = `db_transaksi`.`id_persediaan`
JOIN `db_customers` ON `db_customers`.`id_customers` = `db_transaksi`.`id_customers`
GROUP BY `Thupm30Asia/Makassar+08009Thursday22`', 0)
 2 SYSTEMPATH\Database\BaseConnection.php(693): CodeIgniter\Database\MySQLi\Connection->execute('SELECT `total_harga`, DATE(tgl_transaksi) AS DateOnly
FROM `db_transaksi`
JOIN `db_jenis_kayu` ON `db_jenis_kayu`.`id_jenis_kayu` = `db_transaksi`.`id_jenis_kayu`
JOIN `db_tipe_kayu` ON `db_tipe_kayu`.`id_tipe_kayu` = `db_transaksi`.`id_tipe_kayu`
JOIN `db_ukuran_kayu` ON `db_ukuran_kayu`.`id_ukuran_kayu` = `db_transaksi`.`id_ukuran_kayu`
JOIN `db_persediaan_kayu` ON `db_persediaan_kayu`.`id_persediaan`  = `db_transaksi`.`id_persediaan`
JOIN `db_customers` ON `db_customers`.`id_customers` = `db_transaksi`.`id_customers`
GROUP BY `Thupm30Asia/Makassar+08009Thursday22`')
 3 SYSTEMPATH\Database\BaseConnection.php(620): CodeIgniter\Database\BaseConnection->simpleQuery('SELECT `total_harga`, DATE(tgl_transaksi) AS DateOnly
FROM `db_transaksi`
JOIN `db_jenis_kayu` ON `db_jenis_kayu`.`id_jenis_kayu` = `db_transaksi`.`id_jenis_kayu`
JOIN `db_tipe_kayu` ON `db_tipe_kayu`.`id_tipe_kayu` = `db_transaksi`.`id_tipe_kayu`
JOIN `db_ukuran_kayu` ON `db_ukuran_kayu`.`id_ukuran_kayu` = `db_transaksi`.`id_ukuran_kayu`
JOIN `db_persediaan_kayu` ON `db_persediaan_kayu`.`id_persediaan`  = `db_transaksi`.`id_persediaan`
JOIN `db_customers` ON `db_customers`.`id_customers` = `db_transaksi`.`id_customers`
GROUP BY `Thupm30Asia/Makassar+08009Thursday22`')
 4 SYSTEMPATH\Database\BaseBuilder.php(1585): CodeIgniter\Database\BaseConnection->query('SELECT `total_harga`, DATE(tgl_transaksi) AS DateOnly
FROM `db_transaksi`
JOIN `db_jenis_kayu` ON `db_jenis_kayu`.`id_jenis_kayu` = `db_transaksi`.`id_jenis_kayu`
JOIN `db_tipe_kayu` ON `db_tipe_kayu`.`id_tipe_kayu` = `db_transaksi`.`id_tipe_kayu`
JOIN `db_ukuran_kayu` ON `db_ukuran_kayu`.`id_ukuran_kayu` = `db_transaksi`.`id_ukuran_kayu`
JOIN `db_persediaan_kayu` ON `db_persediaan_kayu`.`id_persediaan`  = `db_transaksi`.`id_persediaan`
JOIN `db_customers` ON `db_customers`.`id_customers` = `db_transaksi`.`id_customers`
GROUP BY `Thupm30Asia/Makassar+08009Thursday22`', [], false)
 5 APPPATH\Models\TransaksiModel.php(90): CodeIgniter\Database\BaseBuilder->get()
 6 APPPATH\Controllers\Home.php(66): App\Models\TransaksiModel->getwhere_tahun_2('2022')
 7 SYSTEMPATH\CodeIgniter.php(904): App\Controllers\Home->index()
 8 SYSTEMPATH\CodeIgniter.php(457): CodeIgniter\CodeIgniter->runController(Object(App\Controllers\Home))
 9 SYSTEMPATH\CodeIgniter.php(340): CodeIgniter\CodeIgniter->handleRequest(null, Object(Config\Cache), false)
10 FCPATH\index.php(55): CodeIgniter\CodeIgniter->run()
CRITICAL - 2022-09-08 16:35:16 --> Call to undefined method CodeIgniter\Database\MySQLi\Builder::group_by()
in APPPATH\Models\TransaksiModel.php on line 87.
 1 APPPATH\Controllers\Home.php(66): App\Models\TransaksiModel->getwhere_tahun_2('2022')
 2 SYSTEMPATH\CodeIgniter.php(904): App\Controllers\Home->index()
 3 SYSTEMPATH\CodeIgniter.php(457): CodeIgniter\CodeIgniter->runController(Object(App\Controllers\Home))
 4 SYSTEMPATH\CodeIgniter.php(340): CodeIgniter\CodeIgniter->handleRequest(null, Object(Config\Cache), false)
 5 FCPATH\index.php(55): CodeIgniter\CodeIgniter->run()
CRITICAL - 2022-09-08 16:38:05 --> Call to undefined method CodeIgniter\Database\MySQLi\Builder::group_by()
in APPPATH\Models\TransaksiModel.php on line 88.
 1 APPPATH\Controllers\Home.php(66): App\Models\TransaksiModel->getwhere_tahun_2('2022')
 2 SYSTEMPATH\CodeIgniter.php(904): App\Controllers\Home->index()
 3 SYSTEMPATH\CodeIgniter.php(457): CodeIgniter\CodeIgniter->runController(Object(App\Controllers\Home))
 4 SYSTEMPATH\CodeIgniter.php(340): CodeIgniter\CodeIgniter->handleRequest(null, Object(Config\Cache), false)
 5 FCPATH\index.php(55): CodeIgniter\CodeIgniter->run()
CRITICAL - 2022-09-08 16:46:48 --> Undefined property: stdClass::$DateOnly
in APPPATH\Views\section\footer.php on line 457.
 1 APPPATH\Views\section\footer.php(457): CodeIgniter\Debug\Exceptions->errorHandler(2, 'Undefined property: stdClass::$DateOnly', 'APPPATH\\Views\\section\\footer.php', 457)
 2 SYSTEMPATH\View\View.php(213): include('APPPATH\\Views\\section\\footer.php')
 3 SYSTEMPATH\View\View.php(216): CodeIgniter\View\View->CodeIgniter\View\{closure}()
 4 SYSTEMPATH\Common.php(1137): CodeIgniter\View\View->render('section/footer', [], true)
 5 APPPATH\Controllers\Home.php(204): view('section/footer', [...])
 6 SYSTEMPATH\CodeIgniter.php(904): App\Controllers\Home->index()
 7 SYSTEMPATH\CodeIgniter.php(457): CodeIgniter\CodeIgniter->runController(Object(App\Controllers\Home))
 8 SYSTEMPATH\CodeIgniter.php(340): CodeIgniter\CodeIgniter->handleRequest(null, Object(Config\Cache), false)
 9 FCPATH\index.php(55): CodeIgniter\CodeIgniter->run()
CRITICAL - 2022-09-08 16:58:37 --> Undefined property: stdClass::$tgl_code
in APPPATH\Views\section\footer.php on line 457.
 1 APPPATH\Views\section\footer.php(457): CodeIgniter\Debug\Exceptions->errorHandler(2, 'Undefined property: stdClass::$tgl_code', 'APPPATH\\Views\\section\\footer.php', 457)
 2 SYSTEMPATH\View\View.php(213): include('APPPATH\\Views\\section\\footer.php')
 3 SYSTEMPATH\View\View.php(216): CodeIgniter\View\View->CodeIgniter\View\{closure}()
 4 SYSTEMPATH\Common.php(1137): CodeIgniter\View\View->render('section/footer', [], true)
 5 APPPATH\Controllers\Home.php(204): view('section/footer', [...])
 6 SYSTEMPATH\CodeIgniter.php(904): App\Controllers\Home->index()
 7 SYSTEMPATH\CodeIgniter.php(457): CodeIgniter\CodeIgniter->runController(Object(App\Controllers\Home))
 8 SYSTEMPATH\CodeIgniter.php(340): CodeIgniter\CodeIgniter->handleRequest(null, Object(Config\Cache), false)
 9 FCPATH\index.php(55): CodeIgniter\CodeIgniter->run()
