CRITICAL - 2022-09-12 09:52:11 --> Undefined variable $dataCHRTCCtransaksi
in APPPATH\Controllers\Home.php on line 191.
 1 APPPATH\Controllers\Home.php(191): CodeIgniter\Debug\Exceptions->errorHandler(2, 'Undefined variable $dataCHRTCCtransaksi', 'APPPATH\\Controllers\\Home.php', 191)
 2 SYSTEMPATH\CodeIgniter.php(904): App\Controllers\Home->index()
 3 SYSTEMPATH\CodeIgniter.php(457): CodeIgniter\CodeIgniter->runController(Object(App\Controllers\Home))
 4 SYSTEMPATH\CodeIgniter.php(340): CodeIgniter\CodeIgniter->handleRequest(null, Object(Config\Cache), false)
 5 FCPATH\index.php(55): CodeIgniter\CodeIgniter->run()
CRITICAL - 2022-09-12 09:54:03 --> Undefined variable $dataCHRTtransaksi
in APPPATH\Controllers\Home.php on line 124.
 1 APPPATH\Controllers\Home.php(124): CodeIgniter\Debug\Exceptions->errorHandler(2, 'Undefined variable $dataCHRTtransaksi', 'APPPATH\\Controllers\\Home.php', 124)
 2 SYSTEMPATH\CodeIgniter.php(904): App\Controllers\Home->index()
 3 SYSTEMPATH\CodeIgniter.php(457): CodeIgniter\CodeIgniter->runController(Object(App\Controllers\Home))
 4 SYSTEMPATH\CodeIgniter.php(340): CodeIgniter\CodeIgniter->handleRequest(null, Object(Config\Cache), false)
 5 FCPATH\index.php(55): CodeIgniter\CodeIgniter->run()
ERROR - 2022-09-12 20:18:18 --> Error connecting to the database: mysqli_sql_exception: Access denied for user 'root'@'localhost' (using password: YES) in C:\xampp\htdocs\sie-jaku\vendor\codeigniter4\framework\system\Database\MySQLi\Connection.php:171
Stack trace:
#0 C:\xampp\htdocs\sie-jaku\vendor\codeigniter4\framework\system\Database\MySQLi\Connection.php(171): mysqli->real_connect('127.0.0.1', 'root', 'berasputih', 'siejaku', 3306, '', 0)
#1 C:\xampp\htdocs\sie-jaku\vendor\codeigniter4\framework\system\Database\BaseConnection.php(382): CodeIgniter\Database\MySQLi\Connection->connect(false)
#2 C:\xampp\htdocs\sie-jaku\vendor\codeigniter4\framework\system\Database\BaseConnection.php(588): CodeIgniter\Database\BaseConnection->initialize()
#3 C:\xampp\htdocs\sie-jaku\vendor\codeigniter4\framework\system\Database\BaseBuilder.php(1585): CodeIgniter\Database\BaseConnection->query('SELECT *\nFROM `...', Array, false)
#4 C:\xampp\htdocs\sie-jaku\vendor\codeigniter4\framework\system\Model.php(250): CodeIgniter\Database\BaseBuilder->get()
#5 C:\xampp\htdocs\sie-jaku\vendor\codeigniter4\framework\system\BaseModel.php(622): CodeIgniter\Model->doFirst()
#6 C:\xampp\htdocs\sie-jaku\app\Controllers\Login.php(33): CodeIgniter\BaseModel->first()
#7 C:\xampp\htdocs\sie-jaku\vendor\codeigniter4\framework\system\CodeIgniter.php(907): App\Controllers\Login->process()
#8 C:\xampp\htdocs\sie-jaku\vendor\codeigniter4\framework\system\CodeIgniter.php(457): CodeIgniter\CodeIgniter->runController(Object(App\Controllers\Login))
#9 C:\xampp\htdocs\sie-jaku\vendor\codeigniter4\framework\system\CodeIgniter.php(340): CodeIgniter\CodeIgniter->handleRequest(NULL, Object(Config\Cache), false)
#10 C:\xampp\htdocs\sie-jaku\public\index.php(55): CodeIgniter\CodeIgniter->run()
#11 {main}

Next CodeIgniter\Database\Exceptions\DatabaseException: Access denied for user '****'@'localhost' (using password: YES) in C:\xampp\htdocs\sie-jaku\vendor\codeigniter4\framework\system\Database\MySQLi\Connection.php:215
Stack trace:
#0 C:\xampp\htdocs\sie-jaku\vendor\codeigniter4\framework\system\Database\BaseConnection.php(382): CodeIgniter\Database\MySQLi\Connection->connect(false)
#1 C:\xampp\htdocs\sie-jaku\vendor\codeigniter4\framework\system\Database\BaseConnection.php(588): CodeIgniter\Database\BaseConnection->initialize()
#2 C:\xampp\htdocs\sie-jaku\vendor\codeigniter4\framework\system\Database\BaseBuilder.php(1585): CodeIgniter\Database\BaseConnection->query('SELECT *\nFROM `...', Array, false)
#3 C:\xampp\htdocs\sie-jaku\vendor\codeigniter4\framework\system\Model.php(250): CodeIgniter\Database\BaseBuilder->get()
#4 C:\xampp\htdocs\sie-jaku\vendor\codeigniter4\framework\system\BaseModel.php(622): CodeIgniter\Model->doFirst()
#5 C:\xampp\htdocs\sie-jaku\app\Controllers\Login.php(33): CodeIgniter\BaseModel->first()
#6 C:\xampp\htdocs\sie-jaku\vendor\codeigniter4\framework\system\CodeIgniter.php(907): App\Controllers\Login->process()
#7 C:\xampp\htdocs\sie-jaku\vendor\codeigniter4\framework\system\CodeIgniter.php(457): CodeIgniter\CodeIgniter->runController(Object(App\Controllers\Login))
#8 C:\xampp\htdocs\sie-jaku\vendor\codeigniter4\framework\system\CodeIgniter.php(340): CodeIgniter\CodeIgniter->handleRequest(NULL, Object(Config\Cache), false)
#9 C:\xampp\htdocs\sie-jaku\public\index.php(55): CodeIgniter\CodeIgniter->run()
#10 {main}
CRITICAL - 2022-09-12 20:18:18 --> Unable to connect to the database.
Main connection [MySQLi]: Access denied for user '****'@'localhost' (using password: YES)
in SYSTEMPATH\Database\BaseConnection.php on line 418.
 1 SYSTEMPATH\Database\BaseConnection.php(588): CodeIgniter\Database\BaseConnection->initialize()
 2 SYSTEMPATH\Database\BaseBuilder.php(1585): CodeIgniter\Database\BaseConnection->query('SELECT *
FROM `db_users`
WHERE `username` = :username:
 LIMIT 1', [...], false)
 3 SYSTEMPATH\Model.php(250): CodeIgniter\Database\BaseBuilder->get()
 4 SYSTEMPATH\BaseModel.php(622): CodeIgniter\Model->doFirst()
 5 APPPATH\Controllers\Login.php(33): CodeIgniter\BaseModel->first()
 6 SYSTEMPATH\CodeIgniter.php(907): App\Controllers\Login->process()
 7 SYSTEMPATH\CodeIgniter.php(457): CodeIgniter\CodeIgniter->runController(Object(App\Controllers\Login))
 8 SYSTEMPATH\CodeIgniter.php(340): CodeIgniter\CodeIgniter->handleRequest(null, Object(Config\Cache), false)
 9 FCPATH\index.php(55): CodeIgniter\CodeIgniter->run()
ERROR - 2022-09-12 20:18:38 --> mysqli_sql_exception: Unknown column 'tgl_code' in 'field list' in C:\xampp\htdocs\sie-jaku\vendor\codeigniter4\framework\system\Database\MySQLi\Connection.php:292
Stack trace:
#0 C:\xampp\htdocs\sie-jaku\vendor\codeigniter4\framework\system\Database\MySQLi\Connection.php(292): mysqli->query('SELECT sum(tota...', 0)
#1 C:\xampp\htdocs\sie-jaku\vendor\codeigniter4\framework\system\Database\BaseConnection.php(693): CodeIgniter\Database\MySQLi\Connection->execute('SELECT sum(tota...')
#2 C:\xampp\htdocs\sie-jaku\vendor\codeigniter4\framework\system\Database\BaseConnection.php(620): CodeIgniter\Database\BaseConnection->simpleQuery('SELECT sum(tota...')
#3 C:\xampp\htdocs\sie-jaku\vendor\codeigniter4\framework\system\Database\BaseBuilder.php(1585): CodeIgniter\Database\BaseConnection->query('SELECT sum(tota...', Array, false)
#4 C:\xampp\htdocs\sie-jaku\app\Models\TransaksiModel.php(73): CodeIgniter\Database\BaseBuilder->get()
#5 C:\xampp\htdocs\sie-jaku\app\Controllers\Home.php(81): App\Models\TransaksiModel->Chartgetwhere_bulanandtahun('09', '2022')
#6 C:\xampp\htdocs\sie-jaku\vendor\codeigniter4\framework\system\CodeIgniter.php(907): App\Controllers\Home->index()
#7 C:\xampp\htdocs\sie-jaku\vendor\codeigniter4\framework\system\CodeIgniter.php(457): CodeIgniter\CodeIgniter->runController(Object(App\Controllers\Home))
#8 C:\xampp\htdocs\sie-jaku\vendor\codeigniter4\framework\system\CodeIgniter.php(340): CodeIgniter\CodeIgniter->handleRequest(NULL, Object(Config\Cache), false)
#9 C:\xampp\htdocs\sie-jaku\public\index.php(55): CodeIgniter\CodeIgniter->run()
#10 {main}
CRITICAL - 2022-09-12 20:18:38 --> Unknown column 'tgl_code' in 'field list'
in SYSTEMPATH\Database\MySQLi\Connection.php on line 292.
 1 SYSTEMPATH\Database\MySQLi\Connection.php(292): mysqli->query('SELECT sum(total_harga) as hasil_ttl, `tgl_code`, `id_jenis_kayu`, `tgl_transaksi`
FROM `db_transaksi`
WHERE `tgl_transaksi` LIKE \'%2022-09%\' ESCAPE \'!\'
GROUP BY `id_jenis_kayu`
ORDER BY `tgl_transaksi` DESC', 0)
 2 SYSTEMPATH\Database\BaseConnection.php(693): CodeIgniter\Database\MySQLi\Connection->execute('SELECT sum(total_harga) as hasil_ttl, `tgl_code`, `id_jenis_kayu`, `tgl_transaksi`
FROM `db_transaksi`
WHERE `tgl_transaksi` LIKE \'%2022-09%\' ESCAPE \'!\'
GROUP BY `id_jenis_kayu`
ORDER BY `tgl_transaksi` DESC')
 3 SYSTEMPATH\Database\BaseConnection.php(620): CodeIgniter\Database\BaseConnection->simpleQuery('SELECT sum(total_harga) as hasil_ttl, `tgl_code`, `id_jenis_kayu`, `tgl_transaksi`
FROM `db_transaksi`
WHERE `tgl_transaksi` LIKE \'%2022-09%\' ESCAPE \'!\'
GROUP BY `id_jenis_kayu`
ORDER BY `tgl_transaksi` DESC')
 4 SYSTEMPATH\Database\BaseBuilder.php(1585): CodeIgniter\Database\BaseConnection->query('SELECT sum(total_harga) as hasil_ttl, `tgl_code`, `id_jenis_kayu`, `tgl_transaksi`
FROM `db_transaksi`
WHERE `tgl_transaksi` LIKE :tgl_transaksi: ESCAPE \'!\'
GROUP BY `id_jenis_kayu`
ORDER BY `tgl_transaksi` DESC', [...], false)
 5 APPPATH\Models\TransaksiModel.php(73): CodeIgniter\Database\BaseBuilder->get()
 6 APPPATH\Controllers\Home.php(81): App\Models\TransaksiModel->Chartgetwhere_bulanandtahun('09', '2022')
 7 SYSTEMPATH\CodeIgniter.php(907): App\Controllers\Home->index()
 8 SYSTEMPATH\CodeIgniter.php(457): CodeIgniter\CodeIgniter->runController(Object(App\Controllers\Home))
 9 SYSTEMPATH\CodeIgniter.php(340): CodeIgniter\CodeIgniter->handleRequest(null, Object(Config\Cache), false)
10 FCPATH\index.php(55): CodeIgniter\CodeIgniter->run()
